#
# There is insufficient memory for the Java Runtime Environment to continue.
# Native memory allocation (malloc) failed to allocate 247136 bytes for Chunk::new
# Possible reasons:
#   The system is out of physical RAM or swap space
#   The process is running with CompressedOops enabled, and the Java Heap may be blocking the growth of the native heap
# Possible solutions:
#   Reduce memory load on the system
#   Increase physical memory or swap space
#   Check if swap backing store is full
#   Decrease Java heap size (-Xmx/-Xms)
#   Decrease number of Java threads
#   Decrease Java thread stack sizes (-Xss)
#   Set larger code cache with -XX:ReservedCodeCacheSize=
#   JVM is running with Unscaled Compressed Oops mode in which the Java heap is
#     placed in the first 4GB address space. The Java Heap base address is the
#     maximum limit for the native heap growth. Please use -XX:HeapBaseMinAddress
#     to set the Java Heap base and to place the Java Heap above 4GB virtual address.
# This output file may be truncated or incomplete.
#
#  Out of Memory Error (allocation.cpp:389), pid=8988, tid=0x0000000000002d6c
#
# JRE version: OpenJDK Runtime Environment (8.0_242-b01) (build 1.8.0_242-release-1644-b01)
# Java VM: OpenJDK 64-Bit Server VM (25.242-b01 mixed mode windows-amd64 compressed oops)
# Failed to write core dump. Minidumps are not enabled by default on client versions of Windows
#

---------------  T H R E A D  ---------------

Current thread (0x0000000019dc4000):  JavaThread "C2 CompilerThread0" daemon [_thread_in_native, id=11628, stack(0x000000001a690000,0x000000001a790000)]

Stack: [0x000000001a690000,0x000000001a790000]
[error occurred during error reporting (printing stack bounds), id 0xc0000005]

Native frames: (J=compiled Java code, j=interpreted, Vv=VM code, C=native code)


Current CompileTask:
C2:  10209 7131       4       com.sun.org.apache.xerces.internal.util.ParserConfigurationSettings::addRecognizedFeatures (56 bytes)


---------------  P R O C E S S  ---------------

Java Threads: ( => current thread )
  0x000000001f379800 JavaThread "Cache worker for execution history cache (C:\Users\Prince\AndroidStudioProjects\Artisan\.gradle\6.5\executionHistory)" [_thread_blocked, id=4836, stack(0x000000002de80000,0x000000002df80000)]
  0x000000001f380000 JavaThread "Execution worker for ':' Thread 7" [_thread_in_Java, id=6968, stack(0x000000002dd80000,0x000000002de80000)]
  0x000000001f37d000 JavaThread "Execution worker for ':' Thread 6" [_thread_blocked, id=13672, stack(0x000000002dc80000,0x000000002dd80000)]
  0x000000001f37f800 JavaThread "Execution worker for ':' Thread 5" [_thread_blocked, id=9160, stack(0x000000002db80000,0x000000002dc80000)]
  0x000000001f37e800 JavaThread "Execution worker for ':' Thread 4" [_thread_blocked, id=12180, stack(0x000000002da80000,0x000000002db80000)]
  0x000000001f37b800 JavaThread "Execution worker for ':' Thread 3" [_thread_blocked, id=14952, stack(0x000000002d980000,0x000000002da80000)]
  0x000000001f37e000 JavaThread "Execution worker for ':' Thread 2" [_thread_blocked, id=12444, stack(0x000000002d880000,0x000000002d980000)]
  0x000000001f37c800 JavaThread "Execution worker for ':'" [_thread_blocked, id=3376, stack(0x000000002d780000,0x000000002d880000)]
  0x000000001f37b000 JavaThread "Cache worker for file content cache (C:\Users\Prince\AndroidStudioProjects\Artisan\.gradle\6.5\fileContent)" [_thread_blocked, id=14424, stack(0x000000002c360000,0x000000002c460000)]
  0x000000002229d000 JavaThread "Memory manager" [_thread_blocked, id=280, stack(0x0000000024440000,0x0000000024540000)]
  0x000000002229c800 JavaThread "Cache worker for Build Output Cleanup Cache (C:\Users\Prince\AndroidStudioProjects\Artisan\.gradle\buildOutputCleanup)" [_thread_blocked, id=480, stack(0x0000000029fd0000,0x000000002a0d0000)]
  0x000000002229b000 JavaThread "jar transforms Thread 92" [_thread_blocked, id=14652, stack(0x0000000029ed0000,0x0000000029fd0000)]
  0x000000002229e800 JavaThread "jar transforms Thread 91" [_thread_blocked, id=3572, stack(0x0000000029dd0000,0x0000000029ed0000)]
  0x000000002229a000 JavaThread "jar transforms Thread 90" [_thread_blocked, id=11580, stack(0x0000000029cd0000,0x0000000029dd0000)]
  0x000000002229e000 JavaThread "jar transforms Thread 89" [_thread_blocked, id=3368, stack(0x0000000029bd0000,0x0000000029cd0000)]
  0x0000000022292800 JavaThread "jar transforms Thread 88" [_thread_blocked, id=11488, stack(0x0000000029ad0000,0x0000000029bd0000)]
  0x0000000022298800 JavaThread "jar transforms Thread 87" [_thread_blocked, id=6804, stack(0x00000000299d0000,0x0000000029ad0000)]
  0x0000000022298000 JavaThread "jar transforms Thread 86" [_thread_blocked, id=15724, stack(0x00000000298d0000,0x00000000299d0000)]
  0x0000000022297000 JavaThread "jar transforms Thread 85" [_thread_blocked, id=10424, stack(0x00000000297d0000,0x00000000298d0000)]
  0x0000000022299800 JavaThread "jar transforms Thread 84" [_thread_blocked, id=6072, stack(0x00000000296d0000,0x00000000297d0000)]
  0x000000002228f800 JavaThread "jar transforms Thread 83" [_thread_blocked, id=15936, stack(0x00000000295d0000,0x00000000296d0000)]
  0x0000000022293800 JavaThread "jar transforms Thread 82" [_thread_blocked, id=9668, stack(0x00000000294d0000,0x00000000295d0000)]
  0x0000000022295000 JavaThread "jar transforms Thread 81" [_thread_blocked, id=12556, stack(0x00000000293d0000,0x00000000294d0000)]
  0x0000000022292000 JavaThread "jar transforms Thread 80" [_thread_blocked, id=15144, stack(0x00000000292d0000,0x00000000293d0000)]
  0x0000000022295800 JavaThread "jar transforms Thread 79" [_thread_blocked, id=15432, stack(0x00000000291d0000,0x00000000292d0000)]
  0x0000000022291000 JavaThread "jar transforms Thread 78" [_thread_blocked, id=6052, stack(0x00000000290d0000,0x00000000291d0000)]
  0x0000000022294000 JavaThread "jar transforms Thread 77" [_thread_blocked, id=16196, stack(0x0000000028fd0000,0x00000000290d0000)]
  0x0000000022290800 JavaThread "jar transforms Thread 76" [_thread_blocked, id=2452, stack(0x0000000028ed0000,0x0000000028fd0000)]
  0x0000000022296800 JavaThread "jar transforms Thread 75" [_thread_blocked, id=13192, stack(0x0000000028dd0000,0x0000000028ed0000)]
  0x0000000021cc6000 JavaThread "jar transforms Thread 74" [_thread_blocked, id=15704, stack(0x0000000028cd0000,0x0000000028dd0000)]
  0x0000000021cc5800 JavaThread "jar transforms Thread 73" [_thread_blocked, id=2872, stack(0x0000000028bd0000,0x0000000028cd0000)]
  0x0000000021cc4800 JavaThread "jar transforms Thread 72" [_thread_blocked, id=8740, stack(0x0000000028ad0000,0x0000000028bd0000)]
  0x0000000021cc7000 JavaThread "jar transforms Thread 71" [_thread_blocked, id=14004, stack(0x00000000289d0000,0x0000000028ad0000)]
  0x0000000021cc4000 JavaThread "jar transforms Thread 70" [_thread_blocked, id=15160, stack(0x00000000288d0000,0x00000000289d0000)]
  0x0000000021cc3000 JavaThread "jar transforms Thread 69" [_thread_blocked, id=11448, stack(0x00000000287d0000,0x00000000288d0000)]
  0x0000000021cbb800 JavaThread "jar transforms Thread 68" [_thread_blocked, id=2716, stack(0x00000000286d0000,0x00000000287d0000)]
  0x0000000021cc2800 JavaThread "jar transforms Thread 67" [_thread_blocked, id=13620, stack(0x00000000285d0000,0x00000000286d0000)]
  0x0000000021cc1800 JavaThread "jar transforms Thread 66" [_thread_blocked, id=11732, stack(0x00000000284d0000,0x00000000285d0000)]
  0x0000000021cc0000 JavaThread "jar transforms Thread 65" [_thread_blocked, id=13584, stack(0x00000000283d0000,0x00000000284d0000)]
  0x0000000021cbc000 JavaThread "jar transforms Thread 64" [_thread_blocked, id=16148, stack(0x00000000282d0000,0x00000000283d0000)]
  0x0000000021cbf800 JavaThread "jar transforms Thread 63" [_thread_blocked, id=1832, stack(0x00000000281d0000,0x00000000282d0000)]
  0x0000000021cba000 JavaThread "jar transforms Thread 62" [_thread_blocked, id=9528, stack(0x00000000280d0000,0x00000000281d0000)]
  0x0000000021cc1000 JavaThread "jar transforms Thread 61" [_thread_blocked, id=10252, stack(0x0000000027fd0000,0x00000000280d0000)]
  0x0000000021cbe800 JavaThread "jar transforms Thread 60" [_thread_blocked, id=11028, stack(0x0000000027ed0000,0x0000000027fd0000)]
  0x0000000021cbe000 JavaThread "jar transforms Thread 59" [_thread_blocked, id=16316, stack(0x0000000027dd0000,0x0000000027ed0000)]
  0x0000000021cbd000 JavaThread "jar transforms Thread 58" [_thread_blocked, id=12576, stack(0x0000000027cd0000,0x0000000027dd0000)]
  0x0000000021cb9000 JavaThread "jar transforms Thread 57" [_thread_blocked, id=14200, stack(0x0000000027bd0000,0x0000000027cd0000)]
  0x0000000021cba800 JavaThread "jar transforms Thread 56" [_thread_blocked, id=12412, stack(0x0000000027ad0000,0x0000000027bd0000)]
  0x0000000021cb7800 JavaThread "jar transforms Thread 55" [_thread_blocked, id=12156, stack(0x00000000279d0000,0x0000000027ad0000)]
  0x0000000021cb8800 JavaThread "jar transforms Thread 54" [_thread_blocked, id=11036, stack(0x00000000278d0000,0x00000000279d0000)]
  0x0000000021cb2800 JavaThread "jar transforms Thread 53" [_thread_blocked, id=9132, stack(0x00000000277d0000,0x00000000278d0000)]
  0x0000000021cb7000 JavaThread "jar transforms Thread 52" [_thread_blocked, id=15180, stack(0x00000000276d0000,0x00000000277d0000)]
  0x0000000021cb6000 JavaThread "jar transforms Thread 51" [_thread_blocked, id=14748, stack(0x00000000275d0000,0x00000000276d0000)]
  0x0000000021cb5800 JavaThread "jar transforms Thread 50" [_thread_blocked, id=12936, stack(0x00000000274d0000,0x00000000275d0000)]
  0x0000000021cb4800 JavaThread "jar transforms Thread 49" [_thread_blocked, id=10444, stack(0x00000000273d0000,0x00000000274d0000)]
  0x0000000021cb1800 JavaThread "jar transforms Thread 48" [_thread_blocked, id=11860, stack(0x00000000272d0000,0x00000000273d0000)]
  0x0000000021cb3000 JavaThread "jar transforms Thread 47" [_thread_blocked, id=5104, stack(0x00000000271d0000,0x00000000272d0000)]
  0x0000000021cb4000 JavaThread "jar transforms Thread 46" [_thread_blocked, id=11160, stack(0x00000000270d0000,0x00000000271d0000)]
  0x0000000021caa800 JavaThread "jar transforms Thread 45" [_thread_blocked, id=13308, stack(0x0000000026fd0000,0x00000000270d0000)]
  0x0000000021caa000 JavaThread "jar transforms Thread 44" [_thread_blocked, id=9052, stack(0x0000000026ed0000,0x0000000026fd0000)]
  0x0000000021cb1000 JavaThread "jar transforms Thread 43" [_thread_blocked, id=11328, stack(0x0000000026dd0000,0x0000000026ed0000)]
  0x0000000021cae000 JavaThread "jar transforms Thread 42" [_thread_blocked, id=11764, stack(0x0000000026cd0000,0x0000000026dd0000)]
  0x0000000021caf800 JavaThread "jar transforms Thread 41" [_thread_blocked, id=15408, stack(0x0000000026bd0000,0x0000000026cd0000)]
  0x0000000021cab800 JavaThread "jar transforms Thread 40" [_thread_blocked, id=16016, stack(0x0000000026ad0000,0x0000000026bd0000)]
  0x0000000021cae800 JavaThread "jar transforms Thread 39" [_thread_blocked, id=15872, stack(0x00000000269d0000,0x0000000026ad0000)]
  0x0000000021cb0000 JavaThread "jar transforms Thread 38" [_thread_blocked, id=11920, stack(0x00000000268d0000,0x00000000269d0000)]
  0x0000000021ca9000 JavaThread "jar transforms Thread 37" [_thread_blocked, id=6068, stack(0x00000000267d0000,0x00000000268d0000)]
  0x0000000021ca7800 JavaThread "jar transforms Thread 36" [_thread_blocked, id=3164, stack(0x00000000266d0000,0x00000000267d0000)]
  0x0000000021cad000 JavaThread "jar transforms Thread 35" [_thread_blocked, id=10612, stack(0x00000000265d0000,0x00000000266d0000)]
  0x0000000021cac000 JavaThread "jar transforms Thread 34" [_thread_blocked, id=8292, stack(0x00000000264d0000,0x00000000265d0000)]
  0x0000000021ca8800 JavaThread "jar transforms Thread 33" [_thread_blocked, id=2912, stack(0x00000000263d0000,0x00000000264d0000)]
  0x00000000221e7000 JavaThread "jar transforms Thread 32" [_thread_blocked, id=8572, stack(0x00000000262d0000,0x00000000263d0000)]
  0x00000000221ee000 JavaThread "jar transforms Thread 31" [_thread_blocked, id=15752, stack(0x00000000261d0000,0x00000000262d0000)]
  0x00000000221ed000 JavaThread "jar transforms Thread 30" [_thread_blocked, id=16296, stack(0x00000000260d0000,0x00000000261d0000)]
  0x00000000221e8000 JavaThread "jar transforms Thread 29" [_thread_blocked, id=10768, stack(0x0000000025fd0000,0x00000000260d0000)]
  0x00000000221ec800 JavaThread "jar transforms Thread 28" [_thread_blocked, id=5548, stack(0x0000000025ed0000,0x0000000025fd0000)]
  0x00000000221ea000 JavaThread "jar transforms Thread 27" [_thread_blocked, id=13992, stack(0x0000000025dd0000,0x0000000025ed0000)]
  0x00000000221e9800 JavaThread "jar transforms Thread 26" [_thread_blocked, id=12676, stack(0x0000000025cd0000,0x0000000025dd0000)]
  0x00000000221eb000 JavaThread "jar transforms Thread 25" [_thread_blocked, id=11372, stack(0x0000000025bd0000,0x0000000025cd0000)]
  0x00000000221e8800 JavaThread "jar transforms Thread 24" [_thread_blocked, id=2880, stack(0x0000000025ad0000,0x0000000025bd0000)]
  0x00000000221eb800 JavaThread "jar transforms Thread 23" [_thread_blocked, id=16380, stack(0x00000000259d0000,0x0000000025ad0000)]
  0x00000000221df800 JavaThread "jar transforms Thread 22" [_thread_blocked, id=8848, stack(0x00000000258d0000,0x00000000259d0000)]
  0x00000000221e6800 JavaThread "jar transforms Thread 21" [_thread_blocked, id=12240, stack(0x00000000257d0000,0x00000000258d0000)]
  0x00000000221df000 JavaThread "jar transforms Thread 20" [_thread_blocked, id=13176, stack(0x00000000256d0000,0x00000000257d0000)]
  0x00000000221e5800 JavaThread "jar transforms Thread 19" [_thread_blocked, id=832, stack(0x00000000255d0000,0x00000000256d0000)]
  0x00000000221e5000 JavaThread "jar transforms Thread 18" [_thread_blocked, id=15412, stack(0x00000000254d0000,0x00000000255d0000)]
  0x00000000221e3800 JavaThread "jar transforms Thread 17" [_thread_blocked, id=5552, stack(0x00000000253d0000,0x00000000254d0000)]
  0x00000000221e2800 JavaThread "jar transforms Thread 16" [_thread_blocked, id=11212, stack(0x00000000252d0000,0x00000000253d0000)]
  0x00000000221e4000 JavaThread "jar transforms Thread 15" [_thread_blocked, id=5024, stack(0x00000000251d0000,0x00000000252d0000)]
  0x00000000221e1000 JavaThread "jar transforms Thread 14" [_thread_blocked, id=15836, stack(0x00000000250d0000,0x00000000251d0000)]
  0x00000000221e0800 JavaThread "jar transforms Thread 13" [_thread_blocked, id=8636, stack(0x0000000024fd0000,0x00000000250d0000)]
  0x00000000221e2000 JavaThread "jar transforms Thread 12" [_thread_blocked, id=11856, stack(0x0000000024ed0000,0x0000000024fd0000)]
  0x000000001cc84800 JavaThread "jar transforms Thread 11" [_thread_blocked, id=12112, stack(0x0000000024dd0000,0x0000000024ed0000)]
  0x000000001cc87000 JavaThread "jar transforms Thread 10" [_thread_blocked, id=3716, stack(0x0000000024cd0000,0x0000000024dd0000)]
  0x000000001cc84000 JavaThread "jar transforms Thread 9" [_thread_blocked, id=12384, stack(0x0000000024bd0000,0x0000000024cd0000)]
  0x000000001cc82800 JavaThread "jar transforms Thread 8" [_thread_blocked, id=15856, stack(0x0000000024ad0000,0x0000000024bd0000)]
  0x000000001cc86000 JavaThread "jar transforms Thread 7" [_thread_blocked, id=14640, stack(0x00000000249d0000,0x0000000024ad0000)]
  0x000000001cc87800 JavaThread "jar transforms Thread 6" [_thread_blocked, id=15824, stack(0x00000000248d0000,0x00000000249d0000)]
  0x000000001cc88800 JavaThread "jar transforms Thread 5" [_thread_blocked, id=15780, stack(0x00000000247d0000,0x00000000248d0000)]
  0x000000001cc85800 JavaThread "jar transforms Thread 4" [_thread_blocked, id=14876, stack(0x00000000246d0000,0x00000000247d0000)]
  0x000000001cc83000 JavaThread "jar transforms Thread 3" [_thread_blocked, id=4728, stack(0x00000000245d0000,0x00000000246d0000)]
  0x000000001cc7b000 JavaThread "jar transforms Thread 2" [_thread_blocked, id=8664, stack(0x0000000023b00000,0x0000000023c00000)]
  0x000000001cc81800 JavaThread "Build operations Thread 8" [_thread_blocked, id=15096, stack(0x0000000024340000,0x0000000024440000)]
  0x000000001cc81000 JavaThread "Build operations Thread 7" [_thread_blocked, id=11376, stack(0x0000000024240000,0x0000000024340000)]
  0x000000001cc80000 JavaThread "Build operations Thread 6" [_thread_blocked, id=5020, stack(0x0000000024140000,0x0000000024240000)]
  0x000000001cc7b800 JavaThread "Build operations Thread 5" [_thread_blocked, id=2756, stack(0x0000000024040000,0x0000000024140000)]
  0x000000001cc7c800 JavaThread "Build operations Thread 4" [_thread_blocked, id=5116, stack(0x0000000023f40000,0x0000000024040000)]
  0x000000001cc7e000 JavaThread "Build operations Thread 3" [_thread_blocked, id=12388, stack(0x0000000023e40000,0x0000000023f40000)]
  0x000000001cc7a000 JavaThread "Build operations Thread 2" [_thread_blocked, id=16120, stack(0x0000000023d40000,0x0000000023e40000)]
  0x000000001cc79800 JavaThread "Build operations" [_thread_blocked, id=1248, stack(0x0000000023c40000,0x0000000023d40000)]
  0x000000001ca0b000 JavaThread "Cache worker for file content cache (C:\Users\Prince\.gradle\caches\6.5\fileContent)" [_thread_blocked, id=7116, stack(0x00000000231d0000,0x00000000232d0000)]
  0x000000001ca07000 JavaThread "jar transforms" [_thread_blocked, id=7684, stack(0x00000000230d0000,0x00000000231d0000)]
  0x000000001ca0e000 JavaThread "Cache worker for execution history cache (C:\Users\Prince\.gradle\caches\6.5\executionHistory)" [_thread_blocked, id=14364, stack(0x00000000229d0000,0x0000000022ad0000)]
  0x000000001ca0d000 JavaThread "Cache worker for cache directory md-rule (C:\Users\Prince\.gradle\caches\6.5\md-rule)" [_thread_blocked, id=12672, stack(0x00000000228d0000,0x00000000229d0000)]
  0x000000001ca09800 JavaThread "Cache worker for cache directory md-supplier (C:\Users\Prince\.gradle\caches\6.5\md-supplier)" [_thread_blocked, id=12812, stack(0x00000000227d0000,0x00000000228d0000)]
  0x000000001ca08800 JavaThread "Cache worker for checksums cache (C:\Users\Prince\AndroidStudioProjects\Artisan\.gradle\checksums)" [_thread_blocked, id=3196, stack(0x0000000020080000,0x0000000020180000)]
  0x000000001ca08000 JavaThread "Cache worker for file hash cache (C:\Users\Prince\AndroidStudioProjects\Artisan\.gradle\6.5\fileHashes)" [_thread_blocked, id=14360, stack(0x0000000021410000,0x0000000021510000)]
  0x000000001ca0a000 JavaThread "Cache worker for file hash cache (C:\Users\Prince\.gradle\caches\6.5\fileHashes)" [_thread_blocked, id=9276, stack(0x000000001edb0000,0x000000001eeb0000)]
  0x000000001ca0c800 JavaThread "File lock request listener" [_thread_in_native, id=5544, stack(0x000000001ecb0000,0x000000001edb0000)]
  0x000000001c9db000 JavaThread "Cache worker for journal cache (C:\Users\Prince\.gradle\caches\journal-1)" [_thread_blocked, id=4988, stack(0x000000001ebb0000,0x000000001ecb0000)]
  0x000000001c874000 JavaThread "Thread-9" [_thread_blocked, id=14872, stack(0x000000001e8b0000,0x000000001e9b0000)]
  0x000000001c82b800 JavaThread "Stdin handler" [_thread_blocked, id=5100, stack(0x000000001e7b0000,0x000000001e8b0000)]
  0x000000001c828000 JavaThread "Asynchronous log dispatcher for DefaultDaemonConnection: socket connection from /127.0.0.1:58085 to /127.0.0.1:58086" [_thread_blocked, id=13048, stack(0x000000001e6b0000,0x000000001e7b0000)]
  0x000000001c826800 JavaThread "Daemon worker" [_thread_blocked, id=11536, stack(0x000000001e5b0000,0x000000001e6b0000)]
  0x000000001c81b000 JavaThread "Cancel handler" [_thread_blocked, id=1844, stack(0x000000001e3b0000,0x000000001e4b0000)]
  0x000000001c7c7000 JavaThread "Handler for socket connection from /127.0.0.1:58085 to /127.0.0.1:58086" [_thread_in_native, id=1988, stack(0x000000001e0b0000,0x000000001e1b0000)]
  0x000000001c753000 JavaThread "Daemon" [_thread_blocked, id=1796, stack(0x000000001dfb0000,0x000000001e0b0000)]
  0x000000001c738800 JavaThread "Daemon periodic checks" [_thread_blocked, id=3476, stack(0x000000001deb0000,0x000000001dfb0000)]
  0x000000001c736800 JavaThread "Incoming local TCP Connector on port 58085" [_thread_in_native, id=14696, stack(0x000000001dc70000,0x000000001dd70000)]
  0x000000001c6c5000 JavaThread "Daemon health stats" [_thread_blocked, id=32, stack(0x000000001d630000,0x000000001d730000)]
  0x0000000019e51800 JavaThread "Service Thread" daemon [_thread_blocked, id=9336, stack(0x000000001aa90000,0x000000001ab90000)]
  0x0000000019dcf800 JavaThread "C1 CompilerThread3" daemon [_thread_in_native, id=11704, stack(0x000000001a990000,0x000000001aa90000)]
  0x0000000019dc8000 JavaThread "C2 CompilerThread2" daemon [_thread_in_native, id=4580, stack(0x000000001a890000,0x000000001a990000)]
  0x0000000019dc7000 JavaThread "C2 CompilerThread1" daemon [_thread_in_native, id=13536, stack(0x000000001a790000,0x000000001a890000)]
=>0x0000000019dc4000 JavaThread "C2 CompilerThread0" daemon [_thread_in_native, id=11628, stack(0x000000001a690000,0x000000001a790000)]
  0x0000000019dbf000 JavaThread "Attach Listener" daemon [_thread_blocked, id=10900, stack(0x000000001a590000,0x000000001a690000)]
  0x0000000019dbe000 JavaThread "Signal Dispatcher" daemon [_thread_blocked, id=10932, stack(0x000000001a490000,0x000000001a590000)]
  0x0000000019db1000 JavaThread "Finalizer" daemon [_thread_blocked, id=16240, stack(0x000000001a290000,0x000000001a390000)]
  0x0000000017fbc800 JavaThread "Reference Handler" daemon [_thread_blocked, id=15636, stack(0x000000001a190000,0x000000001a290000)]
  0x00000000014ce000 JavaThread "main" [_thread_blocked, id=14916, stack(0x0000000002d50000,0x0000000002e50000)]

Other Threads:
  0x0000000017fb8800 VMThread [stack: 0x0000000019c90000,0x0000000019d90000] [id=1612]
  0x0000000019e52800 WatcherThread [stack: 0x000000001ab90000,0x000000001ac90000] [id=12448]

VM state:not at safepoint (normal execution)

VM Mutex/Monitor currently owned by a thread: None

heap address: 0x0000000080000000, size: 2048 MB, Compressed Oops mode: 32-bit
Narrow klass base: 0x0000000000000000, Narrow klass shift: 3
Compressed class space size: 1073741824 Address: 0x0000000100000000

Heap:
 PSYoungGen      total 208896K, used 167734K [0x00000000d5580000, 0x00000000e6a00000, 0x0000000100000000)
  eden space 188416K, 89% used [0x00000000d5580000,0x00000000df94db00,0x00000000e0d80000)
  from space 20480K, 0% used [0x00000000e5600000,0x00000000e5600000,0x00000000e6a00000)
  to   space 13824K, 0% used [0x00000000e0d80000,0x00000000e0d80000,0x00000000e1b00000)
 ParOldGen       total 69120K, used 29741K [0x0000000080000000, 0x0000000084380000, 0x00000000d5580000)
  object space 69120K, 43% used [0x0000000080000000,0x0000000081d0b780,0x0000000084380000)
 Metaspace       used 64277K, capacity 67596K, committed 67864K, reserved 1107968K
  class space    used 8914K, capacity 9517K, committed 9520K, reserved 1048576K

Card table byte_map: [0x0000000012310000,0x0000000012720000] byte_map_base: 0x0000000011f10000

Marking Bits: (ParMarkBitMap*) 0x000000006f00f030
 Begin Bits: [0x00000000131d0000, 0x00000000151d0000)
 End Bits:   [0x00000000151d0000, 0x00000000171d0000)

Polling page: 0x00000000010d0000

CodeCache: size=245760Kb used=19838Kb max_used=19838Kb free=225921Kb
 bounds [0x0000000002f50000, 0x00000000042d0000, 0x0000000011f50000]
 total_blobs=6983 nmethods=6195 adapters=700
 compilation: enabled

Compilation events (10 events):
Event: 10.163 Thread 0x0000000019dcf800 nmethod 7137 0x00000000042af1d0 code [0x00000000042af320, 0x00000000042af410]
Event: 10.163 Thread 0x0000000019dcf800 7139       3       com.google.common.collect.LinkedListMultimap$DistinctKeyIterator::checkForConcurrentModification (23 bytes)
Event: 10.164 Thread 0x0000000019dcf800 nmethod 7139 0x00000000042aecd0 code [0x00000000042aee40, 0x00000000042af0a8]
Event: 10.164 Thread 0x0000000019dcf800 7140       3       com.google.common.collect.LinkedListMultimap$ValueForKeyIterator::hasNext (13 bytes)
Event: 10.164 Thread 0x0000000019dcf800 nmethod 7140 0x00000000042ae950 code [0x00000000042aeaa0, 0x00000000042aec50]
Event: 10.165 Thread 0x0000000019dc7000 7141       4       com.sun.org.apache.xerces.internal.xni.QName::setValues (33 bytes)
Event: 10.165 Thread 0x0000000019dcf800 7142       3       com.sun.org.apache.xerces.internal.impl.XMLDocumentFragmentScannerImpl::scanEndElement (170 bytes)
Event: 10.165 Thread 0x0000000019dc7000 nmethod 7141 0x0000000003b158d0 code [0x0000000003b15a00, 0x0000000003b15a98]
Event: 10.166 Thread 0x0000000019dcf800 nmethod 7142 0x00000000042acf50 code [0x00000000042ad1c0, 0x00000000042ae228]
Event: 10.166 Thread 0x0000000019dcf800 7143       3       com.sun.org.apache.xerces.internal.impl.XMLNSDocumentScannerImpl::scanAttribute (824 bytes)

GC Heap History (10 events):
Event: 3.624 GC heap before
{Heap before GC invocations=11 (full 2):
 PSYoungGen      total 139776K, used 11003K [0x00000000d5580000, 0x00000000e2a80000, 0x0000000100000000)
  eden space 128000K, 0% used [0x00000000d5580000,0x00000000d5580000,0x00000000dd280000)
  from space 11776K, 93% used [0x00000000dd280000,0x00000000ddd3ed50,0x00000000dde00000)
  to   space 12800K, 0% used [0x00000000e1e00000,0x00000000e1e00000,0x00000000e2a80000)
 ParOldGen       total 47104K, used 6682K [0x0000000080000000, 0x0000000082e00000, 0x00000000d5580000)
  object space 47104K, 14% used [0x0000000080000000,0x0000000080686a80,0x0000000082e00000)
 Metaspace       used 34325K, capacity 35404K, committed 35496K, reserved 1079296K
  class space    used 4732K, capacity 5003K, committed 5040K, reserved 1048576K
Event: 3.695 GC heap after
Heap after GC invocations=11 (full 2):
 PSYoungGen      total 139776K, used 0K [0x00000000d5580000, 0x00000000e2a80000, 0x0000000100000000)
  eden space 128000K, 0% used [0x00000000d5580000,0x00000000d5580000,0x00000000dd280000)
  from space 11776K, 0% used [0x00000000dd280000,0x00000000dd280000,0x00000000dde00000)
  to   space 12800K, 0% used [0x00000000e1e00000,0x00000000e1e00000,0x00000000e2a80000)
 ParOldGen       total 69120K, used 17195K [0x0000000080000000, 0x0000000084380000, 0x00000000d5580000)
  object space 69120K, 24% used [0x0000000080000000,0x00000000810cad88,0x0000000084380000)
 Metaspace       used 34325K, capacity 35404K, committed 35496K, reserved 1079296K
  class space    used 4732K, capacity 5003K, committed 5040K, reserved 1048576K
}
Event: 4.522 GC heap before
{Heap before GC invocations=12 (full 2):
 PSYoungGen      total 139776K, used 128000K [0x00000000d5580000, 0x00000000e2a80000, 0x0000000100000000)
  eden space 128000K, 100% used [0x00000000d5580000,0x00000000dd280000,0x00000000dd280000)
  from space 11776K, 0% used [0x00000000dd280000,0x00000000dd280000,0x00000000dde00000)
  to   space 12800K, 0% used [0x00000000e1e00000,0x00000000e1e00000,0x00000000e2a80000)
 ParOldGen       total 69120K, used 17195K [0x0000000080000000, 0x0000000084380000, 0x00000000d5580000)
  object space 69120K, 24% used [0x0000000080000000,0x00000000810cad88,0x0000000084380000)
 Metaspace       used 39880K, capacity 41682K, committed 41768K, reserved 1085440K
  class space    used 5519K, capacity 5923K, committed 5936K, reserved 1048576K
Event: 4.530 GC heap after
Heap after GC invocations=12 (full 2):
 PSYoungGen      total 188928K, used 10347K [0x00000000d5580000, 0x00000000e2880000, 0x0000000100000000)
  eden space 178176K, 0% used [0x00000000d5580000,0x00000000d5580000,0x00000000e0380000)
  from space 10752K, 96% used [0x00000000e1e00000,0x00000000e281ad38,0x00000000e2880000)
  to   space 13824K, 0% used [0x00000000e0d80000,0x00000000e0d80000,0x00000000e1b00000)
 ParOldGen       total 69120K, used 17203K [0x0000000080000000, 0x0000000084380000, 0x00000000d5580000)
  object space 69120K, 24% used [0x0000000080000000,0x00000000810ccd88,0x0000000084380000)
 Metaspace       used 39880K, capacity 41682K, committed 41768K, reserved 1085440K
  class space    used 5519K, capacity 5923K, committed 5936K, reserved 1048576K
}
Event: 6.141 GC heap before
{Heap before GC invocations=13 (full 2):
 PSYoungGen      total 188928K, used 188523K [0x00000000d5580000, 0x00000000e2880000, 0x0000000100000000)
  eden space 178176K, 100% used [0x00000000d5580000,0x00000000e0380000,0x00000000e0380000)
  from space 10752K, 96% used [0x00000000e1e00000,0x00000000e281ad38,0x00000000e2880000)
  to   space 13824K, 0% used [0x00000000e0d80000,0x00000000e0d80000,0x00000000e1b00000)
 ParOldGen       total 69120K, used 17203K [0x0000000080000000, 0x0000000084380000, 0x00000000d5580000)
  object space 69120K, 24% used [0x0000000080000000,0x00000000810ccd88,0x0000000084380000)
 Metaspace       used 56083K, capacity 58472K, committed 58664K, reserved 1099776K
  class space    used 7675K, capacity 8179K, committed 8240K, reserved 1048576K
Event: 6.162 GC heap after
Heap after GC invocations=13 (full 2):
 PSYoungGen      total 202240K, used 13793K [0x00000000d5580000, 0x00000000e6a00000, 0x0000000100000000)
  eden space 188416K, 0% used [0x00000000d5580000,0x00000000d5580000,0x00000000e0d80000)
  from space 13824K, 99% used [0x00000000e0d80000,0x00000000e1af86d0,0x00000000e1b00000)
  to   space 20480K, 0% used [0x00000000e5600000,0x00000000e5600000,0x00000000e6a00000)
 ParOldGen       total 69120K, used 31053K [0x0000000080000000, 0x0000000084380000, 0x00000000d5580000)
  object space 69120K, 44% used [0x0000000080000000,0x0000000081e53548,0x0000000084380000)
 Metaspace       used 56083K, capacity 58472K, committed 58664K, reserved 1099776K
  class space    used 7675K, capacity 8179K, committed 8240K, reserved 1048576K
}
Event: 6.263 GC heap before
{Heap before GC invocations=14 (full 2):
 PSYoungGen      total 202240K, used 23701K [0x00000000d5580000, 0x00000000e6a00000, 0x0000000100000000)
  eden space 188416K, 5% used [0x00000000d5580000,0x00000000d5f2cfa8,0x00000000e0d80000)
  from space 13824K, 99% used [0x00000000e0d80000,0x00000000e1af86d0,0x00000000e1b00000)
  to   space 20480K, 0% used [0x00000000e5600000,0x00000000e5600000,0x00000000e6a00000)
 ParOldGen       total 69120K, used 31053K [0x0000000080000000, 0x0000000084380000, 0x00000000d5580000)
  object space 69120K, 44% used [0x0000000080000000,0x0000000081e53548,0x0000000084380000)
 Metaspace       used 56722K, capacity 59102K, committed 59160K, reserved 1099776K
  class space    used 7770K, capacity 8218K, committed 8240K, reserved 1048576K
Event: 6.274 GC heap after
Heap after GC invocations=14 (full 2):
 PSYoungGen      total 208896K, used 992K [0x00000000d5580000, 0x00000000e6a00000, 0x0000000100000000)
  eden space 188416K, 0% used [0x00000000d5580000,0x00000000d5580000,0x00000000e0d80000)
  from space 20480K, 4% used [0x00000000e5600000,0x00000000e56f8000,0x00000000e6a00000)
  to   space 13824K, 0% used [0x00000000e0d80000,0x00000000e0d80000,0x00000000e1b00000)
 ParOldGen       total 69120K, used 42228K [0x0000000080000000, 0x0000000084380000, 0x00000000d5580000)
  object space 69120K, 61% used [0x0000000080000000,0x000000008293d248,0x0000000084380000)
 Metaspace       used 56722K, capacity 59102K, committed 59160K, reserved 1099776K
  class space    used 7770K, capacity 8218K, committed 8240K, reserved 1048576K
}
Event: 6.274 GC heap before
{Heap before GC invocations=15 (full 3):
 PSYoungGen      total 208896K, used 992K [0x00000000d5580000, 0x00000000e6a00000, 0x0000000100000000)
  eden space 188416K, 0% used [0x00000000d5580000,0x00000000d5580000,0x00000000e0d80000)
  from space 20480K, 4% used [0x00000000e5600000,0x00000000e56f8000,0x00000000e6a00000)
  to   space 13824K, 0% used [0x00000000e0d80000,0x00000000e0d80000,0x00000000e1b00000)
 ParOldGen       total 69120K, used 42228K [0x0000000080000000, 0x0000000084380000, 0x00000000d5580000)
  object space 69120K, 61% used [0x0000000080000000,0x000000008293d248,0x0000000084380000)
 Metaspace       used 56722K, capacity 59102K, committed 59160K, reserved 1099776K
  class space    used 7770K, capacity 8218K, committed 8240K, reserved 1048576K
Event: 6.476 GC heap after
Heap after GC invocations=15 (full 3):
 PSYoungGen      total 208896K, used 0K [0x00000000d5580000, 0x00000000e6a00000, 0x0000000100000000)
  eden space 188416K, 0% used [0x00000000d5580000,0x00000000d5580000,0x00000000e0d80000)
  from space 20480K, 0% used [0x00000000e5600000,0x00000000e5600000,0x00000000e6a00000)
  to   space 13824K, 0% used [0x00000000e0d80000,0x00000000e0d80000,0x00000000e1b00000)
 ParOldGen       total 69120K, used 29741K [0x0000000080000000, 0x0000000084380000, 0x00000000d5580000)
  object space 69120K, 43% used [0x0000000080000000,0x0000000081d0b780,0x0000000084380000)
 Metaspace       used 56677K, capacity 58952K, committed 59160K, reserved 1099776K
  class space    used 7756K, capacity 8193K, committed 8240K, reserved 1048576K
}

Deoptimization events (10 events):
Event: 7.397 Thread 0x000000001f37e800 Uncommon trap: reason=unstable_if action=reinterpret pc=0x00000000031f613c method=com.esotericsoftware.kryo.io.Input.readString()Ljava/lang/String; @ 38
Event: 7.415 Thread 0x000000001cc7a000 Uncommon trap: reason=bimorphic action=maybe_recompile pc=0x0000000003c2e58c method=java.util.concurrent.ConcurrentHashMap.putVal(Ljava/lang/Object;Ljava/lang/Object;Z)Ljava/lang/Object; @ 192
Event: 7.440 Thread 0x000000001cc7e000 Uncommon trap: reason=unstable_if action=reinterpret pc=0x0000000003c2e438 method=java.util.concurrent.ConcurrentHashMap.putVal(Ljava/lang/Object;Ljava/lang/Object;Z)Ljava/lang/Object; @ 98
Event: 7.485 Thread 0x000000001cc7b800 Uncommon trap: reason=unstable_if action=reinterpret pc=0x00000000031f13bc method=java.lang.String$CaseInsensitiveComparator.compare(Ljava/lang/String;Ljava/lang/String;)I @ 70
Event: 7.569 Thread 0x000000001ca0e000 Uncommon trap: reason=unstable_if action=reinterpret pc=0x000000000351c57c method=com.esotericsoftware.kryo.io.Input.readVarInt(Z)I @ 42
Event: 7.575 Thread 0x000000001ca0e000 Uncommon trap: reason=unstable_if action=reinterpret pc=0x00000000035203e8 method=com.esotericsoftware.kryo.io.Input.readVarInt(Z)I @ 42
Event: 10.025 Thread 0x000000001f380000 Uncommon trap: reason=unstable_if action=reinterpret pc=0x00000000031e637c method=sun.nio.cs.UTF_8$Decoder.decode([BII[C)I @ 30
Event: 10.025 Thread 0x000000001f380000 Uncommon trap: reason=unstable_if action=reinterpret pc=0x0000000003cfa4c0 method=java.lang.StringCoding.safeTrim([CILjava/nio/charset/Charset;Z)[C @ 3
Event: 10.033 Thread 0x000000001f380000 Uncommon trap: reason=unstable_if action=reinterpret pc=0x0000000003cefab4 method=java.lang.StringCoding.safeTrim([CILjava/nio/charset/Charset;Z)[C @ 3
Event: 10.053 Thread 0x000000001f380000 Uncommon trap: reason=unstable_if action=reinterpret pc=0x0000000003ceb8a8 method=java.lang.StringCoding.safeTrim([CILjava/nio/charset/Charset;Z)[C @ 3

Classes redefined (0 events):
No events

Internal exceptions (10 events):
Event: 7.437 Thread 0x000000001cc81800 Exception <a 'java/lang/NoSuchMethodError': java.lang.Object.lambda$flatMap$3(Ljava/util/function/Function;)Lorg/gradle/internal/Try;> (0x00000000dac25198) thrown at [C:\src\AOSP-openjdk-git\hotspot\src\share\vm\interpreter\linkResolver.cpp, line 620]
Event: 7.480 Thread 0x000000001cc81800 Exception <a 'java/lang/NoSuchMethodError': java.lang.Object.lambda$flatMap$2(Ljava/util/function/Function;Ljava/lang/Object;)Lorg/gradle/internal/Try;> (0x00000000db342720) thrown at [C:\src\AOSP-openjdk-git\hotspot\src\share\vm\interpreter\linkResolver.
Event: 7.480 Thread 0x000000001cc7a000 Exception <a 'java/lang/NoSuchMethodError': java.lang.Object.lambda$flatMap$2(Ljava/util/function/Function;Ljava/lang/Object;)Lorg/gradle/internal/Try;> (0x00000000db182b88) thrown at [C:\src\AOSP-openjdk-git\hotspot\src\share\vm\interpreter\linkResolver.
Event: 7.480 Thread 0x000000001cc80000 Exception <a 'java/lang/NoSuchMethodError': java.lang.Object.lambda$flatMap$2(Ljava/util/function/Function;Ljava/lang/Object;)Lorg/gradle/internal/Try;> (0x00000000db055da0) thrown at [C:\src\AOSP-openjdk-git\hotspot\src\share\vm\interpreter\linkResolver.
Event: 7.480 Thread 0x000000001cc7c800 Exception <a 'java/lang/NoSuchMethodError': java.lang.Object.lambda$flatMap$2(Ljava/util/function/Function;Ljava/lang/Object;)Lorg/gradle/internal/Try;> (0x00000000daed1d40) thrown at [C:\src\AOSP-openjdk-git\hotspot\src\share\vm\interpreter\linkResolver.
Event: 7.480 Thread 0x000000001cc7e000 Exception <a 'java/lang/NoSuchMethodError': java.lang.Object.lambda$flatMap$2(Ljava/util/function/Function;Ljava/lang/Object;)Lorg/gradle/internal/Try;> (0x00000000db2a9618) thrown at [C:\src\AOSP-openjdk-git\hotspot\src\share\vm\interpreter\linkResolver.
Event: 7.480 Thread 0x000000001cc79800 Exception <a 'java/lang/NoSuchMethodError': java.lang.Object.lambda$flatMap$2(Ljava/util/function/Function;Ljava/lang/Object;)Lorg/gradle/internal/Try;> (0x00000000db25a8b0) thrown at [C:\src\AOSP-openjdk-git\hotspot\src\share\vm\interpreter\linkResolver.
Event: 7.480 Thread 0x000000001cc7b800 Exception <a 'java/lang/NoSuchMethodError': java.lang.Object.lambda$flatMap$2(Ljava/util/function/Function;Ljava/lang/Object;)Lorg/gradle/internal/Try;> (0x00000000db2f4fe0) thrown at [C:\src\AOSP-openjdk-git\hotspot\src\share\vm\interpreter\linkResolver.
Event: 7.480 Thread 0x000000001cc81000 Exception <a 'java/lang/NoSuchMethodError': java.lang.Object.lambda$flatMap$2(Ljava/util/function/Function;Ljava/lang/Object;)Lorg/gradle/internal/Try;> (0x00000000db0a0068) thrown at [C:\src\AOSP-openjdk-git\hotspot\src\share\vm\interpreter\linkResolver.
Event: 9.680 Thread 0x000000001f380000 Exception <a 'java/lang/NoSuchMethodError': java.lang.Object.lambda$flatMap$0(Ljava/lang/Throwable;)Lorg/gradle/api/internal/artifacts/transform/CacheableInvocation;> (0x00000000dd942c80) thrown at [C:\src\AOSP-openjdk-git\hotspot\src\share\vm\interpreter

Events (10 events):
Event: 10.161 loading class com/google/common/collect/Maps$3
Event: 10.161 loading class com/google/common/collect/Maps$3 done
Event: 10.161 loading class com/google/common/collect/TransformedIterator
Event: 10.161 loading class com/google/common/collect/TransformedIterator done
Event: 10.162 loading class com/google/common/collect/LinkedListMultimap$DistinctKeyIterator
Event: 10.162 loading class com/google/common/collect/LinkedListMultimap$DistinctKeyIterator done
Event: 10.162 loading class com/google/common/collect/LinkedListMultimap$1
Event: 10.162 loading class com/google/common/collect/LinkedListMultimap$1 done
Event: 10.162 loading class com/google/common/collect/LinkedListMultimap$ValueForKeyIterator
Event: 10.162 loading class com/google/common/collect/LinkedListMultimap$ValueForKeyIterator done


Dynamic libraries:
0x00007ff73e710000 - 0x00007ff73e741000 	F:\Android Studio\jre\bin\java.exe
0x00007fffa4140000 - 0x00007fffa4330000 	C:\Windows\SYSTEM32\ntdll.dll
0x00007fffa35f0000 - 0x00007fffa36a2000 	C:\Windows\System32\KERNEL32.DLL
0x00007fffa1b20000 - 0x00007fffa1dc5000 	C:\Windows\System32\KERNELBASE.dll
0x00007fffa3f70000 - 0x00007fffa4013000 	C:\Windows\System32\ADVAPI32.dll
0x00007fffa24f0000 - 0x00007fffa258e000 	C:\Windows\System32\msvcrt.dll
0x00007fffa3e20000 - 0x00007fffa3eb7000 	C:\Windows\System32\sechost.dll
0x00007fffa21f0000 - 0x00007fffa2310000 	C:\Windows\System32\RPCRT4.dll
0x00007fffa3810000 - 0x00007fffa39a4000 	C:\Windows\System32\USER32.dll
0x00007fffa1210000 - 0x00007fffa1231000 	C:\Windows\System32\win32u.dll
0x00007fffa3ec0000 - 0x00007fffa3ee6000 	C:\Windows\System32\GDI32.dll
0x00007fffa1fe0000 - 0x00007fffa2176000 	C:\Windows\System32\gdi32full.dll
0x00007fffa10c0000 - 0x00007fffa115e000 	C:\Windows\System32\msvcp_win.dll
0x00007fffa1dd0000 - 0x00007fffa1eca000 	C:\Windows\System32\ucrtbase.dll
0x00007fff8ad30000 - 0x00007fff8afb4000 	C:\Windows\WinSxS\amd64_microsoft.windows.common-controls_6595b64144ccf1df_6.0.18362.1198_none_9e820b57e45ad92f\COMCTL32.dll
0x00007fffa3290000 - 0x00007fffa35c5000 	C:\Windows\System32\combase.dll
0x00007fffa1190000 - 0x00007fffa1210000 	C:\Windows\System32\bcryptPrimitives.dll
0x00007fffa24c0000 - 0x00007fffa24ee000 	C:\Windows\System32\IMM32.DLL
0x000000006de10000 - 0x000000006dee2000 	F:\Android Studio\jre\jre\bin\msvcr100.dll
0x000000006e840000 - 0x000000006f08b000 	F:\Android Studio\jre\jre\bin\server\jvm.dll
0x00007fffa2e60000 - 0x00007fffa2e68000 	C:\Windows\System32\PSAPI.DLL
0x00007fff99ff0000 - 0x00007fff99ff9000 	C:\Windows\SYSTEM32\WSOCK32.dll
0x00007fff945a0000 - 0x00007fff945aa000 	C:\Windows\SYSTEM32\VERSION.dll
0x00007fff9d640000 - 0x00007fff9d664000 	C:\Windows\SYSTEM32\WINMM.dll
0x00007fffa3ef0000 - 0x00007fffa3f5f000 	C:\Windows\System32\WS2_32.dll
0x00007fff9d610000 - 0x00007fff9d63d000 	C:\Windows\SYSTEM32\WINMMBASE.dll
0x00007fffa2180000 - 0x00007fffa21ca000 	C:\Windows\System32\cfgmgr32.dll
0x00007fff98fd0000 - 0x00007fff98fdf000 	F:\Android Studio\jre\jre\bin\verify.dll
0x00007fff91690000 - 0x00007fff916b9000 	F:\Android Studio\jre\jre\bin\java.dll
0x00007fff91f50000 - 0x00007fff91f66000 	F:\Android Studio\jre\jre\bin\zip.dll
0x00007fffa2610000 - 0x00007fffa2cf7000 	C:\Windows\System32\SHELL32.dll
0x00007fffa36b0000 - 0x00007fffa3759000 	C:\Windows\System32\shcore.dll
0x00007fffa1390000 - 0x00007fffa1b11000 	C:\Windows\System32\windows.storage.dll
0x00007fffa1090000 - 0x00007fffa10b3000 	C:\Windows\System32\profapi.dll
0x00007fffa1000000 - 0x00007fffa104a000 	C:\Windows\System32\powrprof.dll
0x00007fffa0ff0000 - 0x00007fffa1000000 	C:\Windows\System32\UMPDC.dll
0x00007fffa4020000 - 0x00007fffa4072000 	C:\Windows\System32\shlwapi.dll
0x00007fffa1050000 - 0x00007fffa1061000 	C:\Windows\System32\kernel.appcore.dll
0x00007fffa21d0000 - 0x00007fffa21e7000 	C:\Windows\System32\cryptsp.dll
0x00007fff91630000 - 0x00007fff9164a000 	F:\Android Studio\jre\jre\bin\net.dll
0x00007fffa0840000 - 0x00007fffa08a7000 	C:\Windows\system32\mswsock.dll
0x00007fff8f310000 - 0x00007fff8f323000 	F:\Android Studio\jre\jre\bin\nio.dll
0x00007fff99fb0000 - 0x00007fff99fd7000 	C:\Users\Prince\.gradle\native\f6784746aeab05261644944871eae4fe03e0ef1612fff0a4a95f87b438bc6780\windows-amd64\native-platform.dll
0x00007fff93840000 - 0x00007fff9384d000 	F:\Android Studio\jre\jre\bin\management.dll
0x00007fffa03b0000 - 0x00007fffa03e3000 	C:\Windows\system32\rsaenh.dll
0x00007fffa1160000 - 0x00007fffa1186000 	C:\Windows\System32\bcrypt.dll
0x00007fffa0ed0000 - 0x00007fffa0ef5000 	C:\Windows\SYSTEM32\USERENV.dll
0x00007fffa0a10000 - 0x00007fffa0a1c000 	C:\Windows\SYSTEM32\CRYPTBASE.dll
0x00007fffa0550000 - 0x00007fffa058a000 	C:\Windows\SYSTEM32\IPHLPAPI.DLL
0x00007fffa3f60000 - 0x00007fffa3f68000 	C:\Windows\System32\NSI.dll
0x00007fff9f8e0000 - 0x00007fff9f8f6000 	C:\Windows\SYSTEM32\dhcpcsvc6.DLL
0x00007fff9f8c0000 - 0x00007fff9f8dc000 	C:\Windows\SYSTEM32\dhcpcsvc.DLL
0x00007fffa05a0000 - 0x00007fffa066b000 	C:\Windows\SYSTEM32\DNSAPI.dll
0x00007fff9efb0000 - 0x00007fff9efbb000 	C:\Windows\SYSTEM32\WINNSI.DLL

VM Arguments:
jvm_args: -Xmx2048m -Dfile.encoding=UTF-8 -Duser.country=US -Duser.language=en -Duser.variant 
java_command: org.gradle.launcher.daemon.bootstrap.GradleDaemon 6.5
java_class_path (initial): C:\Users\Prince\.gradle\wrapper\dists\gradle-6.5-all\2oz4ud9k3tuxjg84bbf55q0tn\gradle-6.5\lib\gradle-launcher-6.5.jar
Launcher Type: SUN_STANDARD

Environment Variables:
PATH=C:\Program Files\Common Files\Oracle\Java\javapath;F:\bin;F:\VMware\bin\;C:\Program Files\NVIDIA GPU Computing Toolkit\CUDA\v11.0\bin;C:\Program Files\NVIDIA GPU Computing Toolkit\CUDA\v11.0\libnvvp;C:\Program Files (x86)\Common Files\Intel\Shared Libraries\redist\intel64_win\compiler;C:\ProgramData\Oracle\Java\javapath;C:\Windows\system32;C:\Windows;C:\Windows\System32\Wbem;C:\Windows\System32\WindowsPowerShell\v1.0\;C:\Windows\System32\OpenSSH\;C:\Program Files\NVIDIA Corporation\NVIDIA NvDLISR;C:\Program Files (x86)\NVIDIA Corporation\PhysX\Common;C:\Program Files\NVIDIA Corporation\Nsight Compute 2020.1.2\;C:\Program Files\Git\cmd;C:\Program Files\PuTTY\;C:\Program Files\Amazon\AWSCLIV2\;C:\Program Files\nodejs\;C:\Users\Prince\.amplify\bin;C:\Users\Prince\.amplify\bin;F:\Anaconda;F:\Anaconda\Library\mingw-w64\bin;F:\Anaconda\Library\usr\bin;F:\Anaconda\Library\bin;F:\Anaconda\Scripts;C:\Users\Prince\AppData\Local\Programs\Python\Python38-32\Scripts\;C:\Users\Prince\AppData\Local\Programs\Python\Python38-32\;C:\Users\Prince\AppData\Local\Microsoft\WindowsApps;F:\Pycharm\PyCharm Community Edition 2020.2.2\bin;;F:\Microsoft VS Code\bin;C:\Users\Prince\AppData\Roaming\npm
USERNAME=Prince
OS=Windows_NT
PROCESSOR_IDENTIFIER=Intel64 Family 6 Model 142 Stepping 10, GenuineIntel



---------------  S Y S T E M  ---------------

OS: Windows 10.0 , 64 bit Build 18362 (10.0.18362.1110)

CPU:total 8 (initial active 8) (4 cores per cpu, 2 threads per core) family 6 model 142 stepping 10, cmov, cx8, fxsr, mmx, sse, sse2, sse3, ssse3, sse4.1, sse4.2, popcnt, avx, avx2, aes, clmul, erms, 3dnowpref, lzcnt, ht, tsc, tscinvbit, bmi1, bmi2, adx

Memory: 4k page, physical 8301584k(614432k free), swap 12495888k(1156k free)

vm_info: OpenJDK 64-Bit Server VM (25.242-b01) for windows-amd64 JRE (1.8.0_242-release-1644-b01), built by "builder" with MS VC++ 10.0 (VS2010)

time: Thu Jul 29 10:21:57 2021
timezone: India Standard Time
elapsed time: 10 seconds (0d 0h 0m 10s)

