#
# There is insufficient memory for the Java Runtime Environment to continue.
# Native memory allocation (malloc) failed to allocate 3062416 bytes for Chunk::new
# Possible reasons:
#   The system is out of physical RAM or swap space
#   The process is running with CompressedOops enabled, and the Java Heap may be blocking the growth of the native heap
# Possible solutions:
#   Reduce memory load on the system
#   Increase physical memory or swap space
#   Check if swap backing store is full
#   Decrease Java heap size (-Xmx/-Xms)
#   Decrease number of Java threads
#   Decrease Java thread stack sizes (-Xss)
#   Set larger code cache with -XX:ReservedCodeCacheSize=
#   JVM is running with Unscaled Compressed Oops mode in which the Java heap is
#     placed in the first 4GB address space. The Java Heap base address is the
#     maximum limit for the native heap growth. Please use -XX:HeapBaseMinAddress
#     to set the Java Heap base and to place the Java Heap above 4GB virtual address.
# This output file may be truncated or incomplete.
#
#  Out of Memory Error (allocation.cpp:389), pid=13224, tid=0x0000000000002fb4
#
# JRE version: OpenJDK Runtime Environment (8.0_242-b01) (build 1.8.0_242-release-1644-b01)
# Java VM: OpenJDK 64-Bit Server VM (25.242-b01 mixed mode windows-amd64 compressed oops)
# Failed to write core dump. Minidumps are not enabled by default on client versions of Windows
#

---------------  T H R E A D  ---------------

Current thread (0x0000000019d0e000):  JavaThread "C2 CompilerThread2" daemon [_thread_in_native, id=12212, stack(0x000000001a7d0000,0x000000001a8d0000)]

Stack: [0x000000001a7d0000,0x000000001a8d0000]
[error occurred during error reporting (printing stack bounds), id 0xc0000005]

Native frames: (J=compiled Java code, j=interpreted, Vv=VM code, C=native code)


Current CompileTask:
C2:3355716 17075       4       org.gradle.internal.instantiation.generator.AbstractClassGenerator$InjectionAnnotationValidator::validateMethod (502 bytes)


---------------  P R O C E S S  ---------------

Java Threads: ( => current thread )
  0x000000001b3af000 JavaThread "WorkerExecutor Queue Thread 16" [_thread_blocked, id=15316, stack(0x0000000032b10000,0x0000000032c10000)]
  0x0000000019f16000 JavaThread "WorkerExecutor Queue Thread 15" [_thread_blocked, id=4196, stack(0x0000000032a10000,0x0000000032b10000)]
  0x0000000019f10800 JavaThread "WorkerExecutor Queue Thread 14" [_thread_blocked, id=5840, stack(0x0000000032910000,0x0000000032a10000)]
  0x0000000019f13000 JavaThread "WorkerExecutor Queue Thread 13" [_thread_blocked, id=5016, stack(0x0000000032810000,0x0000000032910000)]
  0x0000000019f14800 JavaThread "WorkerExecutor Queue Thread 12" [_thread_blocked, id=12976, stack(0x0000000032710000,0x0000000032810000)]
  0x0000000019f12000 JavaThread "WorkerExecutor Queue Thread 11" [_thread_blocked, id=12428, stack(0x0000000032610000,0x0000000032710000)]
  0x000000002386e000 JavaThread "WorkerExecutor Queue Thread 10" [_thread_blocked, id=15412, stack(0x0000000032510000,0x0000000032610000)]
  0x0000000023875000 JavaThread "ForkJoinPool.commonPool-worker-3" daemon [_thread_blocked, id=12452, stack(0x0000000032410000,0x0000000032510000)]
  0x0000000023874000 JavaThread "ForkJoinPool.commonPool-worker-2" daemon [_thread_blocked, id=15816, stack(0x0000000030bc0000,0x0000000030cc0000)]
  0x0000000023873800 JavaThread "ForkJoinPool.commonPool-worker-1" daemon [_thread_blocked, id=8120, stack(0x00000000307c0000,0x00000000308c0000)]
  0x000000002386c000 JavaThread "Cache worker for Java compile cache (C:\Users\Prince\AndroidStudioProjects\Artisan\.gradle\6.5\javaCompile)" [_thread_blocked, id=7740, stack(0x00000000306c0000,0x00000000307c0000)]
  0x0000000023872800 JavaThread "Cache worker for Java compile cache (C:\Users\Prince\.gradle\caches\6.5\javaCompile)" [_thread_blocked, id=11740, stack(0x00000000305c0000,0x00000000306c0000)]
  0x0000000023876800 JavaThread "stdout" [_thread_in_native, id=8988, stack(0x0000000031f10000,0x0000000032010000)]
  0x0000000023875800 JavaThread "stderr" [_thread_in_native, id=9768, stack(0x0000000031e10000,0x0000000031f10000)]
  0x000000002386b000 JavaThread "stdout" [_thread_in_native, id=11292, stack(0x0000000031d10000,0x0000000031e10000)]
  0x0000000023872000 JavaThread "stderr" [_thread_in_native, id=4376, stack(0x0000000031c10000,0x0000000031d10000)]
  0x0000000023871000 JavaThread "stdout" [_thread_in_native, id=5024, stack(0x0000000031b10000,0x0000000031c10000)]
  0x0000000023870800 JavaThread "stderr" [_thread_in_native, id=16228, stack(0x0000000031a10000,0x0000000031b10000)]
  0x0000000023869000 JavaThread "stdout" [_thread_in_native, id=14608, stack(0x0000000031910000,0x0000000031a10000)]
  0x000000002386d800 JavaThread "stderr" [_thread_in_native, id=10612, stack(0x0000000031810000,0x0000000031910000)]
  0x000000002386a800 JavaThread "stdout" [_thread_in_native, id=9668, stack(0x0000000031710000,0x0000000031810000)]
  0x000000002386f800 JavaThread "stderr" [_thread_in_native, id=8692, stack(0x0000000031610000,0x0000000031710000)]
  0x000000002386f000 JavaThread "stdout" [_thread_in_native, id=8660, stack(0x0000000031510000,0x0000000031610000)]
  0x0000000023868000 JavaThread "stderr" [_thread_in_native, id=13404, stack(0x0000000031410000,0x0000000031510000)]
  0x000000002386c800 JavaThread "stdout" [_thread_in_native, id=13356, stack(0x0000000031310000,0x0000000031410000)]
  0x0000000023867800 JavaThread "stderr" [_thread_in_native, id=15244, stack(0x0000000031210000,0x0000000031310000)]
  0x0000000023869800 JavaThread "pool-6-thread-1" [_thread_blocked, id=13604, stack(0x0000000030cc0000,0x0000000030dc0000)]
  0x0000000019f10000 JavaThread "WorkerExecutor Queue Thread 4" [_thread_in_native, id=15976, stack(0x00000000308c0000,0x00000000309c0000)]
  0x0000000019f08800 JavaThread "Cache worker for execution history cache (C:\Users\Prince\AndroidStudioProjects\Artisan\.gradle\6.5\executionHistory)" [_thread_blocked, id=12184, stack(0x00000000302c0000,0x00000000303c0000)]
  0x0000000019f0f000 JavaThread "Execution worker for ':' Thread 7" [_thread_blocked, id=12560, stack(0x00000000301c0000,0x00000000302c0000)]
  0x0000000019f0e800 JavaThread "Execution worker for ':' Thread 6" [_thread_blocked, id=8060, stack(0x00000000300c0000,0x00000000301c0000)]
  0x0000000019f07000 JavaThread "Execution worker for ':' Thread 5" [_thread_blocked, id=8780, stack(0x000000002ffc0000,0x00000000300c0000)]
  0x0000000019f0d800 JavaThread "Execution worker for ':' Thread 4" [_thread_blocked, id=15388, stack(0x000000002fec0000,0x000000002ffc0000)]
  0x0000000019f0d000 JavaThread "Execution worker for ':' Thread 3" [_thread_blocked, id=12208, stack(0x000000002dd90000,0x000000002de90000)]
  0x0000000019f0c000 JavaThread "Execution worker for ':' Thread 2" [_thread_blocked, id=11140, stack(0x000000002da80000,0x000000002db80000)]
  0x0000000019f0b800 JavaThread "Execution worker for ':'" [_thread_blocked, id=15452, stack(0x000000002d690000,0x000000002d790000)]
  0x0000000019f0a800 JavaThread "Cache worker for file content cache (C:\Users\Prince\AndroidStudioProjects\Artisan\.gradle\6.5\fileContent)" [_thread_blocked, id=8572, stack(0x000000002ae60000,0x000000002af60000)]
  0x0000000019f0a000 JavaThread "Cache worker for Build Output Cleanup Cache (C:\Users\Prince\AndroidStudioProjects\Artisan\.gradle\buildOutputCleanup)" [_thread_blocked, id=6480, stack(0x000000002ad60000,0x000000002ae60000)]
  0x0000000019f07800 JavaThread "jar transforms Thread 276" [_thread_blocked, id=7460, stack(0x000000002ac60000,0x000000002ad60000)]
  0x0000000019f09000 JavaThread "jar transforms Thread 275" [_thread_blocked, id=6104, stack(0x000000002aa60000,0x000000002ab60000)]
  0x000000001b613800 JavaThread "jar transforms Thread 274" [_thread_blocked, id=3280, stack(0x000000002a960000,0x000000002aa60000)]
  0x000000001b619800 JavaThread "jar transforms Thread 273" [_thread_blocked, id=15312, stack(0x000000002a860000,0x000000002a960000)]
  0x000000001b619000 JavaThread "jar transforms Thread 272" [_thread_blocked, id=5548, stack(0x000000002a760000,0x000000002a860000)]
  0x000000001b618000 JavaThread "jar transforms Thread 271" [_thread_blocked, id=5136, stack(0x000000002a660000,0x000000002a760000)]
  0x000000001b617800 JavaThread "jar transforms Thread 270" [_thread_blocked, id=11636, stack(0x000000002a560000,0x000000002a660000)]
  0x000000001b616800 JavaThread "jar transforms Thread 269" [_thread_blocked, id=10952, stack(0x000000002a460000,0x000000002a560000)]
  0x000000001b615000 JavaThread "jar transforms Thread 268" [_thread_blocked, id=15620, stack(0x000000002a360000,0x000000002a460000)]
  0x000000001b614000 JavaThread "jar transforms Thread 267" [_thread_blocked, id=13916, stack(0x000000002a260000,0x000000002a360000)]
  0x000000001b612800 JavaThread "jar transforms Thread 266" [_thread_blocked, id=12104, stack(0x000000002a160000,0x000000002a260000)]
  0x000000001b616000 JavaThread "jar transforms Thread 265" [_thread_blocked, id=15624, stack(0x000000002a060000,0x000000002a160000)]
  0x000000001d086000 JavaThread "jar transforms Thread 264" [_thread_blocked, id=15928, stack(0x0000000029f60000,0x000000002a060000)]
  0x000000001d085800 JavaThread "jar transforms Thread 263" [_thread_blocked, id=4988, stack(0x0000000029e60000,0x0000000029f60000)]
  0x000000001d084800 JavaThread "jar transforms Thread 262" [_thread_blocked, id=15048, stack(0x0000000029d60000,0x0000000029e60000)]
  0x000000001d084000 JavaThread "jar transforms Thread 261" [_thread_blocked, id=15260, stack(0x0000000029c60000,0x0000000029d60000)]
  0x000000001d087000 JavaThread "jar transforms Thread 260" [_thread_blocked, id=12592, stack(0x0000000029b60000,0x0000000029c60000)]
  0x000000001d07c800 JavaThread "jar transforms Thread 259" [_thread_blocked, id=12940, stack(0x0000000029a60000,0x0000000029b60000)]
  0x000000001d081800 JavaThread "jar transforms Thread 258" [_thread_blocked, id=15268, stack(0x0000000029960000,0x0000000029a60000)]
  0x000000001d081000 JavaThread "jar transforms Thread 257" [_thread_blocked, id=4032, stack(0x0000000029860000,0x0000000029960000)]
  0x000000001d083000 JavaThread "jar transforms Thread 256" [_thread_blocked, id=15288, stack(0x0000000029760000,0x0000000029860000)]
  0x000000001d080000 JavaThread "jar transforms Thread 255" [_thread_blocked, id=4612, stack(0x0000000029660000,0x0000000029760000)]
  0x000000001d07e800 JavaThread "jar transforms Thread 254" [_thread_blocked, id=2332, stack(0x0000000029560000,0x0000000029660000)]
  0x000000001d082800 JavaThread "jar transforms Thread 253" [_thread_blocked, id=13920, stack(0x0000000029460000,0x0000000029560000)]
  0x000000001d079800 JavaThread "jar transforms Thread 252" [_thread_blocked, id=13288, stack(0x0000000029360000,0x0000000029460000)]
  0x000000001d07e000 JavaThread "jar transforms Thread 251" [_thread_blocked, id=7708, stack(0x0000000029260000,0x0000000029360000)]
  0x000000001d078800 JavaThread "jar transforms Thread 250" [_thread_blocked, id=14244, stack(0x0000000029160000,0x0000000029260000)]
  0x000000001d07f800 JavaThread "jar transforms Thread 249" [_thread_blocked, id=3196, stack(0x0000000029060000,0x0000000029160000)]
  0x000000001d078000 JavaThread "jar transforms Thread 248" [_thread_blocked, id=7068, stack(0x0000000028f60000,0x0000000029060000)]
  0x000000001d07d000 JavaThread "jar transforms Thread 247" [_thread_blocked, id=3496, stack(0x0000000028e60000,0x0000000028f60000)]
  0x000000001d07b000 JavaThread "jar transforms Thread 246" [_thread_blocked, id=15152, stack(0x0000000028d60000,0x0000000028e60000)]
  0x000000001d07a000 JavaThread "jar transforms Thread 245" [_thread_blocked, id=9884, stack(0x0000000028c60000,0x0000000028d60000)]
  0x000000001d07b800 JavaThread "jar transforms Thread 244" [_thread_blocked, id=1836, stack(0x0000000028b60000,0x0000000028c60000)]
  0x0000000019d17000 JavaThread "jar transforms Thread 243" [_thread_blocked, id=3476, stack(0x0000000028a60000,0x0000000028b60000)]
  0x0000000019d1a800 JavaThread "jar transforms Thread 242" [_thread_blocked, id=1880, stack(0x0000000028960000,0x0000000028a60000)]
  0x0000000019d19000 JavaThread "jar transforms Thread 241" [_thread_blocked, id=15072, stack(0x0000000028860000,0x0000000028960000)]
  0x0000000019d1a000 JavaThread "jar transforms Thread 240" [_thread_blocked, id=1888, stack(0x0000000028760000,0x0000000028860000)]
  0x0000000019d1b800 JavaThread "jar transforms Thread 239" [_thread_blocked, id=7328, stack(0x0000000028660000,0x0000000028760000)]
  0x0000000019d1c000 JavaThread "jar transforms Thread 238" [_thread_blocked, id=13296, stack(0x0000000028560000,0x0000000028660000)]
  0x0000000019d18800 JavaThread "jar transforms Thread 237" [_thread_blocked, id=14544, stack(0x0000000028460000,0x0000000028560000)]
  0x000000001b3b4000 JavaThread "jar transforms Thread 236" [_thread_blocked, id=1692, stack(0x0000000028360000,0x0000000028460000)]
  0x000000001b3b5000 JavaThread "jar transforms Thread 235" [_thread_blocked, id=12924, stack(0x0000000028260000,0x0000000028360000)]
  0x000000001b3bb000 JavaThread "jar transforms Thread 234" [_thread_blocked, id=14812, stack(0x0000000028160000,0x0000000028260000)]
  0x000000001b3b8000 JavaThread "jar transforms Thread 233" [_thread_blocked, id=14796, stack(0x0000000028060000,0x0000000028160000)]
  0x000000001b3b5800 JavaThread "jar transforms Thread 232" [_thread_blocked, id=11940, stack(0x0000000027f60000,0x0000000028060000)]
  0x000000001b3b6800 JavaThread "jar transforms Thread 231" [_thread_blocked, id=1612, stack(0x0000000027e60000,0x0000000027f60000)]
  0x000000001b3ba000 JavaThread "jar transforms Thread 230" [_thread_blocked, id=10292, stack(0x0000000027d60000,0x0000000027e60000)]
  0x000000001b3b8800 JavaThread "jar transforms Thread 229" [_thread_blocked, id=12296, stack(0x0000000027c60000,0x0000000027d60000)]
  0x000000001b3b3800 JavaThread "jar transforms Thread 228" [_thread_blocked, id=12756, stack(0x0000000027b60000,0x0000000027c60000)]
  0x000000001b3b7000 JavaThread "jar transforms Thread 227" [_thread_blocked, id=9260, stack(0x0000000027a60000,0x0000000027b60000)]
  0x000000001b3b9800 JavaThread "jar transforms Thread 226" [_thread_blocked, id=14896, stack(0x0000000027960000,0x0000000027a60000)]
  0x000000001b3ac000 JavaThread "jar transforms Thread 225" [_thread_blocked, id=15752, stack(0x0000000027860000,0x0000000027960000)]
  0x000000001b3b1000 JavaThread "jar transforms Thread 224" [_thread_blocked, id=14004, stack(0x0000000027760000,0x0000000027860000)]
  0x000000001b3b0800 JavaThread "jar transforms Thread 223" [_thread_blocked, id=16328, stack(0x0000000027660000,0x0000000027760000)]
  0x000000001b3b2800 JavaThread "jar transforms Thread 222" [_thread_blocked, id=9992, stack(0x0000000027560000,0x0000000027660000)]
  0x000000001b3ad800 JavaThread "jar transforms Thread 221" [_thread_blocked, id=11972, stack(0x0000000027460000,0x0000000027560000)]
  0x000000001b3af800 JavaThread "jar transforms Thread 220" [_thread_blocked, id=12936, stack(0x0000000027360000,0x0000000027460000)]
  0x000000001b4b3000 JavaThread "jar transforms Thread 219" [_thread_blocked, id=11328, stack(0x0000000027260000,0x0000000027360000)]
  0x000000001b4b4800 JavaThread "jar transforms Thread 218" [_thread_blocked, id=10864, stack(0x0000000027160000,0x0000000027260000)]
  0x000000001b4b2800 JavaThread "jar transforms Thread 217" [_thread_blocked, id=15212, stack(0x0000000027060000,0x0000000027160000)]
  0x000000001b4b4000 JavaThread "jar transforms Thread 216" [_thread_blocked, id=4556, stack(0x0000000026f60000,0x0000000027060000)]
  0x000000001b4b1800 JavaThread "jar transforms Thread 215" [_thread_blocked, id=12260, stack(0x0000000026e60000,0x0000000026f60000)]
  0x000000001b4aa000 JavaThread "jar transforms Thread 214" [_thread_blocked, id=12228, stack(0x0000000026d60000,0x0000000026e60000)]
  0x000000001b4b1000 JavaThread "jar transforms Thread 213" [_thread_blocked, id=12464, stack(0x0000000026c60000,0x0000000026d60000)]
  0x000000001b4ae800 JavaThread "jar transforms Thread 212" [_thread_blocked, id=15476, stack(0x0000000026b60000,0x0000000026c60000)]
  0x000000001b4ae000 JavaThread "jar transforms Thread 211" [_thread_blocked, id=9688, stack(0x0000000026a60000,0x0000000026b60000)]
  0x000000001b4b0000 JavaThread "jar transforms Thread 210" [_thread_blocked, id=14740, stack(0x0000000026960000,0x0000000026a60000)]
  0x000000001b4af800 JavaThread "jar transforms Thread 209" [_thread_blocked, id=3992, stack(0x0000000026860000,0x0000000026960000)]
  0x000000001b4ad000 JavaThread "jar transforms Thread 208" [_thread_blocked, id=5740, stack(0x0000000026560000,0x0000000026660000)]
  0x000000001b4a5800 JavaThread "jar transforms Thread 207" [_thread_blocked, id=13644, stack(0x0000000026460000,0x0000000026560000)]
  0x000000001b4a9800 JavaThread "jar transforms Thread 206" [_thread_blocked, id=13020, stack(0x0000000026360000,0x0000000026460000)]
  0x000000001b4a8800 JavaThread "jar transforms Thread 205" [_thread_blocked, id=4116, stack(0x0000000026260000,0x0000000026360000)]
  0x000000001b4ac800 JavaThread "jar transforms Thread 204" [_thread_blocked, id=13808, stack(0x0000000026160000,0x0000000026260000)]
  0x000000001b4a8000 JavaThread "jar transforms Thread 203" [_thread_blocked, id=14320, stack(0x0000000026060000,0x0000000026160000)]
  0x000000001b747000 JavaThread "jar transforms Thread 202" [_thread_blocked, id=13764, stack(0x0000000024cc0000,0x0000000024dc0000)]
  0x000000001b746000 JavaThread "jar transforms Thread 201" [_thread_blocked, id=12856, stack(0x0000000023b40000,0x0000000023c40000)]
  0x000000001b747800 JavaThread "jar transforms Thread 200" [_thread_blocked, id=1584, stack(0x0000000022450000,0x0000000022550000)]
  0x000000001b74b800 JavaThread "jar transforms Thread 199" [_thread_blocked, id=13024, stack(0x0000000021b50000,0x0000000021c50000)]
  0x000000001b748800 JavaThread "jar transforms Thread 198" [_thread_blocked, id=14660, stack(0x0000000021a50000,0x0000000021b50000)]
  0x000000001b74a800 JavaThread "jar transforms Thread 197" [_thread_blocked, id=14904, stack(0x0000000021950000,0x0000000021a50000)]
  0x000000001b73e800 JavaThread "jar transforms Thread 196" [_thread_blocked, id=13788, stack(0x0000000021650000,0x0000000021750000)]
  0x000000001b745800 JavaThread "jar transforms Thread 195" [_thread_blocked, id=7772, stack(0x0000000021550000,0x0000000021650000)]
  0x000000001b73e000 JavaThread "jar transforms Thread 194" [_thread_blocked, id=13268, stack(0x0000000021450000,0x0000000021550000)]
  0x000000001b740000 JavaThread "jar transforms Thread 193" [_thread_blocked, id=14436, stack(0x0000000021350000,0x0000000021450000)]
  0x000000001b743000 JavaThread "jar transforms Thread 192" [_thread_blocked, id=5080, stack(0x0000000021250000,0x0000000021350000)]
  0x000000001b742800 JavaThread "jar transforms Thread 191" [_thread_blocked, id=12284, stack(0x0000000021150000,0x0000000021250000)]
  0x000000001b744800 JavaThread "jar transforms Thread 190" [_thread_blocked, id=14664, stack(0x0000000021050000,0x0000000021150000)]
  0x000000001b73d000 JavaThread "jar transforms Thread 189" [_thread_blocked, id=16232, stack(0x0000000020f50000,0x0000000021050000)]
  0x000000001b744000 JavaThread "jar transforms Thread 188" [_thread_blocked, id=8388, stack(0x0000000020e50000,0x0000000020f50000)]
  0x000000001b741000 JavaThread "jar transforms Thread 187" [_thread_blocked, id=14764, stack(0x0000000020d50000,0x0000000020e50000)]
  0x000000001b73f800 JavaThread "jar transforms Thread 186" [_thread_blocked, id=92, stack(0x0000000020c50000,0x0000000020d50000)]
  0x000000001b741800 JavaThread "jar transforms Thread 185" [_thread_blocked, id=14076, stack(0x0000000020b50000,0x0000000020c50000)]
  0x000000001f8af800 JavaThread "Build operations Thread 8" [_thread_blocked, id=5160, stack(0x0000000020a50000,0x0000000020b50000)]
  0x000000001f8ab800 JavaThread "Build operations Thread 7" [_thread_blocked, id=15584, stack(0x0000000020950000,0x0000000020a50000)]
  0x000000001f8ae800 JavaThread "Build operations Thread 6" [_thread_blocked, id=8984, stack(0x0000000020850000,0x0000000020950000)]
  0x000000001f8ae000 JavaThread "Build operations Thread 5" [_thread_blocked, id=8612, stack(0x0000000020750000,0x0000000020850000)]
  0x000000001f8aa000 JavaThread "Build operations Thread 4" [_thread_blocked, id=11624, stack(0x0000000020650000,0x0000000020750000)]
  0x000000001f8ab000 JavaThread "Build operations Thread 3" [_thread_blocked, id=16292, stack(0x0000000020550000,0x0000000020650000)]
  0x000000001f8ad000 JavaThread "Build operations Thread 2" [_thread_blocked, id=15844, stack(0x0000000020450000,0x0000000020550000)]
  0x000000001f8a2800 JavaThread "Build operations" [_thread_blocked, id=5592, stack(0x00000000200c0000,0x00000000201c0000)]
  0x000000001f8a4000 JavaThread "Cache worker for cache directory md-rule (C:\Users\Prince\.gradle\caches\6.5\md-rule)" [_thread_blocked, id=740, stack(0x000000001ffc0000,0x00000000200c0000)]
  0x000000001f8a5800 JavaThread "Cache worker for cache directory md-supplier (C:\Users\Prince\.gradle\caches\6.5\md-supplier)" [_thread_blocked, id=15196, stack(0x000000001e7f0000,0x000000001e8f0000)]
  0x000000001f8a5000 JavaThread "Cache worker for checksums cache (C:\Users\Prince\AndroidStudioProjects\Artisan\.gradle\checksums)" [_thread_blocked, id=15340, stack(0x000000001e4f0000,0x000000001e5f0000)]
  0x000000001f8a6800 JavaThread "Cache worker for file hash cache (C:\Users\Prince\AndroidStudioProjects\Artisan\.gradle\6.5\fileHashes)" [_thread_blocked, id=9620, stack(0x000000001e2f0000,0x000000001e3f0000)]
  0x000000001f8a7000 JavaThread "Thread-253" [_thread_blocked, id=10956, stack(0x000000001dff0000,0x000000001e0f0000)]
  0x000000001f8a3800 JavaThread "Stdin handler" [_thread_blocked, id=7216, stack(0x000000001def0000,0x000000001dff0000)]
  0x000000001f8a9800 JavaThread "Asynchronous log dispatcher for DefaultDaemonConnection: socket connection from /127.0.0.1:63574 to /127.0.0.1:58825" [_thread_blocked, id=15920, stack(0x000000001dab0000,0x000000001dbb0000)]
  0x000000001f8a8000 JavaThread "Daemon worker Thread 3" [_thread_blocked, id=6960, stack(0x000000001d9b0000,0x000000001dab0000)]
  0x000000001f8a1000 JavaThread "Cancel handler" [_thread_blocked, id=4200, stack(0x0000000001190000,0x0000000001290000)]
  0x000000001f8a2000 JavaThread "Handler for socket connection from /127.0.0.1:63574 to /127.0.0.1:58825" [_thread_in_native, id=6384, stack(0x0000000001090000,0x0000000001190000)]
  0x000000001f8a0000 JavaThread "Daemon Thread 3" [_thread_blocked, id=10156, stack(0x0000000000f90000,0x0000000001090000)]
  0x000000001b3b2000 JavaThread "Memory manager" [_thread_blocked, id=14480, stack(0x000000002bd60000,0x000000002be60000)]
  0x000000001b74a000 JavaThread "Cache worker for file content cache (C:\Users\Prince\.gradle\caches\6.5\fileContent)" [_thread_blocked, id=9680, stack(0x0000000022350000,0x0000000022450000)]
  0x000000001b749000 JavaThread "Cache worker for execution history cache (C:\Users\Prince\.gradle\caches\6.5\executionHistory)" [_thread_blocked, id=5748, stack(0x0000000021e50000,0x0000000021f50000)]
  0x0000000019d17800 JavaThread "Cache worker for file hash cache (C:\Users\Prince\.gradle\caches\6.5\fileHashes)" [_thread_blocked, id=13632, stack(0x000000001ecf0000,0x000000001edf0000)]
  0x0000000019d16000 JavaThread "File lock request listener" [_thread_in_native, id=13412, stack(0x000000001ebf0000,0x000000001ecf0000)]
  0x000000001af46000 JavaThread "Cache worker for journal cache (C:\Users\Prince\.gradle\caches\journal-1)" [_thread_blocked, id=5180, stack(0x000000001eaf0000,0x000000001ebf0000)]
  0x000000001c678800 JavaThread "Daemon periodic checks" [_thread_blocked, id=8216, stack(0x000000001ddf0000,0x000000001def0000)]
  0x000000001c623800 JavaThread "Incoming local TCP Connector on port 63574" [_thread_in_native, id=14220, stack(0x000000001dbb0000,0x000000001dcb0000)]
  0x000000001c547000 JavaThread "Daemon health stats" [_thread_blocked, id=11280, stack(0x000000001d570000,0x000000001d670000)]
  0x0000000019d94800 JavaThread "Service Thread" daemon [_thread_blocked, id=16332, stack(0x000000001a9d0000,0x000000001aad0000)]
  0x0000000019d1d000 JavaThread "C1 CompilerThread3" daemon [_thread_blocked, id=16264, stack(0x000000001a8d0000,0x000000001a9d0000)]
=>0x0000000019d0e000 JavaThread "C2 CompilerThread2" daemon [_thread_in_native, id=12212, stack(0x000000001a7d0000,0x000000001a8d0000)]
  0x0000000017f0c000 JavaThread "C2 CompilerThread1" daemon [_thread_blocked, id=7036, stack(0x000000001a6d0000,0x000000001a7d0000)]
  0x0000000019d05800 JavaThread "C2 CompilerThread0" daemon [_thread_blocked, id=11552, stack(0x000000001a5d0000,0x000000001a6d0000)]
  0x0000000019d03800 JavaThread "Attach Listener" daemon [_thread_blocked, id=9244, stack(0x000000001a4d0000,0x000000001a5d0000)]
  0x0000000019d02800 JavaThread "Signal Dispatcher" daemon [_thread_blocked, id=14160, stack(0x000000001a3d0000,0x000000001a4d0000)]
  0x0000000002e8c800 JavaThread "Finalizer" daemon [_thread_blocked, id=1088, stack(0x000000001a1d0000,0x000000001a2d0000)]
  0x0000000019cf0800 JavaThread "Reference Handler" daemon [_thread_blocked, id=2852, stack(0x000000001a0d0000,0x000000001a1d0000)]
  0x0000000002bfe000 JavaThread "main" [_thread_blocked, id=11556, stack(0x0000000002c90000,0x0000000002d90000)]

Other Threads:
  0x0000000017ef8800 VMThread [stack: 0x0000000019bd0000,0x0000000019cd0000] [id=16192]
  0x0000000019d95000 WatcherThread [stack: 0x000000001aad0000,0x000000001abd0000] [id=8640]

VM state:not at safepoint (normal execution)

VM Mutex/Monitor currently owned by a thread: None

heap address: 0x0000000080000000, size: 2048 MB, Compressed Oops mode: 32-bit
Narrow klass base: 0x0000000000000000, Narrow klass shift: 3
Compressed class space size: 1073741824 Address: 0x0000000100000000

Heap:
 PSYoungGen      total 142336K, used 26930K [0x00000000d5580000, 0x00000000e1680000, 0x0000000100000000)
  eden space 90112K, 10% used [0x00000000d5580000,0x00000000d5f20d20,0x00000000dad80000)
  from space 52224K, 32% used [0x00000000de380000,0x00000000df42bb80,0x00000000e1680000)
  to   space 53760K, 0% used [0x00000000dad80000,0x00000000dad80000,0x00000000de200000)
 ParOldGen       total 172032K, used 48951K [0x0000000080000000, 0x000000008a800000, 0x00000000d5580000)
  object space 172032K, 28% used [0x0000000080000000,0x0000000082fcdd78,0x000000008a800000)
 Metaspace       used 110155K, capacity 116147K, committed 116352K, reserved 1148928K
  class space    used 14718K, capacity 15889K, committed 16000K, reserved 1048576K

Card table byte_map: [0x0000000012250000,0x0000000012660000] byte_map_base: 0x0000000011e50000

Marking Bits: (ParMarkBitMap*) 0x000000006f00f030
 Begin Bits: [0x0000000013110000, 0x0000000015110000)
 End Bits:   [0x0000000015110000, 0x0000000017110000)

Polling page: 0x0000000000e60000

CodeCache: size=245760Kb used=47148Kb max_used=47367Kb free=198611Kb
 bounds [0x0000000002e90000, 0x0000000005d20000, 0x0000000011e90000]
 total_blobs=15301 nmethods=14358 adapters=854
 compilation: enabled

Compilation events (10 events):
Event: 3355.480 Thread 0x0000000019d1d000 17115       3       sun.security.util.Cache$EqualByteArray::hashCode (57 bytes)
Event: 3355.480 Thread 0x0000000019d1d000 nmethod 17115 0x00000000055fdfd0 code [0x00000000055fe140, 0x00000000055fe3b0]
Event: 3355.500 Thread 0x0000000019d1d000 17116       3       sun.security.provider.SHA::resetHashes (41 bytes)
Event: 3355.500 Thread 0x0000000019d1d000 nmethod 17116 0x0000000005575190 code [0x0000000005575300, 0x0000000005575510]
Event: 3355.500 Thread 0x0000000019d1d000 17117       3       sun.security.provider.SHA::implDigest (96 bytes)
Event: 3355.501 Thread 0x0000000019d1d000 nmethod 17117 0x00000000038e8410 code [0x00000000038e8600, 0x00000000038e8cc8]
Event: 3355.553 Thread 0x0000000019d1d000 17118       3       java.util.Collections$UnmodifiableMap$UnmodifiableEntrySet$UnmodifiableEntry::<init> (16 bytes)
Event: 3355.553 Thread 0x0000000019d1d000 nmethod 17118 0x000000000555b3d0 code [0x000000000555b540, 0x000000000555b868]
Event: 3355.553 Thread 0x0000000019d1d000 17119       3       com.android.builder.files.RelativeFile::hashCode (22 bytes)
Event: 3355.553 Thread 0x0000000019d1d000 nmethod 17119 0x000000000555ac10 code [0x000000000555ada0, 0x000000000555b268]

GC Heap History (10 events):
Event: 3338.204 GC heap before
{Heap before GC invocations=32 (full 4):
 PSYoungGen      total 132096K, used 46271K [0x00000000d5580000, 0x00000000e1d00000, 0x0000000100000000)
  eden space 75776K, 0% used [0x00000000d5580000,0x00000000d5580000,0x00000000d9f80000)
  from space 56320K, 82% used [0x00000000ddb80000,0x00000000e08afcd0,0x00000000e1280000)
  to   space 61440K, 0% used [0x00000000d9f80000,0x00000000d9f80000,0x00000000ddb80000)
 ParOldGen       total 172032K, used 50085K [0x0000000080000000, 0x000000008a800000, 0x00000000d5580000)
  object space 172032K, 29% used [0x0000000080000000,0x00000000830e97e0,0x000000008a800000)
 Metaspace       used 93698K, capacity 98363K, committed 98496K, reserved 1134592K
  class space    used 12402K, capacity 13366K, committed 13440K, reserved 1048576K
Event: 3338.530 GC heap after
Heap after GC invocations=32 (full 4):
 PSYoungGen      total 132096K, used 0K [0x00000000d5580000, 0x00000000e1d00000, 0x0000000100000000)
  eden space 75776K, 0% used [0x00000000d5580000,0x00000000d5580000,0x00000000d9f80000)
  from space 56320K, 0% used [0x00000000ddb80000,0x00000000ddb80000,0x00000000e1280000)
  to   space 61440K, 0% used [0x00000000d9f80000,0x00000000d9f80000,0x00000000ddb80000)
 ParOldGen       total 172032K, used 48919K [0x0000000080000000, 0x000000008a800000, 0x00000000d5580000)
  object space 172032K, 28% used [0x0000000080000000,0x0000000082fc5d78,0x000000008a800000)
 Metaspace       used 92580K, capacity 96377K, committed 98496K, reserved 1134592K
  class space    used 12188K, capacity 12969K, committed 13440K, reserved 1048576K
}
Event: 3346.420 GC heap before
{Heap before GC invocations=33 (full 4):
 PSYoungGen      total 132096K, used 75776K [0x00000000d5580000, 0x00000000e1d00000, 0x0000000100000000)
  eden space 75776K, 100% used [0x00000000d5580000,0x00000000d9f80000,0x00000000d9f80000)
  from space 56320K, 0% used [0x00000000ddb80000,0x00000000ddb80000,0x00000000e1280000)
  to   space 61440K, 0% used [0x00000000d9f80000,0x00000000d9f80000,0x00000000ddb80000)
 ParOldGen       total 172032K, used 48919K [0x0000000080000000, 0x000000008a800000, 0x00000000d5580000)
  object space 172032K, 28% used [0x0000000080000000,0x0000000082fc5d78,0x000000008a800000)
 Metaspace       used 95440K, capacity 99335K, committed 101248K, reserved 1136640K
  class space    used 12534K, capacity 13340K, committed 13696K, reserved 1048576K
Event: 3346.430 GC heap after
Heap after GC invocations=33 (full 4):
 PSYoungGen      total 137216K, used 9471K [0x00000000d5580000, 0x00000000e1d00000, 0x0000000100000000)
  eden space 75776K, 0% used [0x00000000d5580000,0x00000000d5580000,0x00000000d9f80000)
  from space 61440K, 15% used [0x00000000d9f80000,0x00000000da8bfe18,0x00000000ddb80000)
  to   space 60416K, 0% used [0x00000000de200000,0x00000000de200000,0x00000000e1d00000)
 ParOldGen       total 172032K, used 48927K [0x0000000080000000, 0x000000008a800000, 0x00000000d5580000)
  object space 172032K, 28% used [0x0000000080000000,0x0000000082fc7d78,0x000000008a800000)
 Metaspace       used 95440K, capacity 99335K, committed 101248K, reserved 1136640K
  class space    used 12534K, capacity 13340K, committed 13696K, reserved 1048576K
}
Event: 3349.271 GC heap before
{Heap before GC invocations=34 (full 4):
 PSYoungGen      total 137216K, used 85247K [0x00000000d5580000, 0x00000000e1d00000, 0x0000000100000000)
  eden space 75776K, 100% used [0x00000000d5580000,0x00000000d9f80000,0x00000000d9f80000)
  from space 61440K, 15% used [0x00000000d9f80000,0x00000000da8bfe18,0x00000000ddb80000)
  to   space 60416K, 0% used [0x00000000de200000,0x00000000de200000,0x00000000e1d00000)
 ParOldGen       total 172032K, used 48927K [0x0000000080000000, 0x000000008a800000, 0x00000000d5580000)
  object space 172032K, 28% used [0x0000000080000000,0x0000000082fc7d78,0x000000008a800000)
 Metaspace       used 98123K, capacity 102163K, committed 103936K, reserved 1138688K
  class space    used 12907K, capacity 13769K, committed 14080K, reserved 1048576K
Event: 3349.278 GC heap after
Heap after GC invocations=34 (full 4):
 PSYoungGen      total 140800K, used 7283K [0x00000000d5580000, 0x00000000e1b00000, 0x0000000100000000)
  eden space 82432K, 0% used [0x00000000d5580000,0x00000000d5580000,0x00000000da600000)
  from space 58368K, 12% used [0x00000000de200000,0x00000000de91ce80,0x00000000e1b00000)
  to   space 59904K, 0% used [0x00000000da600000,0x00000000da600000,0x00000000de080000)
 ParOldGen       total 172032K, used 48935K [0x0000000080000000, 0x000000008a800000, 0x00000000d5580000)
  object space 172032K, 28% used [0x0000000080000000,0x0000000082fc9d78,0x000000008a800000)
 Metaspace       used 98123K, capacity 102163K, committed 103936K, reserved 1138688K
  class space    used 12907K, capacity 13769K, committed 14080K, reserved 1048576K
}
Event: 3353.608 GC heap before
{Heap before GC invocations=35 (full 4):
 PSYoungGen      total 140800K, used 89715K [0x00000000d5580000, 0x00000000e1b00000, 0x0000000100000000)
  eden space 82432K, 100% used [0x00000000d5580000,0x00000000da600000,0x00000000da600000)
  from space 58368K, 12% used [0x00000000de200000,0x00000000de91ce80,0x00000000e1b00000)
  to   space 59904K, 0% used [0x00000000da600000,0x00000000da600000,0x00000000de080000)
 ParOldGen       total 172032K, used 48935K [0x0000000080000000, 0x000000008a800000, 0x00000000d5580000)
  object space 172032K, 28% used [0x0000000080000000,0x0000000082fc9d78,0x000000008a800000)
 Metaspace       used 103857K, capacity 108347K, committed 109184K, reserved 1144832K
  class space    used 13646K, capacity 14535K, committed 14720K, reserved 1048576K
Event: 3353.626 GC heap after
Heap after GC invocations=35 (full 4):
 PSYoungGen      total 142336K, used 19692K [0x00000000d5580000, 0x00000000e1a80000, 0x0000000100000000)
  eden space 82432K, 0% used [0x00000000d5580000,0x00000000d5580000,0x00000000da600000)
  from space 59904K, 32% used [0x00000000da600000,0x00000000db93b0e8,0x00000000de080000)
  to   space 56320K, 0% used [0x00000000de380000,0x00000000de380000,0x00000000e1a80000)
 ParOldGen       total 172032K, used 48943K [0x0000000080000000, 0x000000008a800000, 0x00000000d5580000)
  object space 172032K, 28% used [0x0000000080000000,0x0000000082fcbd78,0x000000008a800000)
 Metaspace       used 103857K, capacity 108347K, committed 109184K, reserved 1144832K
  class space    used 13646K, capacity 14535K, committed 14720K, reserved 1048576K
}
Event: 3355.128 GC heap before
{Heap before GC invocations=36 (full 4):
 PSYoungGen      total 142336K, used 102100K [0x00000000d5580000, 0x00000000e1a80000, 0x0000000100000000)
  eden space 82432K, 99% used [0x00000000d5580000,0x00000000da5fa2f0,0x00000000da600000)
  from space 59904K, 32% used [0x00000000da600000,0x00000000db93b0e8,0x00000000de080000)
  to   space 56320K, 0% used [0x00000000de380000,0x00000000de380000,0x00000000e1a80000)
 ParOldGen       total 172032K, used 48943K [0x0000000080000000, 0x000000008a800000, 0x00000000d5580000)
  object space 172032K, 28% used [0x0000000080000000,0x0000000082fcbd78,0x000000008a800000)
 Metaspace       used 109611K, capacity 115509K, committed 115712K, reserved 1148928K
  class space    used 14639K, capacity 15794K, committed 15872K, reserved 1048576K
Event: 3355.143 GC heap after
Heap after GC invocations=36 (full 4):
 PSYoungGen      total 142336K, used 17070K [0x00000000d5580000, 0x00000000e1680000, 0x0000000100000000)
  eden space 90112K, 0% used [0x00000000d5580000,0x00000000d5580000,0x00000000dad80000)
  from space 52224K, 32% used [0x00000000de380000,0x00000000df42bb80,0x00000000e1680000)
  to   space 53760K, 0% used [0x00000000dad80000,0x00000000dad80000,0x00000000de200000)
 ParOldGen       total 172032K, used 48951K [0x0000000080000000, 0x000000008a800000, 0x00000000d5580000)
  object space 172032K, 28% used [0x0000000080000000,0x0000000082fcdd78,0x000000008a800000)
 Metaspace       used 109611K, capacity 115509K, committed 115712K, reserved 1148928K
  class space    used 14639K, capacity 15794K, committed 15872K, reserved 1048576K
}

Deoptimization events (10 events):
Event: 3355.479 Thread 0x0000000019f10000 Uncommon trap: reason=class_check action=maybe_recompile pc=0x0000000003617998 method=java.io.DataInputStream.readUnsignedShort()I @ 4
Event: 3355.480 Thread 0x0000000019f10000 Uncommon trap: reason=unstable_if action=reinterpret pc=0x00000000047381ac method=sun.security.util.Cache$EqualByteArray.hashCode()I @ 6
Event: 3355.552 Thread 0x0000000019f10000 Uncommon trap: reason=class_check action=maybe_recompile pc=0x000000000528d828 method=com.google.common.collect.ImmutableMap.copyOf(Ljava/util/Map;)Lcom/google/common/collect/ImmutableMap; @ 49
Event: 3355.552 Thread 0x0000000019f10000 Uncommon trap: reason=class_check action=maybe_recompile pc=0x00000000051737ec method=com.google.common.collect.Iterables.castOrCopyToCollection(Ljava/lang/Iterable;)Ljava/util/Collection; @ 1
Event: 3355.552 Thread 0x0000000019f10000 Uncommon trap: reason=class_check action=maybe_recompile pc=0x000000000528d828 method=com.google.common.collect.ImmutableMap.copyOf(Ljava/util/Map;)Lcom/google/common/collect/ImmutableMap; @ 49
Event: 3355.552 Thread 0x0000000019f10000 Uncommon trap: reason=class_check action=maybe_recompile pc=0x00000000051737ec method=com.google.common.collect.Iterables.castOrCopyToCollection(Ljava/lang/Iterable;)Ljava/util/Collection; @ 1
Event: 3355.552 Thread 0x0000000019f10000 Uncommon trap: reason=class_check action=maybe_recompile pc=0x000000000528d828 method=com.google.common.collect.ImmutableMap.copyOf(Ljava/util/Map;)Lcom/google/common/collect/ImmutableMap; @ 49
Event: 3355.552 Thread 0x0000000019f10000 Uncommon trap: reason=class_check action=maybe_recompile pc=0x00000000051737ec method=com.google.common.collect.Iterables.castOrCopyToCollection(Ljava/lang/Iterable;)Ljava/util/Collection; @ 1
Event: 3355.553 Thread 0x0000000019f10000 Uncommon trap: reason=class_check action=maybe_recompile pc=0x000000000528d828 method=com.google.common.collect.ImmutableMap.copyOf(Ljava/util/Map;)Lcom/google/common/collect/ImmutableMap; @ 49
Event: 3355.553 Thread 0x0000000019f10000 Uncommon trap: reason=class_check action=maybe_recompile pc=0x00000000051737ec method=com.google.common.collect.Iterables.castOrCopyToCollection(Ljava/lang/Iterable;)Ljava/util/Collection; @ 1

Classes redefined (0 events):
No events

Internal exceptions (10 events):
Event: 3354.928 Thread 0x0000000019f13000 Exception <a 'sun/nio/fs/WindowsException'> (0x00000000d935c990) thrown at [C:\src\AOSP-openjdk-git\hotspot\src\share\vm\prims\jni.cpp, line 710]
Event: 3355.000 Thread 0x000000001d2c1000 Implicit null exception at 0x00000000034fc02f to 0x00000000034fc121
Event: 3355.000 Thread 0x000000001d2c0000 Implicit null exception at 0x00000000034fc02f to 0x00000000034fc121
Event: 3355.000 Thread 0x000000001d2bd000 Implicit null exception at 0x00000000034fc02f to 0x00000000034fc121
Event: 3355.000 Thread 0x000000001d2c7800 Implicit null exception at 0x00000000034fc02f to 0x00000000034fc121
Event: 3355.000 Thread 0x000000001d2be000 Implicit null exception at 0x00000000034fc02f to 0x00000000034fc121
Event: 3355.000 Thread 0x000000001d2c4800 Implicit null exception at 0x00000000034fc02f to 0x00000000034fc121
Event: 3355.000 Thread 0x000000001d2c1800 Implicit null exception at 0x00000000034fc02f to 0x00000000034fc121
Event: 3355.199 Thread 0x000000001d2c4800 Exception <a 'sun/nio/fs/WindowsException'> (0x00000000d57e18c8) thrown at [C:\src\AOSP-openjdk-git\hotspot\src\share\vm\prims\jni.cpp, line 710]
Event: 3355.448 Thread 0x0000000019f10000 Exception <a 'java/lang/NoSuchMethodError': java.lang.Object.lambda$asRunnable$0(Lcom/android/tools/build/apkzlib/utils/IOExceptionRunnable;)V> (0x00000000d5c8fc70) thrown at [C:\src\AOSP-openjdk-git\hotspot\src\share\vm\interpreter\linkResolver.cpp, line

Events (10 events):
Event: 3355.553 Thread 0x0000000019f10000 Uncommon trap: trap_request=0xffffffde fr.pc=0x000000000528d828
Event: 3355.553 Thread 0x0000000019f10000 DEOPT PACKING pc=0x000000000528d828 sp=0x00000000309be630
Event: 3355.553 Thread 0x0000000019f10000 DEOPT UNPACKING pc=0x0000000002ed557b sp=0x00000000309be5e0 mode 2
Event: 3355.553 Thread 0x0000000019f10000 Uncommon trap: trap_request=0xffffffde fr.pc=0x00000000051737ec
Event: 3355.553 Thread 0x0000000019f10000 DEOPT PACKING pc=0x00000000051737ec sp=0x00000000309be5b0
Event: 3355.553 Thread 0x0000000019f10000 DEOPT UNPACKING pc=0x0000000002ed557b sp=0x00000000309be4a8 mode 2
Event: 3355.553 loading class com/android/builder/internal/packaging/IncrementalPackager
Event: 3355.553 loading class com/android/builder/internal/packaging/IncrementalPackager done
Event: 3355.564 loading class com/android/build/gradle/internal/packaging/ApkCreatorFactories
Event: 3355.564 loading class com/android/build/gradle/internal/packaging/ApkCreatorFactories done


Dynamic libraries:
0x00007ff73e710000 - 0x00007ff73e741000 	F:\Android Studio\jre\bin\java.exe
0x00007fffa4140000 - 0x00007fffa4330000 	C:\Windows\SYSTEM32\ntdll.dll
0x00007fffa35f0000 - 0x00007fffa36a2000 	C:\Windows\System32\KERNEL32.DLL
0x00007fffa1b20000 - 0x00007fffa1dc5000 	C:\Windows\System32\KERNELBASE.dll
0x00007fffa3f70000 - 0x00007fffa4013000 	C:\Windows\System32\ADVAPI32.dll
0x00007fffa24f0000 - 0x00007fffa258e000 	C:\Windows\System32\msvcrt.dll
0x00007fffa3e20000 - 0x00007fffa3eb7000 	C:\Windows\System32\sechost.dll
0x00007fffa21f0000 - 0x00007fffa2310000 	C:\Windows\System32\RPCRT4.dll
0x00007fffa3810000 - 0x00007fffa39a4000 	C:\Windows\System32\USER32.dll
0x00007fffa1210000 - 0x00007fffa1231000 	C:\Windows\System32\win32u.dll
0x00007fffa3ec0000 - 0x00007fffa3ee6000 	C:\Windows\System32\GDI32.dll
0x00007fffa1fe0000 - 0x00007fffa2176000 	C:\Windows\System32\gdi32full.dll
0x00007fffa10c0000 - 0x00007fffa115e000 	C:\Windows\System32\msvcp_win.dll
0x00007fffa1dd0000 - 0x00007fffa1eca000 	C:\Windows\System32\ucrtbase.dll
0x00007fff8ad30000 - 0x00007fff8afb4000 	C:\Windows\WinSxS\amd64_microsoft.windows.common-controls_6595b64144ccf1df_6.0.18362.1198_none_9e820b57e45ad92f\COMCTL32.dll
0x00007fffa3290000 - 0x00007fffa35c5000 	C:\Windows\System32\combase.dll
0x00007fffa1190000 - 0x00007fffa1210000 	C:\Windows\System32\bcryptPrimitives.dll
0x00007fffa24c0000 - 0x00007fffa24ee000 	C:\Windows\System32\IMM32.DLL
0x000000006dc60000 - 0x000000006dd32000 	F:\Android Studio\jre\jre\bin\msvcr100.dll
0x000000006e840000 - 0x000000006f08b000 	F:\Android Studio\jre\jre\bin\server\jvm.dll
0x00007fffa2e60000 - 0x00007fffa2e68000 	C:\Windows\System32\PSAPI.DLL
0x00007fff9d640000 - 0x00007fff9d664000 	C:\Windows\SYSTEM32\WINMM.dll
0x00007fff945a0000 - 0x00007fff945aa000 	C:\Windows\SYSTEM32\VERSION.dll
0x00007fff9d610000 - 0x00007fff9d63d000 	C:\Windows\SYSTEM32\WINMMBASE.dll
0x00007fffa2180000 - 0x00007fffa21ca000 	C:\Windows\System32\cfgmgr32.dll
0x00007fff99ff0000 - 0x00007fff99ff9000 	C:\Windows\SYSTEM32\WSOCK32.dll
0x00007fffa3ef0000 - 0x00007fffa3f5f000 	C:\Windows\System32\ws2_32.DLL
0x00007fff98fd0000 - 0x00007fff98fdf000 	F:\Android Studio\jre\jre\bin\verify.dll
0x00007fff91690000 - 0x00007fff916b9000 	F:\Android Studio\jre\jre\bin\java.dll
0x00007fff91f50000 - 0x00007fff91f66000 	F:\Android Studio\jre\jre\bin\zip.dll
0x00007fffa2610000 - 0x00007fffa2cf7000 	C:\Windows\System32\SHELL32.dll
0x00007fffa36b0000 - 0x00007fffa3759000 	C:\Windows\System32\shcore.dll
0x00007fffa1390000 - 0x00007fffa1b11000 	C:\Windows\System32\windows.storage.dll
0x00007fffa1090000 - 0x00007fffa10b3000 	C:\Windows\System32\profapi.dll
0x00007fffa1000000 - 0x00007fffa104a000 	C:\Windows\System32\powrprof.dll
0x00007fffa0ff0000 - 0x00007fffa1000000 	C:\Windows\System32\UMPDC.dll
0x00007fffa4020000 - 0x00007fffa4072000 	C:\Windows\System32\shlwapi.dll
0x00007fffa1050000 - 0x00007fffa1061000 	C:\Windows\System32\kernel.appcore.dll
0x00007fffa21d0000 - 0x00007fffa21e7000 	C:\Windows\System32\cryptsp.dll
0x00007fff91630000 - 0x00007fff9164a000 	F:\Android Studio\jre\jre\bin\net.dll
0x00007fffa0840000 - 0x00007fffa08a7000 	C:\Windows\system32\mswsock.dll
0x00007fff8f310000 - 0x00007fff8f323000 	F:\Android Studio\jre\jre\bin\nio.dll
0x00007fff99fb0000 - 0x00007fff99fd7000 	C:\Users\Prince\.gradle\native\f6784746aeab05261644944871eae4fe03e0ef1612fff0a4a95f87b438bc6780\windows-amd64\native-platform.dll
0x00007fff93840000 - 0x00007fff9384d000 	F:\Android Studio\jre\jre\bin\management.dll
0x00007fffa03b0000 - 0x00007fffa03e3000 	C:\Windows\system32\rsaenh.dll
0x00007fffa1160000 - 0x00007fffa1186000 	C:\Windows\System32\bcrypt.dll
0x00007fffa0ed0000 - 0x00007fffa0ef5000 	C:\Windows\SYSTEM32\USERENV.dll
0x00007fffa0a10000 - 0x00007fffa0a1c000 	C:\Windows\SYSTEM32\CRYPTBASE.dll
0x00007fffa0550000 - 0x00007fffa058a000 	C:\Windows\SYSTEM32\IPHLPAPI.DLL
0x00007fffa3f60000 - 0x00007fffa3f68000 	C:\Windows\System32\NSI.dll
0x00007fff9f8e0000 - 0x00007fff9f8f6000 	C:\Windows\SYSTEM32\dhcpcsvc6.DLL
0x00007fff9f8c0000 - 0x00007fff9f8dc000 	C:\Windows\SYSTEM32\dhcpcsvc.DLL
0x00007fffa05a0000 - 0x00007fffa066b000 	C:\Windows\SYSTEM32\DNSAPI.dll
0x00007fff9efb0000 - 0x00007fff9efbb000 	C:\Windows\SYSTEM32\WINNSI.DLL
0x00007fff8d270000 - 0x00007fff8d294000 	F:\Android Studio\jre\jre\bin\sunec.dll
0x00007fff94560000 - 0x00007fff9456a000 	C:\Windows\System32\rasadhlp.dll
0x00007fff9eeb0000 - 0x00007fff9ef27000 	C:\Windows\System32\fwpuclnt.dll
0x00007fff9d310000 - 0x00007fff9d31b000 	F:\Android Studio\jre\jre\bin\sunmscapi.dll
0x00007fffa1240000 - 0x00007fffa1389000 	C:\Windows\System32\CRYPT32.dll
0x00007fffa1070000 - 0x00007fffa1082000 	C:\Windows\System32\MSASN1.dll

VM Arguments:
jvm_args: -Xmx2048m -Dfile.encoding=UTF-8 -Duser.country=US -Duser.language=en -Duser.variant 
java_command: org.gradle.launcher.daemon.bootstrap.GradleDaemon 6.5
java_class_path (initial): C:\Users\Prince\.gradle\wrapper\dists\gradle-6.5-bin\6nifqtx7604sqp1q6g8wikw7p\gradle-6.5\lib\gradle-launcher-6.5.jar
Launcher Type: SUN_STANDARD

Environment Variables:
PATH=C:\Program Files\Common Files\Oracle\Java\javapath;F:\bin;F:\VMware\bin\;C:\Program Files\NVIDIA GPU Computing Toolkit\CUDA\v11.0\bin;C:\Program Files\NVIDIA GPU Computing Toolkit\CUDA\v11.0\libnvvp;C:\Program Files (x86)\Common Files\Intel\Shared Libraries\redist\intel64_win\compiler;C:\ProgramData\Oracle\Java\javapath;C:\Windows\system32;C:\Windows;C:\Windows\System32\Wbem;C:\Windows\System32\WindowsPowerShell\v1.0\;C:\Windows\System32\OpenSSH\;C:\Program Files\NVIDIA Corporation\NVIDIA NvDLISR;C:\Program Files (x86)\NVIDIA Corporation\PhysX\Common;C:\Program Files\NVIDIA Corporation\Nsight Compute 2020.1.2\;C:\Program Files\Git\cmd;C:\Program Files\PuTTY\;C:\Program Files\Amazon\AWSCLIV2\;C:\Program Files\nodejs\;C:\Users\Prince\.amplify\bin;C:\Users\Prince\.amplify\bin;F:\Anaconda;F:\Anaconda\Library\mingw-w64\bin;F:\Anaconda\Library\usr\bin;F:\Anaconda\Library\bin;F:\Anaconda\Scripts;C:\Users\Prince\AppData\Local\Programs\Python\Python38-32\Scripts\;C:\Users\Prince\AppData\Local\Programs\Python\Python38-32\;C:\Users\Prince\AppData\Local\Microsoft\WindowsApps;F:\Pycharm\PyCharm Community Edition 2020.2.2\bin;;F:\Microsoft VS Code\bin;C:\Users\Prince\AppData\Roaming\npm
USERNAME=Prince
OS=Windows_NT
PROCESSOR_IDENTIFIER=Intel64 Family 6 Model 142 Stepping 10, GenuineIntel



---------------  S Y S T E M  ---------------

OS: Windows 10.0 , 64 bit Build 18362 (10.0.18362.1110)

CPU:total 8 (initial active 8) (4 cores per cpu, 2 threads per core) family 6 model 142 stepping 10, cmov, cx8, fxsr, mmx, sse, sse2, sse3, ssse3, sse4.1, sse4.2, popcnt, avx, avx2, aes, clmul, erms, 3dnowpref, lzcnt, ht, tsc, tscinvbit, bmi1, bmi2, adx

Memory: 4k page, physical 8301584k(715756k free), swap 12495888k(6172k free)

vm_info: OpenJDK 64-Bit Server VM (25.242-b01) for windows-amd64 JRE (1.8.0_242-release-1644-b01), built by "builder" with MS VC++ 10.0 (VS2010)

time: Thu Jul 29 09:59:11 2021
timezone: India Standard Time
elapsed time: 3355 seconds (0d 0h 55m 55s)

