#
# There is insufficient memory for the Java Runtime Environment to continue.
# Native memory allocation (malloc) failed to allocate 1094576 bytes for Chunk::new
# Possible reasons:
#   The system is out of physical RAM or swap space
#   The process is running with CompressedOops enabled, and the Java Heap may be blocking the growth of the native heap
# Possible solutions:
#   Reduce memory load on the system
#   Increase physical memory or swap space
#   Check if swap backing store is full
#   Decrease Java heap size (-Xmx/-Xms)
#   Decrease number of Java threads
#   Decrease Java thread stack sizes (-Xss)
#   Set larger code cache with -XX:ReservedCodeCacheSize=
#   JVM is running with Unscaled Compressed Oops mode in which the Java heap is
#     placed in the first 4GB address space. The Java Heap base address is the
#     maximum limit for the native heap growth. Please use -XX:HeapBaseMinAddress
#     to set the Java Heap base and to place the Java Heap above 4GB virtual address.
# This output file may be truncated or incomplete.
#
#  Out of Memory Error (allocation.cpp:389), pid=6240, tid=0x0000000000001d44
#
# JRE version: OpenJDK Runtime Environment (8.0_242-b01) (build 1.8.0_242-release-1644-b01)
# Java VM: OpenJDK 64-Bit Server VM (25.242-b01 mixed mode windows-amd64 compressed oops)
# Failed to write core dump. Minidumps are not enabled by default on client versions of Windows
#

---------------  T H R E A D  ---------------

Current thread (0x0000000019797800):  JavaThread "C2 CompilerThread1" daemon [_thread_in_native, id=7492, stack(0x000000001a160000,0x000000001a260000)]

Stack: [0x000000001a160000,0x000000001a260000]
[error occurred during error reporting (printing stack bounds), id 0xc0000005]

Native frames: (J=compiled Java code, j=interpreted, Vv=VM code, C=native code)


Current CompileTask:
C2:  17321 8079       4       com.android.utils.XmlUtils::append (639 bytes)


---------------  P R O C E S S  ---------------

Java Threads: ( => current thread )
  0x000000002b36a000 JavaThread "WorkerExecutor Queue Thread 7" [_thread_new, id=4084, stack(0x0000000000000000,0x0000000000000000)]
  0x000000002b360000 JavaThread "WorkerExecutor Queue Thread 6" [_thread_in_Java, id=3720, stack(0x000000002d8a0000,0x000000002d9a0000)]
  0x000000002b361800 JavaThread "WorkerExecutor Queue Thread 5" [_thread_in_Java, id=13944, stack(0x000000002d7a0000,0x000000002d8a0000)]
  0x000000002b35e000 JavaThread "pool-2-thread-1" [_thread_blocked, id=15812, stack(0x000000002d3f0000,0x000000002d4f0000)]
  0x000000002b364800 JavaThread "WorkerExecutor Queue Thread 4" [_thread_in_Java, id=3656, stack(0x000000002d6a0000,0x000000002d7a0000)]
  0x000000002b35e800 JavaThread "WorkerExecutor Queue Thread 3" [_thread_in_Java, id=16244, stack(0x000000002d2f0000,0x000000002d3f0000)]
  0x000000002b364000 JavaThread "WorkerExecutor Queue Thread 2" [_thread_blocked, id=3576, stack(0x000000002d090000,0x000000002d190000)]
  0x000000002b363000 JavaThread "WorkerExecutor Queue" [_thread_in_native, id=12008, stack(0x000000002ce30000,0x000000002cf30000)]
  0x000000001b6ce000 JavaThread "Cache worker for execution history cache (C:\Users\Prince\AndroidStudioProjects\Artisan\.gradle\6.5\executionHistory)" [_thread_blocked, id=14392, stack(0x000000002c1d0000,0x000000002c2d0000)]
  0x000000001b6c8000 JavaThread "Execution worker for ':' Thread 7" [_thread_blocked, id=5280, stack(0x000000002c930000,0x000000002ca30000)]
  0x000000001b6cd800 JavaThread "Execution worker for ':' Thread 6" [_thread_blocked, id=3216, stack(0x000000002c830000,0x000000002c930000)]
  0x000000001b6c9000 JavaThread "Execution worker for ':' Thread 5" [_thread_in_vm, id=13368, stack(0x000000002c730000,0x000000002c830000)]
  0x000000001b6cc800 JavaThread "Execution worker for ':' Thread 4" [_thread_blocked, id=8404, stack(0x000000002c630000,0x000000002c730000)]
  0x000000001b6ca800 JavaThread "Execution worker for ':' Thread 3" [_thread_blocked, id=11864, stack(0x000000002c530000,0x000000002c630000)]
  0x000000001b6cb000 JavaThread "Execution worker for ':' Thread 2" [_thread_blocked, id=13184, stack(0x000000002c430000,0x000000002c530000)]
  0x000000001b6cc000 JavaThread "Execution worker for ':'" [_thread_blocked, id=16156, stack(0x000000002c330000,0x000000002c430000)]
  0x000000001b6c0800 JavaThread "Cache worker for file content cache (C:\Users\Prince\AndroidStudioProjects\Artisan\.gradle\6.5\fileContent)" [_thread_blocked, id=10300, stack(0x000000002ad90000,0x000000002ae90000)]
  0x000000001b6c7800 JavaThread "Memory manager" [_thread_blocked, id=13000, stack(0x0000000027650000,0x0000000027750000)]
  0x000000001b6c0000 JavaThread "Cache worker for Build Output Cleanup Cache (C:\Users\Prince\AndroidStudioProjects\Artisan\.gradle\buildOutputCleanup)" [_thread_blocked, id=2156, stack(0x0000000025260000,0x0000000025360000)]
  0x000000001b6bf000 JavaThread "jar transforms Thread 92" [_thread_blocked, id=8064, stack(0x00000000297e0000,0x00000000298e0000)]
  0x000000001b6c4800 JavaThread "jar transforms Thread 91" [_thread_blocked, id=13844, stack(0x00000000296e0000,0x00000000297e0000)]
  0x000000001b6c6000 JavaThread "jar transforms Thread 90" [_thread_blocked, id=12348, stack(0x00000000295e0000,0x00000000296e0000)]
  0x000000001b6c5000 JavaThread "jar transforms Thread 89" [_thread_blocked, id=1852, stack(0x00000000294e0000,0x00000000295e0000)]
  0x000000001b6c2000 JavaThread "jar transforms Thread 88" [_thread_blocked, id=14176, stack(0x00000000293e0000,0x00000000294e0000)]
  0x000000001b6c3800 JavaThread "jar transforms Thread 87" [_thread_blocked, id=11312, stack(0x00000000292e0000,0x00000000293e0000)]
  0x000000001b6c3000 JavaThread "jar transforms Thread 86" [_thread_blocked, id=12080, stack(0x00000000291e0000,0x00000000292e0000)]
  0x000000001b6c1800 JavaThread "jar transforms Thread 85" [_thread_blocked, id=16304, stack(0x00000000290e0000,0x00000000291e0000)]
  0x0000000020790800 JavaThread "jar transforms Thread 84" [_thread_blocked, id=6236, stack(0x0000000028fe0000,0x00000000290e0000)]
  0x000000002078f800 JavaThread "jar transforms Thread 83" [_thread_blocked, id=10772, stack(0x0000000028ee0000,0x0000000028fe0000)]
  0x000000002078f000 JavaThread "jar transforms Thread 82" [_thread_blocked, id=11180, stack(0x0000000028de0000,0x0000000028ee0000)]
  0x000000002078e000 JavaThread "jar transforms Thread 81" [_thread_blocked, id=3108, stack(0x0000000028ce0000,0x0000000028de0000)]
  0x000000002078d800 JavaThread "jar transforms Thread 80" [_thread_blocked, id=4116, stack(0x0000000028be0000,0x0000000028ce0000)]
  0x000000002078c800 JavaThread "jar transforms Thread 79" [_thread_blocked, id=12472, stack(0x0000000028ae0000,0x0000000028be0000)]
  0x0000000020785000 JavaThread "jar transforms Thread 78" [_thread_blocked, id=8660, stack(0x00000000289e0000,0x0000000028ae0000)]
  0x000000002078c000 JavaThread "jar transforms Thread 77" [_thread_blocked, id=4556, stack(0x00000000288e0000,0x00000000289e0000)]
  0x000000002078b000 JavaThread "jar transforms Thread 76" [_thread_blocked, id=2456, stack(0x00000000287e0000,0x00000000288e0000)]
  0x0000000020786000 JavaThread "jar transforms Thread 75" [_thread_blocked, id=3272, stack(0x00000000286e0000,0x00000000287e0000)]
  0x000000002078a800 JavaThread "jar transforms Thread 74" [_thread_blocked, id=2264, stack(0x00000000285e0000,0x00000000286e0000)]
  0x0000000020789800 JavaThread "jar transforms Thread 73" [_thread_blocked, id=9556, stack(0x00000000284e0000,0x00000000285e0000)]
  0x0000000020782000 JavaThread "jar transforms Thread 72" [_thread_blocked, id=14892, stack(0x00000000283e0000,0x00000000284e0000)]
  0x0000000020789000 JavaThread "jar transforms Thread 71" [_thread_blocked, id=4620, stack(0x00000000282e0000,0x00000000283e0000)]
  0x0000000020781800 JavaThread "jar transforms Thread 70" [_thread_blocked, id=11792, stack(0x00000000281e0000,0x00000000282e0000)]
  0x0000000020788000 JavaThread "jar transforms Thread 69" [_thread_blocked, id=3120, stack(0x00000000280e0000,0x00000000281e0000)]
  0x0000000020784800 JavaThread "jar transforms Thread 68" [_thread_blocked, id=15804, stack(0x0000000027fe0000,0x00000000280e0000)]
  0x0000000020787800 JavaThread "jar transforms Thread 67" [_thread_blocked, id=15340, stack(0x0000000027ee0000,0x0000000027fe0000)]
  0x0000000020783800 JavaThread "jar transforms Thread 66" [_thread_blocked, id=4036, stack(0x0000000027de0000,0x0000000027ee0000)]
  0x0000000020786800 JavaThread "jar transforms Thread 65" [_thread_blocked, id=4976, stack(0x0000000027ce0000,0x0000000027de0000)]
  0x0000000020783000 JavaThread "jar transforms Thread 64" [_thread_blocked, id=14124, stack(0x0000000027be0000,0x0000000027ce0000)]
  0x000000001f7db000 JavaThread "jar transforms Thread 63" [_thread_blocked, id=6164, stack(0x0000000027ae0000,0x0000000027be0000)]
  0x000000001f7d9800 JavaThread "jar transforms Thread 62" [_thread_blocked, id=16232, stack(0x00000000279e0000,0x0000000027ae0000)]
  0x000000001f7d8800 JavaThread "jar transforms Thread 61" [_thread_blocked, id=15316, stack(0x00000000278e0000,0x00000000279e0000)]
  0x000000001f7da000 JavaThread "jar transforms Thread 60" [_thread_blocked, id=9748, stack(0x00000000277e0000,0x00000000278e0000)]
  0x000000001f7db800 JavaThread "jar transforms Thread 59" [_thread_blocked, id=12296, stack(0x0000000026bd0000,0x0000000026cd0000)]
  0x000000001f7d1000 JavaThread "jar transforms Thread 58" [_thread_blocked, id=4368, stack(0x0000000027550000,0x0000000027650000)]
  0x000000001f7d8000 JavaThread "jar transforms Thread 57" [_thread_blocked, id=13596, stack(0x0000000027450000,0x0000000027550000)]
  0x000000001f7d7000 JavaThread "jar transforms Thread 56" [_thread_blocked, id=16008, stack(0x0000000027350000,0x0000000027450000)]
  0x000000001f7cf800 JavaThread "jar transforms Thread 55" [_thread_blocked, id=5672, stack(0x0000000027250000,0x0000000027350000)]
  0x000000001f7d6800 JavaThread "jar transforms Thread 54" [_thread_blocked, id=7204, stack(0x0000000027150000,0x0000000027250000)]
  0x000000001f7cf000 JavaThread "jar transforms Thread 53" [_thread_blocked, id=5740, stack(0x0000000027050000,0x0000000027150000)]
  0x000000001f7d5800 JavaThread "jar transforms Thread 52" [_thread_blocked, id=296, stack(0x0000000026f50000,0x0000000027050000)]
  0x000000001f7d0800 JavaThread "jar transforms Thread 51" [_thread_blocked, id=13832, stack(0x0000000026e50000,0x0000000026f50000)]
  0x000000001f7d2000 JavaThread "jar transforms Thread 50" [_thread_blocked, id=12268, stack(0x0000000026d50000,0x0000000026e50000)]
  0x000000001f7d5000 JavaThread "jar transforms Thread 49" [_thread_blocked, id=1904, stack(0x0000000026ad0000,0x0000000026bd0000)]
  0x000000001f7cd800 JavaThread "jar transforms Thread 48" [_thread_blocked, id=15548, stack(0x00000000269d0000,0x0000000026ad0000)]
  0x000000001f7ce000 JavaThread "jar transforms Thread 47" [_thread_blocked, id=6684, stack(0x00000000268d0000,0x00000000269d0000)]
  0x000000001f7d3800 JavaThread "jar transforms Thread 46" [_thread_blocked, id=6940, stack(0x00000000267d0000,0x00000000268d0000)]
  0x000000001f7d4000 JavaThread "jar transforms Thread 45" [_thread_blocked, id=12840, stack(0x00000000266d0000,0x00000000267d0000)]
  0x000000001f7d2800 JavaThread "jar transforms Thread 44" [_thread_blocked, id=7708, stack(0x00000000265d0000,0x00000000266d0000)]
  0x000000001f7cc800 JavaThread "jar transforms Thread 43" [_thread_blocked, id=10332, stack(0x00000000264d0000,0x00000000265d0000)]
  0x000000001c4f2800 JavaThread "jar transforms Thread 42" [_thread_blocked, id=7144, stack(0x00000000263d0000,0x00000000264d0000)]
  0x000000001c4f2000 JavaThread "jar transforms Thread 41" [_thread_blocked, id=3776, stack(0x00000000262d0000,0x00000000263d0000)]
  0x000000001c4f1000 JavaThread "jar transforms Thread 40" [_thread_blocked, id=6712, stack(0x00000000261d0000,0x00000000262d0000)]
  0x000000001c4f0800 JavaThread "jar transforms Thread 39" [_thread_blocked, id=4320, stack(0x00000000260d0000,0x00000000261d0000)]
  0x000000001c4ef800 JavaThread "jar transforms Thread 38" [_thread_blocked, id=15848, stack(0x0000000025fd0000,0x00000000260d0000)]
  0x000000001c4e8000 JavaThread "jar transforms Thread 37" [_thread_blocked, id=9400, stack(0x0000000025ed0000,0x0000000025fd0000)]
  0x000000001c4ef000 JavaThread "jar transforms Thread 36" [_thread_blocked, id=4684, stack(0x0000000025dd0000,0x0000000025ed0000)]
  0x000000001c4ed000 JavaThread "jar transforms Thread 35" [_thread_blocked, id=13940, stack(0x0000000025cd0000,0x0000000025dd0000)]
  0x000000001c4ec800 JavaThread "jar transforms Thread 34" [_thread_blocked, id=14556, stack(0x0000000025bd0000,0x0000000025cd0000)]
  0x000000001c4eb800 JavaThread "jar transforms Thread 33" [_thread_blocked, id=11600, stack(0x0000000025ad0000,0x0000000025bd0000)]
  0x000000001c4ee000 JavaThread "jar transforms Thread 32" [_thread_blocked, id=2832, stack(0x00000000259d0000,0x0000000025ad0000)]
  0x000000001c4e4000 JavaThread "jar transforms Thread 31" [_thread_blocked, id=5088, stack(0x00000000258d0000,0x00000000259d0000)]
  0x000000001c4eb000 JavaThread "jar transforms Thread 30" [_thread_blocked, id=13556, stack(0x00000000257d0000,0x00000000258d0000)]
  0x000000001c4e3800 JavaThread "jar transforms Thread 29" [_thread_blocked, id=12168, stack(0x00000000256d0000,0x00000000257d0000)]
  0x000000001c4e7000 JavaThread "jar transforms Thread 28" [_thread_blocked, id=16252, stack(0x00000000255d0000,0x00000000256d0000)]
  0x000000001c4ea000 JavaThread "jar transforms Thread 27" [_thread_blocked, id=1088, stack(0x00000000254d0000,0x00000000255d0000)]
  0x000000001c4e6800 JavaThread "jar transforms Thread 26" [_thread_blocked, id=14040, stack(0x00000000253d0000,0x00000000254d0000)]
  0x000000001c4e8800 JavaThread "jar transforms Thread 25" [_thread_blocked, id=10820, stack(0x0000000025160000,0x0000000025260000)]
  0x000000001c4e5800 JavaThread "jar transforms Thread 24" [_thread_blocked, id=11944, stack(0x0000000025060000,0x0000000025160000)]
  0x000000001c4e5000 JavaThread "jar transforms Thread 23" [_thread_blocked, id=10988, stack(0x0000000024f60000,0x0000000025060000)]
  0x000000001c4e9800 JavaThread "jar transforms Thread 22" [_thread_blocked, id=11336, stack(0x0000000024e60000,0x0000000024f60000)]
  0x0000000020809800 JavaThread "jar transforms Thread 21" [_thread_blocked, id=3028, stack(0x0000000024d60000,0x0000000024e60000)]
  0x000000002080d000 JavaThread "jar transforms Thread 20" [_thread_blocked, id=12436, stack(0x0000000024c60000,0x0000000024d60000)]
  0x0000000020810000 JavaThread "jar transforms Thread 19" [_thread_blocked, id=12964, stack(0x0000000024b60000,0x0000000024c60000)]
  0x000000002080c800 JavaThread "jar transforms Thread 18" [_thread_blocked, id=13372, stack(0x0000000024a60000,0x0000000024b60000)]
  0x000000002080f800 JavaThread "jar transforms Thread 17" [_thread_blocked, id=16052, stack(0x0000000024960000,0x0000000024a60000)]
  0x000000002080b800 JavaThread "jar transforms Thread 16" [_thread_blocked, id=1380, stack(0x0000000024860000,0x0000000024960000)]
  0x000000002080e800 JavaThread "jar transforms Thread 15" [_thread_blocked, id=2812, stack(0x0000000024760000,0x0000000024860000)]
  0x000000002080a000 JavaThread "jar transforms Thread 14" [_thread_blocked, id=14740, stack(0x0000000024660000,0x0000000024760000)]
  0x000000002080b000 JavaThread "jar transforms Thread 13" [_thread_blocked, id=2844, stack(0x0000000024560000,0x0000000024660000)]
  0x000000002080e000 JavaThread "jar transforms Thread 12" [_thread_blocked, id=15268, stack(0x0000000024460000,0x0000000024560000)]
  0x00000000209e7000 JavaThread "jar transforms Thread 11" [_thread_blocked, id=8620, stack(0x0000000024360000,0x0000000024460000)]
  0x00000000209e6000 JavaThread "jar transforms Thread 10" [_thread_blocked, id=13968, stack(0x0000000024260000,0x0000000024360000)]
  0x00000000209e5800 JavaThread "jar transforms Thread 9" [_thread_blocked, id=12452, stack(0x0000000024160000,0x0000000024260000)]
  0x00000000209e4800 JavaThread "jar transforms Thread 8" [_thread_blocked, id=14824, stack(0x0000000024060000,0x0000000024160000)]
  0x00000000209e2800 JavaThread "jar transforms Thread 7" [_thread_blocked, id=15396, stack(0x0000000023f60000,0x0000000024060000)]
  0x00000000209e4000 JavaThread "jar transforms Thread 6" [_thread_blocked, id=16264, stack(0x0000000023e60000,0x0000000023f60000)]
  0x00000000209e3000 JavaThread "jar transforms Thread 5" [_thread_blocked, id=12084, stack(0x0000000023d60000,0x0000000023e60000)]
  0x00000000209e8800 JavaThread "jar transforms Thread 4" [_thread_blocked, id=14456, stack(0x0000000023c60000,0x0000000023d60000)]
  0x00000000209e8000 JavaThread "jar transforms Thread 3" [_thread_blocked, id=7688, stack(0x0000000023b60000,0x0000000023c60000)]
  0x00000000209db000 JavaThread "jar transforms Thread 2" [_thread_blocked, id=11640, stack(0x0000000023a60000,0x0000000023b60000)]
  0x00000000209e1800 JavaThread "Build operations Thread 8" [_thread_blocked, id=11964, stack(0x0000000023960000,0x0000000023a60000)]
  0x00000000209df800 JavaThread "Build operations Thread 7" [_thread_blocked, id=3628, stack(0x0000000023860000,0x0000000023960000)]
  0x00000000209da000 JavaThread "Build operations Thread 6" [_thread_blocked, id=13404, stack(0x0000000023760000,0x0000000023860000)]
  0x00000000209de000 JavaThread "Build operations Thread 5" [_thread_blocked, id=13816, stack(0x0000000023660000,0x0000000023760000)]
  0x00000000209de800 JavaThread "Build operations Thread 4" [_thread_blocked, id=15204, stack(0x0000000023560000,0x0000000023660000)]
  0x00000000209db800 JavaThread "Build operations Thread 3" [_thread_blocked, id=92, stack(0x0000000023460000,0x0000000023560000)]
  0x00000000209e1000 JavaThread "Build operations Thread 2" [_thread_blocked, id=11760, stack(0x0000000023360000,0x0000000023460000)]
  0x00000000209d9800 JavaThread "Build operations" [_thread_blocked, id=4448, stack(0x0000000023260000,0x0000000023360000)]
  0x000000001c086800 JavaThread "Cache worker for file content cache (C:\Users\Prince\.gradle\caches\6.5\fileContent)" [_thread_blocked, id=10420, stack(0x0000000021b90000,0x0000000021c90000)]
  0x000000001c084800 JavaThread "jar transforms" [_thread_blocked, id=3180, stack(0x0000000021a90000,0x0000000021b90000)]
  0x000000001c083800 JavaThread "Cache worker for execution history cache (C:\Users\Prince\.gradle\caches\6.5\executionHistory)" [_thread_blocked, id=9936, stack(0x0000000021390000,0x0000000021490000)]
  0x000000001c083000 JavaThread "Cache worker for cache directory md-rule (C:\Users\Prince\.gradle\caches\6.5\md-rule)" [_thread_blocked, id=308, stack(0x0000000021290000,0x0000000021390000)]
  0x000000001c089800 JavaThread "Cache worker for cache directory md-supplier (C:\Users\Prince\.gradle\caches\6.5\md-supplier)" [_thread_blocked, id=12644, stack(0x000000001fed0000,0x000000001ffd0000)]
  0x000000001c089000 JavaThread "Cache worker for checksums cache (C:\Users\Prince\AndroidStudioProjects\Artisan\.gradle\checksums)" [_thread_blocked, id=12212, stack(0x000000001f950000,0x000000001fa50000)]
  0x000000001c088000 JavaThread "Cache worker for file hash cache (C:\Users\Prince\AndroidStudioProjects\Artisan\.gradle\6.5\fileHashes)" [_thread_blocked, id=2896, stack(0x000000001f850000,0x000000001f950000)]
  0x000000001c086000 JavaThread "Cache worker for file hash cache (C:\Users\Prince\.gradle\caches\6.5\fileHashes)" [_thread_blocked, id=11752, stack(0x000000001e780000,0x000000001e880000)]
  0x000000001c087800 JavaThread "File lock request listener" [_thread_in_native, id=14636, stack(0x000000001e680000,0x000000001e780000)]
  0x000000001c286000 JavaThread "Cache worker for journal cache (C:\Users\Prince\.gradle\caches\journal-1)" [_thread_blocked, id=1772, stack(0x000000001e580000,0x000000001e680000)]
  0x000000001c1e3000 JavaThread "Thread-9" [_thread_blocked, id=4440, stack(0x000000001e280000,0x000000001e380000)]
  0x000000001c1e2000 JavaThread "Stdin handler" [_thread_blocked, id=12524, stack(0x000000001e180000,0x000000001e280000)]
  0x000000001c1df000 JavaThread "Asynchronous log dispatcher for DefaultDaemonConnection: socket connection from /127.0.0.1:58075 to /127.0.0.1:58076" [_thread_blocked, id=12924, stack(0x000000001e080000,0x000000001e180000)]
  0x000000001c1ca800 JavaThread "Daemon worker" [_thread_blocked, id=8360, stack(0x000000001df80000,0x000000001e080000)]
  0x000000001c1c9000 JavaThread "Cancel handler" [_thread_blocked, id=12460, stack(0x000000001dd80000,0x000000001de80000)]
  0x000000001c1ab800 JavaThread "Handler for socket connection from /127.0.0.1:58075 to /127.0.0.1:58076" [_thread_in_native, id=2744, stack(0x000000001dc80000,0x000000001dd80000)]
  0x000000001c1a6800 JavaThread "Daemon" [_thread_blocked, id=8228, stack(0x000000001d980000,0x000000001da80000)]
  0x000000001c152000 JavaThread "Daemon periodic checks" [_thread_blocked, id=3744, stack(0x000000001d880000,0x000000001d980000)]
  0x000000001c0a4000 JavaThread "Incoming local TCP Connector on port 58075" [_thread_in_native, id=12640, stack(0x000000001d640000,0x000000001d740000)]
  0x000000001a763800 JavaThread "Daemon health stats" [_thread_blocked, id=13624, stack(0x000000001d000000,0x000000001d100000)]
  0x0000000019836000 JavaThread "Service Thread" daemon [_thread_blocked, id=7724, stack(0x000000001a460000,0x000000001a560000)]
  0x00000000197a3800 JavaThread "C1 CompilerThread3" daemon [_thread_blocked, id=10468, stack(0x000000001a360000,0x000000001a460000)]
  0x00000000197a0000 JavaThread "C2 CompilerThread2" daemon [_thread_in_native, id=14920, stack(0x000000001a260000,0x000000001a360000)]
=>0x0000000019797800 JavaThread "C2 CompilerThread1" daemon [_thread_in_native, id=7492, stack(0x000000001a160000,0x000000001a260000)]
  0x0000000019794800 JavaThread "C2 CompilerThread0" daemon [_thread_in_native, id=10808, stack(0x000000001a060000,0x000000001a160000)]
  0x000000001978f000 JavaThread "Attach Listener" daemon [_thread_blocked, id=12636, stack(0x0000000019f60000,0x000000001a060000)]
  0x000000001978e000 JavaThread "Signal Dispatcher" daemon [_thread_blocked, id=12344, stack(0x0000000019e60000,0x0000000019f60000)]
  0x0000000019781000 JavaThread "Finalizer" daemon [_thread_blocked, id=15768, stack(0x0000000019c60000,0x0000000019d60000)]
  0x0000000019780800 JavaThread "Reference Handler" daemon [_thread_blocked, id=13668, stack(0x0000000019b60000,0x0000000019c60000)]
  0x00000000027ee000 JavaThread "main" [_thread_blocked, id=9112, stack(0x0000000002620000,0x0000000002720000)]

Other Threads:
  0x0000000017978800 VMThread [stack: 0x0000000019660000,0x0000000019760000] [id=3116]
  0x00000000197ff000 WatcherThread [stack: 0x000000001a560000,0x000000001a660000] [id=12660]

VM state:at safepoint (normal execution)

VM Mutex/Monitor currently owned by a thread:  ([mutex/lock_event])
[0x00000000027ed100] Safepoint_lock - owner thread: 0x0000000017978800
[0x00000000027ecf00] Threads_lock - owner thread: 0x0000000017978800

heap address: 0x0000000080000000, size: 2048 MB, Compressed Oops mode: 32-bit
Narrow klass base: 0x0000000000000000, Narrow klass shift: 3
Compressed class space size: 1073741824 Address: 0x0000000100000000

Heap:
 PSYoungGen      total 260608K, used 153027K [0x00000000d5580000, 0x00000000e6f00000, 0x0000000100000000)
  eden space 240640K, 55% used [0x00000000d5580000,0x00000000dd7c29d8,0x00000000e4080000)
  from space 19968K, 98% used [0x00000000e5b80000,0x00000000e6eae2f8,0x00000000e6f00000)
  to   space 23552K, 0% used [0x00000000e4100000,0x00000000e4100000,0x00000000e5800000)
 ParOldGen       total 67584K, used 39407K [0x0000000080000000, 0x0000000084200000, 0x00000000d5580000)
  object space 67584K, 58% used [0x0000000080000000,0x000000008267bf80,0x0000000084200000)
 Metaspace       used 65704K, capacity 69016K, committed 69272K, reserved 1110016K
  class space    used 9035K, capacity 9645K, committed 9648K, reserved 1048576K

Card table byte_map: [0x0000000011cd0000,0x00000000120e0000] byte_map_base: 0x00000000118d0000

Marking Bits: (ParMarkBitMap*) 0x000000006f00f030
 Begin Bits: [0x0000000012b90000, 0x0000000014b90000)
 End Bits:   [0x0000000014b90000, 0x0000000016b90000)

Polling page: 0x00000000005f0000

CodeCache: size=245760Kb used=23933Kb max_used=23933Kb free=221826Kb
 bounds [0x0000000002910000, 0x0000000004090000, 0x0000000011910000]
 total_blobs=8050 nmethods=7257 adapters=705
 compilation: enabled

Compilation events (10 events):
Event: 17.316 Thread 0x00000000197a3800 8220       2       java.io.ObjectInputStream::skipCustomData (105 bytes)
Event: 17.316 Thread 0x00000000197a3800 nmethod 8220 0x0000000004084190 code [0x00000000040843a0, 0x0000000004084968]
Event: 17.316 Thread 0x00000000197a3800 8219       2       java.io.ObjectOutputStream$BlockDataOutputStream::writeLong (48 bytes)
Event: 17.316 Thread 0x00000000197a3800 nmethod 8219 0x0000000004084e10 code [0x0000000004084f80, 0x0000000004085158]
Event: 17.318 Thread 0x00000000197a3800 8224   !   2       sun.reflect.GeneratedSerializationConstructorAccessor7::newInstance (49 bytes)
Event: 17.319 Thread 0x00000000197a3800 nmethod 8224 0x0000000004085250 code [0x00000000040853e0, 0x0000000004085708]
Event: 17.319 Thread 0x00000000197a3800 8225  s    2       java.io.File::readObject (80 bytes)
Event: 17.319 Thread 0x00000000197a3800 nmethod 8225 0x0000000004085910 code [0x0000000004085ac0, 0x0000000004085f18]
Event: 17.319 Thread 0x00000000197a3800 8226       2       java.io.ObjectInputStream::access$502 (7 bytes)
Event: 17.319 Thread 0x00000000197a3800 nmethod 8226 0x00000000040861d0 code [0x0000000004086320, 0x0000000004086450]

GC Heap History (10 events):
Event: 4.933 GC heap before
{Heap before GC invocations=11 (full 2):
 PSYoungGen      total 139776K, used 11058K [0x00000000d5580000, 0x00000000e2880000, 0x0000000100000000)
  eden space 128000K, 0% used [0x00000000d5580000,0x00000000d5580000,0x00000000dd280000)
  from space 11776K, 93% used [0x00000000dd280000,0x00000000ddd4cbf8,0x00000000dde00000)
  to   space 12800K, 0% used [0x00000000e1c00000,0x00000000e1c00000,0x00000000e2880000)
 ParOldGen       total 47104K, used 6723K [0x0000000080000000, 0x0000000082e00000, 0x00000000d5580000)
  object space 47104K, 14% used [0x0000000080000000,0x0000000080690d48,0x0000000082e00000)
 Metaspace       used 34336K, capacity 35420K, committed 35496K, reserved 1079296K
  class space    used 4726K, capacity 5003K, committed 5040K, reserved 1048576K
Event: 5.003 GC heap after
Heap after GC invocations=11 (full 2):
 PSYoungGen      total 139776K, used 0K [0x00000000d5580000, 0x00000000e2880000, 0x0000000100000000)
  eden space 128000K, 0% used [0x00000000d5580000,0x00000000d5580000,0x00000000dd280000)
  from space 11776K, 0% used [0x00000000dd280000,0x00000000dd280000,0x00000000dde00000)
  to   space 12800K, 0% used [0x00000000e1c00000,0x00000000e1c00000,0x00000000e2880000)
 ParOldGen       total 67584K, used 17193K [0x0000000080000000, 0x0000000084200000, 0x00000000d5580000)
  object space 67584K, 25% used [0x0000000080000000,0x00000000810ca730,0x0000000084200000)
 Metaspace       used 34336K, capacity 35420K, committed 35496K, reserved 1079296K
  class space    used 4726K, capacity 5003K, committed 5040K, reserved 1048576K
}
Event: 6.490 GC heap before
{Heap before GC invocations=12 (full 2):
 PSYoungGen      total 139776K, used 128000K [0x00000000d5580000, 0x00000000e2880000, 0x0000000100000000)
  eden space 128000K, 100% used [0x00000000d5580000,0x00000000dd280000,0x00000000dd280000)
  from space 11776K, 0% used [0x00000000dd280000,0x00000000dd280000,0x00000000dde00000)
  to   space 12800K, 0% used [0x00000000e1c00000,0x00000000e1c00000,0x00000000e2880000)
 ParOldGen       total 67584K, used 17193K [0x0000000080000000, 0x0000000084200000, 0x00000000d5580000)
  object space 67584K, 25% used [0x0000000080000000,0x00000000810ca730,0x0000000084200000)
 Metaspace       used 40660K, capacity 42434K, committed 42664K, reserved 1085440K
  class space    used 5586K, capacity 5955K, committed 6064K, reserved 1048576K
Event: 6.498 GC heap after
Heap after GC invocations=12 (full 2):
 PSYoungGen      total 190976K, used 11202K [0x00000000d5580000, 0x00000000e2700000, 0x0000000100000000)
  eden space 179712K, 0% used [0x00000000d5580000,0x00000000d5580000,0x00000000e0500000)
  from space 11264K, 99% used [0x00000000e1c00000,0x00000000e26f0b88,0x00000000e2700000)
  to   space 13824K, 0% used [0x00000000e0c00000,0x00000000e0c00000,0x00000000e1980000)
 ParOldGen       total 67584K, used 17201K [0x0000000080000000, 0x0000000084200000, 0x00000000d5580000)
  object space 67584K, 25% used [0x0000000080000000,0x00000000810cc730,0x0000000084200000)
 Metaspace       used 40660K, capacity 42434K, committed 42664K, reserved 1085440K
  class space    used 5586K, capacity 5955K, committed 6064K, reserved 1048576K
}
Event: 8.837 GC heap before
{Heap before GC invocations=13 (full 2):
 PSYoungGen      total 190976K, used 186479K [0x00000000d5580000, 0x00000000e2700000, 0x0000000100000000)
  eden space 179712K, 97% used [0x00000000d5580000,0x00000000e00ab3a8,0x00000000e0500000)
  from space 11264K, 99% used [0x00000000e1c00000,0x00000000e26f0b88,0x00000000e2700000)
  to   space 13824K, 0% used [0x00000000e0c00000,0x00000000e0c00000,0x00000000e1980000)
 ParOldGen       total 67584K, used 17201K [0x0000000080000000, 0x0000000084200000, 0x00000000d5580000)
  object space 67584K, 25% used [0x0000000080000000,0x00000000810cc730,0x0000000084200000)
 Metaspace       used 56686K, capacity 59058K, committed 59160K, reserved 1099776K
  class space    used 7764K, capacity 8218K, committed 8240K, reserved 1048576K
Event: 8.863 GC heap after
Heap after GC invocations=13 (full 2):
 PSYoungGen      total 200704K, used 13813K [0x00000000d5580000, 0x00000000e7000000, 0x0000000100000000)
  eden space 186880K, 0% used [0x00000000d5580000,0x00000000d5580000,0x00000000e0c00000)
  from space 13824K, 99% used [0x00000000e0c00000,0x00000000e197d568,0x00000000e1980000)
  to   space 20992K, 0% used [0x00000000e5b80000,0x00000000e5b80000,0x00000000e7000000)
 ParOldGen       total 67584K, used 31184K [0x0000000080000000, 0x0000000084200000, 0x00000000d5580000)
  object space 67584K, 46% used [0x0000000080000000,0x0000000081e74048,0x0000000084200000)
 Metaspace       used 56686K, capacity 59058K, committed 59160K, reserved 1099776K
  class space    used 7764K, capacity 8218K, committed 8240K, reserved 1048576K
}
Event: 8.863 GC heap before
{Heap before GC invocations=14 (full 3):
 PSYoungGen      total 200704K, used 13813K [0x00000000d5580000, 0x00000000e7000000, 0x0000000100000000)
  eden space 186880K, 0% used [0x00000000d5580000,0x00000000d5580000,0x00000000e0c00000)
  from space 13824K, 99% used [0x00000000e0c00000,0x00000000e197d568,0x00000000e1980000)
  to   space 20992K, 0% used [0x00000000e5b80000,0x00000000e5b80000,0x00000000e7000000)
 ParOldGen       total 67584K, used 31184K [0x0000000080000000, 0x0000000084200000, 0x00000000d5580000)
  object space 67584K, 46% used [0x0000000080000000,0x0000000081e74048,0x0000000084200000)
 Metaspace       used 56686K, capacity 59058K, committed 59160K, reserved 1099776K
  class space    used 7764K, capacity 8218K, committed 8240K, reserved 1048576K
Event: 9.070 GC heap after
Heap after GC invocations=14 (full 3):
 PSYoungGen      total 200704K, used 0K [0x00000000d5580000, 0x00000000e7000000, 0x0000000100000000)
  eden space 186880K, 0% used [0x00000000d5580000,0x00000000d5580000,0x00000000e0c00000)
  from space 13824K, 0% used [0x00000000e0c00000,0x00000000e0c00000,0x00000000e1980000)
  to   space 20992K, 0% used [0x00000000e5b80000,0x00000000e5b80000,0x00000000e7000000)
 ParOldGen       total 67584K, used 39399K [0x0000000080000000, 0x0000000084200000, 0x00000000d5580000)
  object space 67584K, 58% used [0x0000000080000000,0x0000000082679f80,0x0000000084200000)
 Metaspace       used 56641K, capacity 58908K, committed 59160K, reserved 1099776K
  class space    used 7750K, capacity 8193K, committed 8240K, reserved 1048576K
}
Event: 11.855 GC heap before
{Heap before GC invocations=15 (full 3):
 PSYoungGen      total 200704K, used 186880K [0x00000000d5580000, 0x00000000e7000000, 0x0000000100000000)
  eden space 186880K, 100% used [0x00000000d5580000,0x00000000e0c00000,0x00000000e0c00000)
  from space 13824K, 0% used [0x00000000e0c00000,0x00000000e0c00000,0x00000000e1980000)
  to   space 20992K, 0% used [0x00000000e5b80000,0x00000000e5b80000,0x00000000e7000000)
 ParOldGen       total 67584K, used 39399K [0x0000000080000000, 0x0000000084200000, 0x00000000d5580000)
  object space 67584K, 58% used [0x0000000080000000,0x0000000082679f80,0x0000000084200000)
 Metaspace       used 64267K, capacity 67454K, committed 67608K, reserved 1107968K
  class space    used 8889K, capacity 9468K, committed 9520K, reserved 1048576K
Event: 11.870 GC heap after
Heap after GC invocations=15 (full 3):
 PSYoungGen      total 260608K, used 19640K [0x00000000d5580000, 0x00000000e6f00000, 0x0000000100000000)
  eden space 240640K, 0% used [0x00000000d5580000,0x00000000d5580000,0x00000000e4080000)
  from space 19968K, 98% used [0x00000000e5b80000,0x00000000e6eae2f8,0x00000000e6f00000)
  to   space 23552K, 0% used [0x00000000e4100000,0x00000000e4100000,0x00000000e5800000)
 ParOldGen       total 67584K, used 39407K [0x0000000080000000, 0x0000000084200000, 0x00000000d5580000)
  object space 67584K, 58% used [0x0000000080000000,0x000000008267bf80,0x0000000084200000)
 Metaspace       used 64267K, capacity 67454K, committed 67608K, reserved 1107968K
  class space    used 8889K, capacity 9468K, committed 9520K, reserved 1048576K
}

Deoptimization events (10 events):
Event: 17.085 Thread 0x000000001b6c9000 Uncommon trap: reason=class_check action=maybe_recompile pc=0x0000000004008304 method=com.sun.org.apache.xerces.internal.dom.AttrImpl.getOwnerElement()Lorg/w3c/dom/Element; @ 15
Event: 17.085 Thread 0x000000001b6c9000 Uncommon trap: reason=class_check action=maybe_recompile pc=0x0000000003f35670 method=com.sun.org.apache.xerces.internal.dom.ElementImpl.getAttributes()Lorg/w3c/dom/NamedNodeMap; @ 8
Event: 17.089 Thread 0x000000001b6c9000 Uncommon trap: reason=class_check action=maybe_recompile pc=0x000000000400bbb0 method=com.sun.org.apache.xerces.internal.dom.AttrImpl.getOwnerElement()Lorg/w3c/dom/Element; @ 18
Event: 17.089 Thread 0x000000001b6c9000 Uncommon trap: reason=class_check action=maybe_recompile pc=0x000000000400bbb0 method=com.sun.org.apache.xerces.internal.dom.AttrImpl.getOwnerElement()Lorg/w3c/dom/Element; @ 18
Event: 17.090 Thread 0x000000001b6c9000 Uncommon trap: reason=class_check action=maybe_recompile pc=0x0000000004016fa0 method=com.sun.org.apache.xerces.internal.dom.AttrImpl.getOwnerElement()Lorg/w3c/dom/Element; @ 18
Event: 17.094 Thread 0x000000001b6c9000 Uncommon trap: reason=class_check action=maybe_recompile pc=0x0000000003f37c40 method=com.sun.org.apache.xerces.internal.dom.NamedNodeMapImpl.item(I)Lorg/w3c/dom/Node; @ 33
Event: 17.108 Thread 0x000000001b6c9000 Uncommon trap: reason=unstable_if action=reinterpret pc=0x0000000003f91f70 method=com.android.utils.XmlUtils.toXmlAttributeValue(Ljava/lang/String;)Ljava/lang/String; @ 33
Event: 17.108 Thread 0x000000001b6c9000 Uncommon trap: reason=unstable_if action=reinterpret pc=0x0000000003f1f79c method=com.android.utils.XmlUtils.toXmlAttributeValue(Ljava/lang/String;)Ljava/lang/String; @ 33
Event: 17.146 Thread 0x000000001b6c9000 Uncommon trap: reason=unstable_if action=reinterpret pc=0x0000000003f8dc74 method=com.android.utils.XmlUtils.append(Lcom/android/utils/XmlUtils$PositionAwareStringBuilder;Lorg/w3c/dom/Node;Ljava/util/Map;Ljava/util/Set;)V @ 540
Event: 17.148 Thread 0x000000001b6c9000 Uncommon trap: reason=class_check action=maybe_recompile pc=0x0000000003ffb7c4 method=java.io.Writer.append(Ljava/lang/CharSequence;)Ljava/io/Writer; @ 20

Classes redefined (0 events):
No events

Internal exceptions (10 events):
Event: 14.994 Thread 0x000000001b6c9000 Exception <a 'java/lang/NoSuchMethodError': <clinit>> (0x00000000d8f37c30) thrown at [C:\src\AOSP-openjdk-git\hotspot\src\share\vm\prims\jni.cpp, line 1615]
Event: 14.994 Thread 0x000000001b6c9000 Exception <a 'java/lang/NoSuchMethodError': <clinit>> (0x00000000d8f4d1b8) thrown at [C:\src\AOSP-openjdk-git\hotspot\src\share\vm\prims\jni.cpp, line 1615]
Event: 15.080 Thread 0x000000001b6c9000 Implicit null exception at 0x0000000003dee73d to 0x0000000003deec3d
Event: 15.080 Thread 0x000000001b6c9000 Implicit null exception at 0x0000000003dfafdc to 0x0000000003dfb59d
Event: 15.165 Thread 0x000000001b6c9000 Implicit null exception at 0x0000000003f2aea3 to 0x0000000003f2d30d
Event: 17.146 Thread 0x000000001b6c9000 Implicit null exception at 0x0000000003f8fb21 to 0x0000000003f8dc55
Event: 17.249 Thread 0x000000001b6c9000 Exception <a 'java/lang/NoSuchMethodError': <clinit>> (0x00000000dcd0e720) thrown at [C:\src\AOSP-openjdk-git\hotspot\src\share\vm\prims\jni.cpp, line 1615]
Event: 17.249 Thread 0x000000001b6c9000 Exception <a 'java/lang/NoSuchMethodError': <clinit>> (0x00000000dcd1eb40) thrown at [C:\src\AOSP-openjdk-git\hotspot\src\share\vm\prims\jni.cpp, line 1615]
Event: 17.250 Thread 0x000000001b6c9000 Exception <a 'java/lang/NoSuchMethodError': <clinit>> (0x00000000dcd32398) thrown at [C:\src\AOSP-openjdk-git\hotspot\src\share\vm\prims\jni.cpp, line 1615]
Event: 17.255 Thread 0x000000001b6c9000 Exception <a 'java/lang/NoSuchMethodError': <clinit>> (0x00000000dcdad278) thrown at [C:\src\AOSP-openjdk-git\hotspot\src\share\vm\prims\jni.cpp, line 1615]

Events (10 events):
Event: 17.305 loading class com/android/builder/internal/aapt/v2/Aapt2DaemonManager$LeasedAaptDaemon done
Event: 17.306 loading class com/android/builder/internal/aapt/v2/Aapt2DaemonManager$leaseDaemon$1
Event: 17.306 loading class com/android/builder/internal/aapt/v2/Aapt2DaemonManager$leaseDaemon$1 done
Event: 17.306 loading class com/android/builder/internal/aapt/v2/Aapt2Daemon$WhenMappings
Event: 17.306 loading class com/android/builder/internal/aapt/v2/Aapt2Daemon$WhenMappings done
Event: 17.307 loading class com/android/builder/internal/aapt/v2/Aapt2DaemonImpl$WaitForReadyOnStdOut
Event: 17.307 loading class com/android/builder/internal/aapt/v2/Aapt2DaemonImpl$WaitForReadyOnStdOut done
Event: 17.307 loading class java/lang/ProcessBuilder
Event: 17.307 Thread 0x000000002b361800 Thread added: 0x000000002b361800
Event: 17.314 Thread 0x000000002b360000 Thread added: 0x000000002b360000


Dynamic libraries:
0x00007ff73e710000 - 0x00007ff73e741000 	F:\Android Studio\jre\bin\java.exe
0x00007fffa4140000 - 0x00007fffa4330000 	C:\Windows\SYSTEM32\ntdll.dll
0x00007fffa35f0000 - 0x00007fffa36a2000 	C:\Windows\System32\KERNEL32.DLL
0x00007fffa1b20000 - 0x00007fffa1dc5000 	C:\Windows\System32\KERNELBASE.dll
0x00007fffa3f70000 - 0x00007fffa4013000 	C:\Windows\System32\ADVAPI32.dll
0x00007fffa24f0000 - 0x00007fffa258e000 	C:\Windows\System32\msvcrt.dll
0x00007fffa3e20000 - 0x00007fffa3eb7000 	C:\Windows\System32\sechost.dll
0x00007fffa21f0000 - 0x00007fffa2310000 	C:\Windows\System32\RPCRT4.dll
0x00007fffa3810000 - 0x00007fffa39a4000 	C:\Windows\System32\USER32.dll
0x00007fffa1210000 - 0x00007fffa1231000 	C:\Windows\System32\win32u.dll
0x00007fffa3ec0000 - 0x00007fffa3ee6000 	C:\Windows\System32\GDI32.dll
0x00007fffa1fe0000 - 0x00007fffa2176000 	C:\Windows\System32\gdi32full.dll
0x00007fffa10c0000 - 0x00007fffa115e000 	C:\Windows\System32\msvcp_win.dll
0x00007fffa1dd0000 - 0x00007fffa1eca000 	C:\Windows\System32\ucrtbase.dll
0x00007fff8ad30000 - 0x00007fff8afb4000 	C:\Windows\WinSxS\amd64_microsoft.windows.common-controls_6595b64144ccf1df_6.0.18362.1198_none_9e820b57e45ad92f\COMCTL32.dll
0x00007fffa3290000 - 0x00007fffa35c5000 	C:\Windows\System32\combase.dll
0x00007fffa1190000 - 0x00007fffa1210000 	C:\Windows\System32\bcryptPrimitives.dll
0x00007fffa24c0000 - 0x00007fffa24ee000 	C:\Windows\System32\IMM32.DLL
0x000000006de10000 - 0x000000006dee2000 	F:\Android Studio\jre\jre\bin\msvcr100.dll
0x000000006e840000 - 0x000000006f08b000 	F:\Android Studio\jre\jre\bin\server\jvm.dll
0x00007fffa2e60000 - 0x00007fffa2e68000 	C:\Windows\System32\PSAPI.DLL
0x00007fff99ff0000 - 0x00007fff99ff9000 	C:\Windows\SYSTEM32\WSOCK32.dll
0x00007fff945a0000 - 0x00007fff945aa000 	C:\Windows\SYSTEM32\VERSION.dll
0x00007fff9d640000 - 0x00007fff9d664000 	C:\Windows\SYSTEM32\WINMM.dll
0x00007fffa3ef0000 - 0x00007fffa3f5f000 	C:\Windows\System32\WS2_32.dll
0x00007fff9d610000 - 0x00007fff9d63d000 	C:\Windows\SYSTEM32\WINMMBASE.dll
0x00007fffa2180000 - 0x00007fffa21ca000 	C:\Windows\System32\cfgmgr32.dll
0x00007fff98fd0000 - 0x00007fff98fdf000 	F:\Android Studio\jre\jre\bin\verify.dll
0x00007fff91690000 - 0x00007fff916b9000 	F:\Android Studio\jre\jre\bin\java.dll
0x00007fff91f50000 - 0x00007fff91f66000 	F:\Android Studio\jre\jre\bin\zip.dll
0x00007fffa2610000 - 0x00007fffa2cf7000 	C:\Windows\System32\SHELL32.dll
0x00007fffa36b0000 - 0x00007fffa3759000 	C:\Windows\System32\shcore.dll
0x00007fffa1390000 - 0x00007fffa1b11000 	C:\Windows\System32\windows.storage.dll
0x00007fffa1090000 - 0x00007fffa10b3000 	C:\Windows\System32\profapi.dll
0x00007fffa1000000 - 0x00007fffa104a000 	C:\Windows\System32\powrprof.dll
0x00007fffa0ff0000 - 0x00007fffa1000000 	C:\Windows\System32\UMPDC.dll
0x00007fffa4020000 - 0x00007fffa4072000 	C:\Windows\System32\shlwapi.dll
0x00007fffa1050000 - 0x00007fffa1061000 	C:\Windows\System32\kernel.appcore.dll
0x00007fffa21d0000 - 0x00007fffa21e7000 	C:\Windows\System32\cryptsp.dll
0x00007fff91630000 - 0x00007fff9164a000 	F:\Android Studio\jre\jre\bin\net.dll
0x00007fffa0840000 - 0x00007fffa08a7000 	C:\Windows\system32\mswsock.dll
0x00007fff8f310000 - 0x00007fff8f323000 	F:\Android Studio\jre\jre\bin\nio.dll
0x00007fff99fb0000 - 0x00007fff99fd7000 	C:\Users\Prince\.gradle\native\f6784746aeab05261644944871eae4fe03e0ef1612fff0a4a95f87b438bc6780\windows-amd64\native-platform.dll
0x00007fff93840000 - 0x00007fff9384d000 	F:\Android Studio\jre\jre\bin\management.dll
0x00007fffa03b0000 - 0x00007fffa03e3000 	C:\Windows\system32\rsaenh.dll
0x00007fffa1160000 - 0x00007fffa1186000 	C:\Windows\System32\bcrypt.dll
0x00007fffa0ed0000 - 0x00007fffa0ef5000 	C:\Windows\SYSTEM32\USERENV.dll
0x00007fffa0a10000 - 0x00007fffa0a1c000 	C:\Windows\SYSTEM32\CRYPTBASE.dll
0x00007fffa0550000 - 0x00007fffa058a000 	C:\Windows\SYSTEM32\IPHLPAPI.DLL
0x00007fffa3f60000 - 0x00007fffa3f68000 	C:\Windows\System32\NSI.dll
0x00007fff9f8e0000 - 0x00007fff9f8f6000 	C:\Windows\SYSTEM32\dhcpcsvc6.DLL
0x00007fff9f8c0000 - 0x00007fff9f8dc000 	C:\Windows\SYSTEM32\dhcpcsvc.DLL
0x00007fffa05a0000 - 0x00007fffa066b000 	C:\Windows\SYSTEM32\DNSAPI.dll
0x00007fff9efb0000 - 0x00007fff9efbb000 	C:\Windows\SYSTEM32\WINNSI.DLL

VM Arguments:
jvm_args: -Xmx2048m -Dfile.encoding=UTF-8 -Duser.country=US -Duser.language=en -Duser.variant 
java_command: org.gradle.launcher.daemon.bootstrap.GradleDaemon 6.5
java_class_path (initial): C:\Users\Prince\.gradle\wrapper\dists\gradle-6.5-all\2oz4ud9k3tuxjg84bbf55q0tn\gradle-6.5\lib\gradle-launcher-6.5.jar
Launcher Type: SUN_STANDARD

Environment Variables:
PATH=C:\Program Files\Common Files\Oracle\Java\javapath;F:\bin;F:\VMware\bin\;C:\Program Files\NVIDIA GPU Computing Toolkit\CUDA\v11.0\bin;C:\Program Files\NVIDIA GPU Computing Toolkit\CUDA\v11.0\libnvvp;C:\Program Files (x86)\Common Files\Intel\Shared Libraries\redist\intel64_win\compiler;C:\ProgramData\Oracle\Java\javapath;C:\Windows\system32;C:\Windows;C:\Windows\System32\Wbem;C:\Windows\System32\WindowsPowerShell\v1.0\;C:\Windows\System32\OpenSSH\;C:\Program Files\NVIDIA Corporation\NVIDIA NvDLISR;C:\Program Files (x86)\NVIDIA Corporation\PhysX\Common;C:\Program Files\NVIDIA Corporation\Nsight Compute 2020.1.2\;C:\Program Files\Git\cmd;C:\Program Files\PuTTY\;C:\Program Files\Amazon\AWSCLIV2\;C:\Program Files\nodejs\;C:\Users\Prince\.amplify\bin;C:\Users\Prince\.amplify\bin;F:\Anaconda;F:\Anaconda\Library\mingw-w64\bin;F:\Anaconda\Library\usr\bin;F:\Anaconda\Library\bin;F:\Anaconda\Scripts;C:\Users\Prince\AppData\Local\Programs\Python\Python38-32\Scripts\;C:\Users\Prince\AppData\Local\Programs\Python\Python38-32\;C:\Users\Prince\AppData\Local\Microsoft\WindowsApps;F:\Pycharm\PyCharm Community Edition 2020.2.2\bin;;F:\Microsoft VS Code\bin;C:\Users\Prince\AppData\Roaming\npm
USERNAME=Prince
OS=Windows_NT
PROCESSOR_IDENTIFIER=Intel64 Family 6 Model 142 Stepping 10, GenuineIntel



---------------  S Y S T E M  ---------------

OS: Windows 10.0 , 64 bit Build 18362 (10.0.18362.1110)

CPU:total 8 (initial active 8) (4 cores per cpu, 2 threads per core) family 6 model 142 stepping 10, cmov, cx8, fxsr, mmx, sse, sse2, sse3, ssse3, sse4.1, sse4.2, popcnt, avx, avx2, aes, clmul, erms, 3dnowpref, lzcnt, ht, tsc, tscinvbit, bmi1, bmi2, adx

Memory: 4k page, physical 8301584k(585236k free), swap 12495888k(6116k free)

vm_info: OpenJDK 64-Bit Server VM (25.242-b01) for windows-amd64 JRE (1.8.0_242-release-1644-b01), built by "builder" with MS VC++ 10.0 (VS2010)

time: Thu Jul 29 10:21:24 2021
timezone: India Standard Time
elapsed time: 17 seconds (0d 0h 0m 17s)

