#
# There is insufficient memory for the Java Runtime Environment to continue.
# Native memory allocation (malloc) failed to allocate 1084496 bytes for Chunk::new
# Possible reasons:
#   The system is out of physical RAM or swap space
#   The process is running with CompressedOops enabled, and the Java Heap may be blocking the growth of the native heap
# Possible solutions:
#   Reduce memory load on the system
#   Increase physical memory or swap space
#   Check if swap backing store is full
#   Decrease Java heap size (-Xmx/-Xms)
#   Decrease number of Java threads
#   Decrease Java thread stack sizes (-Xss)
#   Set larger code cache with -XX:ReservedCodeCacheSize=
#   JVM is running with Unscaled Compressed Oops mode in which the Java heap is
#     placed in the first 4GB address space. The Java Heap base address is the
#     maximum limit for the native heap growth. Please use -XX:HeapBaseMinAddress
#     to set the Java Heap base and to place the Java Heap above 4GB virtual address.
# This output file may be truncated or incomplete.
#
#  Out of Memory Error (allocation.cpp:389), pid=12772, tid=0x0000000000002c4c
#
# JRE version: OpenJDK Runtime Environment (8.0_242-b01) (build 1.8.0_242-release-1644-b01)
# Java VM: OpenJDK 64-Bit Server VM (25.242-b01 mixed mode windows-amd64 compressed oops)
# Failed to write core dump. Minidumps are not enabled by default on client versions of Windows
#

---------------  T H R E A D  ---------------

Current thread (0x0000000019bb1000):  JavaThread "C2 CompilerThread0" daemon [_thread_in_native, id=11340, stack(0x000000001a490000,0x000000001a590000)]

Stack: [0x000000001a490000,0x000000001a590000]
[error occurred during error reporting (printing stack bounds), id 0xc0000005]

Native frames: (J=compiled Java code, j=interpreted, Vv=VM code, C=native code)


Current CompileTask:
C2:1262194 16846       4       java.io.ObjectOutputStream::writeClassDesc (60 bytes)


---------------  P R O C E S S  ---------------

Java Threads: ( => current thread )
  0x000000001abd9800 JavaThread "stdout" [_thread_in_native, id=5508, stack(0x000000002d0a0000,0x000000002d1a0000)]
  0x000000001abd6800 JavaThread "stderr" [_thread_in_native, id=13432, stack(0x000000002c9a0000,0x000000002caa0000)]
  0x000000001abd6000 JavaThread "pool-14-thread-1" [_thread_blocked, id=11608, stack(0x000000002c8a0000,0x000000002c9a0000)]
  0x000000001abd9000 JavaThread "WorkerExecutor Queue" [_thread_blocked, id=6928, stack(0x000000002c7a0000,0x000000002c8a0000)]
  0x000000001abd8000 JavaThread "Cache worker for execution history cache (C:\Users\Prince\AndroidStudioProjects\Artisan\.gradle\6.5\executionHistory)" [_thread_blocked, id=7388, stack(0x000000002c6a0000,0x000000002c7a0000)]
  0x000000001abd7800 JavaThread "Execution worker for ':' Thread 7" [_thread_blocked, id=11844, stack(0x000000002c5a0000,0x000000002c6a0000)]
  0x000000001abce800 JavaThread "Execution worker for ':' Thread 6" [_thread_blocked, id=11232, stack(0x000000002c4a0000,0x000000002c5a0000)]
  0x000000001abd5000 JavaThread "Execution worker for ':' Thread 5" [_thread_blocked, id=15816, stack(0x000000002c3a0000,0x000000002c4a0000)]
  0x000000001abcd800 JavaThread "Execution worker for ':' Thread 4" [_thread_blocked, id=10596, stack(0x000000002c2a0000,0x000000002c3a0000)]
  0x000000001abd4800 JavaThread "Execution worker for ':' Thread 3" [_thread_blocked, id=6384, stack(0x000000002ad90000,0x000000002ae90000)]
  0x000000001abcd000 JavaThread "Execution worker for ':' Thread 2" [_thread_blocked, id=1356, stack(0x0000000028b90000,0x0000000028c90000)]
  0x000000001abd3800 JavaThread "Execution worker for ':'" [_thread_blocked, id=8396, stack(0x00000000287d0000,0x00000000288d0000)]
  0x000000001abcc000 JavaThread "Cache worker for file content cache (C:\Users\Prince\AndroidStudioProjects\Artisan\.gradle\6.5\fileContent)" [_thread_blocked, id=6840, stack(0x00000000286d0000,0x00000000287d0000)]
  0x000000001abd2000 JavaThread "Cache worker for Build Output Cleanup Cache (C:\Users\Prince\AndroidStudioProjects\Artisan\.gradle\buildOutputCleanup)" [_thread_blocked, id=6848, stack(0x00000000285d0000,0x00000000286d0000)]
  0x000000001abd0000 JavaThread "jar transforms Thread 460" [_thread_blocked, id=1552, stack(0x00000000284d0000,0x00000000285d0000)]
  0x000000001c08c800 JavaThread "jar transforms Thread 459" [_thread_blocked, id=11936, stack(0x00000000283d0000,0x00000000284d0000)]
  0x000000001c08c000 JavaThread "jar transforms Thread 458" [_thread_blocked, id=13776, stack(0x00000000282d0000,0x00000000283d0000)]
  0x000000001c08f800 JavaThread "jar transforms Thread 457" [_thread_blocked, id=1764, stack(0x00000000281d0000,0x00000000282d0000)]
  0x000000001c08f000 JavaThread "jar transforms Thread 456" [_thread_blocked, id=12960, stack(0x00000000280d0000,0x00000000281d0000)]
  0x000000001c090800 JavaThread "jar transforms Thread 455" [_thread_blocked, id=11700, stack(0x0000000027fd0000,0x00000000280d0000)]
  0x000000001c08e000 JavaThread "jar transforms Thread 454" [_thread_blocked, id=15244, stack(0x0000000027ed0000,0x0000000027fd0000)]
  0x000000001c08b000 JavaThread "jar transforms Thread 453" [_thread_blocked, id=10760, stack(0x0000000027dd0000,0x0000000027ed0000)]
  0x000000001c08d800 JavaThread "jar transforms Thread 452" [_thread_blocked, id=15304, stack(0x0000000027cd0000,0x0000000027dd0000)]
  0x000000001c091000 JavaThread "jar transforms Thread 451" [_thread_blocked, id=5592, stack(0x0000000027bd0000,0x0000000027cd0000)]
  0x000000001c083800 JavaThread "jar transforms Thread 450" [_thread_blocked, id=7476, stack(0x0000000027ad0000,0x0000000027bd0000)]
  0x000000001c08a800 JavaThread "jar transforms Thread 449" [_thread_blocked, id=4596, stack(0x00000000279d0000,0x0000000027ad0000)]
  0x000000001c089800 JavaThread "jar transforms Thread 448" [_thread_blocked, id=15424, stack(0x00000000278d0000,0x00000000279d0000)]
  0x000000001c088000 JavaThread "jar transforms Thread 447" [_thread_blocked, id=13660, stack(0x00000000277d0000,0x00000000278d0000)]
  0x000000001c089000 JavaThread "jar transforms Thread 446" [_thread_blocked, id=13560, stack(0x00000000276d0000,0x00000000277d0000)]
  0x000000001c087800 JavaThread "jar transforms Thread 445" [_thread_blocked, id=4984, stack(0x00000000275d0000,0x00000000276d0000)]
  0x000000001c085000 JavaThread "jar transforms Thread 444" [_thread_blocked, id=14136, stack(0x00000000274d0000,0x00000000275d0000)]
  0x000000001c084800 JavaThread "jar transforms Thread 443" [_thread_blocked, id=15404, stack(0x00000000273d0000,0x00000000274d0000)]
  0x000000001db43000 JavaThread "jar transforms Thread 442" [_thread_blocked, id=12324, stack(0x00000000272d0000,0x00000000273d0000)]
  0x000000001db42000 JavaThread "jar transforms Thread 441" [_thread_blocked, id=6232, stack(0x00000000271d0000,0x00000000272d0000)]
  0x000000001db46000 JavaThread "jar transforms Thread 440" [_thread_blocked, id=13936, stack(0x00000000270d0000,0x00000000271d0000)]
  0x000000001db41800 JavaThread "jar transforms Thread 439" [_thread_blocked, id=16112, stack(0x0000000026fd0000,0x00000000270d0000)]
  0x000000001db40800 JavaThread "jar transforms Thread 438" [_thread_blocked, id=11016, stack(0x0000000026ed0000,0x0000000026fd0000)]
  0x000000001db47800 JavaThread "jar transforms Thread 437" [_thread_blocked, id=8960, stack(0x0000000026dd0000,0x0000000026ed0000)]
  0x000000001db45000 JavaThread "jar transforms Thread 436" [_thread_blocked, id=6224, stack(0x0000000026cd0000,0x0000000026dd0000)]
  0x000000001db46800 JavaThread "jar transforms Thread 435" [_thread_blocked, id=13160, stack(0x0000000026bd0000,0x0000000026cd0000)]
  0x000000001db44800 JavaThread "jar transforms Thread 434" [_thread_blocked, id=14832, stack(0x0000000026ad0000,0x0000000026bd0000)]
  0x000000001db43800 JavaThread "jar transforms Thread 433" [_thread_blocked, id=14604, stack(0x00000000269d0000,0x0000000026ad0000)]
  0x000000001db38800 JavaThread "jar transforms Thread 432" [_thread_blocked, id=3824, stack(0x00000000268d0000,0x00000000269d0000)]
  0x000000001db3d800 JavaThread "jar transforms Thread 431" [_thread_blocked, id=13712, stack(0x00000000267d0000,0x00000000268d0000)]
  0x000000001db3d000 JavaThread "jar transforms Thread 430" [_thread_blocked, id=5584, stack(0x00000000266d0000,0x00000000267d0000)]
  0x000000001db3c000 JavaThread "jar transforms Thread 429" [_thread_blocked, id=9124, stack(0x00000000265d0000,0x00000000266d0000)]
  0x000000001db3a800 JavaThread "jar transforms Thread 428" [_thread_blocked, id=12160, stack(0x00000000264d0000,0x00000000265d0000)]
  0x000000001db3a000 JavaThread "jar transforms Thread 427" [_thread_blocked, id=1220, stack(0x00000000263d0000,0x00000000264d0000)]
  0x000000001db3b800 JavaThread "jar transforms Thread 426" [_thread_blocked, id=9824, stack(0x00000000262d0000,0x00000000263d0000)]
  0x000000001db39000 JavaThread "jar transforms Thread 425" [_thread_blocked, id=6056, stack(0x00000000261d0000,0x00000000262d0000)]
  0x0000000029d6c800 JavaThread "jar transforms Thread 424" [_thread_blocked, id=7788, stack(0x00000000260d0000,0x00000000261d0000)]
  0x0000000029d6a800 JavaThread "jar transforms Thread 423" [_thread_blocked, id=10660, stack(0x0000000025fd0000,0x00000000260d0000)]
  0x0000000029d6d800 JavaThread "jar transforms Thread 422" [_thread_blocked, id=11320, stack(0x0000000025ed0000,0x0000000025fd0000)]
  0x0000000029d6b000 JavaThread "jar transforms Thread 421" [_thread_blocked, id=13520, stack(0x0000000025dd0000,0x0000000025ed0000)]
  0x0000000029d63000 JavaThread "jar transforms Thread 420" [_thread_blocked, id=13600, stack(0x0000000025cd0000,0x0000000025dd0000)]
  0x0000000029d69800 JavaThread "jar transforms Thread 419" [_thread_blocked, id=16068, stack(0x0000000025bd0000,0x0000000025cd0000)]
  0x0000000029d67800 JavaThread "jar transforms Thread 418" [_thread_blocked, id=3668, stack(0x0000000025ad0000,0x0000000025bd0000)]
  0x0000000029d66800 JavaThread "jar transforms Thread 417" [_thread_blocked, id=4376, stack(0x00000000259d0000,0x0000000025ad0000)]
  0x0000000029d5f000 JavaThread "jar transforms Thread 416" [_thread_blocked, id=15540, stack(0x00000000258d0000,0x00000000259d0000)]
  0x0000000029d62000 JavaThread "jar transforms Thread 415" [_thread_blocked, id=8896, stack(0x00000000257d0000,0x00000000258d0000)]
  0x0000000029d63800 JavaThread "jar transforms Thread 414" [_thread_blocked, id=13356, stack(0x00000000256d0000,0x00000000257d0000)]
  0x0000000029d61800 JavaThread "jar transforms Thread 413" [_thread_blocked, id=15908, stack(0x00000000255d0000,0x00000000256d0000)]
  0x0000000029d60000 JavaThread "jar transforms Thread 412" [_thread_blocked, id=12056, stack(0x00000000254d0000,0x00000000255d0000)]
  0x0000000029d66000 JavaThread "jar transforms Thread 411" [_thread_blocked, id=5016, stack(0x00000000253d0000,0x00000000254d0000)]
  0x0000000029d60800 JavaThread "jar transforms Thread 410" [_thread_blocked, id=16360, stack(0x00000000252d0000,0x00000000253d0000)]
  0x0000000029d5e800 JavaThread "jar transforms Thread 409" [_thread_blocked, id=2420, stack(0x00000000251d0000,0x00000000252d0000)]
  0x0000000029d64800 JavaThread "jar transforms Thread 408" [_thread_blocked, id=1812, stack(0x00000000250d0000,0x00000000251d0000)]
  0x0000000029d65000 JavaThread "jar transforms Thread 407" [_thread_blocked, id=4800, stack(0x0000000024fd0000,0x00000000250d0000)]
  0x0000000020c2f800 JavaThread "jar transforms Thread 406" [_thread_blocked, id=14028, stack(0x0000000024ed0000,0x0000000024fd0000)]
  0x0000000020c2e800 JavaThread "jar transforms Thread 405" [_thread_blocked, id=15320, stack(0x0000000024dd0000,0x0000000024ed0000)]
  0x0000000020c28800 JavaThread "jar transforms Thread 404" [_thread_blocked, id=528, stack(0x0000000024cd0000,0x0000000024dd0000)]
  0x0000000020c2e000 JavaThread "jar transforms Thread 403" [_thread_blocked, id=14328, stack(0x0000000024bd0000,0x0000000024cd0000)]
  0x0000000020c2d000 JavaThread "jar transforms Thread 402" [_thread_blocked, id=9676, stack(0x0000000024ad0000,0x0000000024bd0000)]
  0x0000000020c2c800 JavaThread "jar transforms Thread 401" [_thread_blocked, id=15584, stack(0x00000000249d0000,0x0000000024ad0000)]
  0x0000000020c2b800 JavaThread "jar transforms Thread 400" [_thread_blocked, id=11656, stack(0x00000000248d0000,0x00000000249d0000)]
  0x0000000020c2b000 JavaThread "jar transforms Thread 399" [_thread_blocked, id=15420, stack(0x00000000247d0000,0x00000000248d0000)]
  0x0000000020c25000 JavaThread "jar transforms Thread 398" [_thread_blocked, id=3752, stack(0x00000000246d0000,0x00000000247d0000)]
  0x0000000020c26800 JavaThread "jar transforms Thread 397" [_thread_blocked, id=15280, stack(0x00000000245d0000,0x00000000246d0000)]
  0x0000000020c2a000 JavaThread "jar transforms Thread 396" [_thread_blocked, id=16340, stack(0x00000000244d0000,0x00000000245d0000)]
  0x0000000020c29800 JavaThread "jar transforms Thread 395" [_thread_blocked, id=13380, stack(0x00000000243d0000,0x00000000244d0000)]
  0x0000000020c20800 JavaThread "jar transforms Thread 394" [_thread_blocked, id=5180, stack(0x00000000242d0000,0x00000000243d0000)]
  0x0000000020c22000 JavaThread "jar transforms Thread 393" [_thread_blocked, id=11452, stack(0x00000000241d0000,0x00000000242d0000)]
  0x0000000020c21000 JavaThread "jar transforms Thread 392" [_thread_blocked, id=15260, stack(0x00000000240d0000,0x00000000241d0000)]
  0x0000000020c25800 JavaThread "jar transforms Thread 391" [_thread_blocked, id=8388, stack(0x0000000023fd0000,0x00000000240d0000)]
  0x0000000020c24000 JavaThread "jar transforms Thread 390" [_thread_blocked, id=10404, stack(0x0000000023ed0000,0x0000000023fd0000)]
  0x0000000020c22800 JavaThread "jar transforms Thread 389" [_thread_blocked, id=3020, stack(0x0000000023dd0000,0x0000000023ed0000)]
  0x0000000020c27000 JavaThread "jar transforms Thread 388" [_thread_blocked, id=11816, stack(0x0000000023cd0000,0x0000000023dd0000)]
  0x0000000020de8800 JavaThread "jar transforms Thread 387" [_thread_blocked, id=13916, stack(0x0000000023bd0000,0x0000000023cd0000)]
  0x0000000020de9000 JavaThread "jar transforms Thread 386" [_thread_blocked, id=3764, stack(0x0000000023ad0000,0x0000000023bd0000)]
  0x0000000020de5800 JavaThread "jar transforms Thread 385" [_thread_blocked, id=2752, stack(0x00000000239d0000,0x0000000023ad0000)]
  0x0000000020dec000 JavaThread "jar transforms Thread 384" [_thread_blocked, id=4168, stack(0x00000000238d0000,0x00000000239d0000)]
  0x0000000020deb800 JavaThread "jar transforms Thread 383" [_thread_blocked, id=12872, stack(0x00000000237d0000,0x00000000238d0000)]
  0x0000000020de7800 JavaThread "jar transforms Thread 382" [_thread_blocked, id=6936, stack(0x00000000236d0000,0x00000000237d0000)]
  0x0000000020de4800 JavaThread "jar transforms Thread 381" [_thread_blocked, id=14408, stack(0x00000000235d0000,0x00000000236d0000)]
  0x0000000020dea800 JavaThread "jar transforms Thread 380" [_thread_blocked, id=6744, stack(0x00000000234d0000,0x00000000235d0000)]
  0x0000000020de7000 JavaThread "jar transforms Thread 379" [_thread_blocked, id=14108, stack(0x00000000233d0000,0x00000000234d0000)]
  0x0000000020de6000 JavaThread "jar transforms Thread 378" [_thread_blocked, id=14140, stack(0x00000000232d0000,0x00000000233d0000)]
  0x0000000020dea000 JavaThread "jar transforms Thread 377" [_thread_blocked, id=8984, stack(0x00000000231d0000,0x00000000232d0000)]
  0x0000000020ddd000 JavaThread "jar transforms Thread 376" [_thread_blocked, id=4772, stack(0x00000000230d0000,0x00000000231d0000)]
  0x0000000020de4000 JavaThread "jar transforms Thread 375" [_thread_blocked, id=11096, stack(0x0000000022fd0000,0x00000000230d0000)]
  0x0000000020de3000 JavaThread "jar transforms Thread 374" [_thread_blocked, id=15456, stack(0x0000000022ed0000,0x0000000022fd0000)]
  0x0000000020de1800 JavaThread "jar transforms Thread 373" [_thread_blocked, id=11672, stack(0x0000000022dd0000,0x0000000022ed0000)]
  0x0000000020de1000 JavaThread "jar transforms Thread 372" [_thread_blocked, id=10992, stack(0x0000000022cd0000,0x0000000022dd0000)]
  0x0000000020ddf800 JavaThread "jar transforms Thread 371" [_thread_blocked, id=11428, stack(0x0000000022bd0000,0x0000000022cd0000)]
  0x0000000020dde000 JavaThread "jar transforms Thread 370" [_thread_blocked, id=5632, stack(0x0000000022ad0000,0x0000000022bd0000)]
  0x0000000020dde800 JavaThread "jar transforms Thread 369" [_thread_blocked, id=9608, stack(0x00000000229d0000,0x0000000022ad0000)]
  0x000000001e130800 JavaThread "Build operations Thread 8" [_thread_blocked, id=9648, stack(0x00000000228d0000,0x00000000229d0000)]
  0x000000001e12e800 JavaThread "Build operations Thread 7" [_thread_blocked, id=15976, stack(0x00000000227d0000,0x00000000228d0000)]
  0x000000001e133000 JavaThread "Build operations Thread 6" [_thread_blocked, id=2936, stack(0x00000000226d0000,0x00000000227d0000)]
  0x000000001e135000 JavaThread "Build operations Thread 5" [_thread_blocked, id=12336, stack(0x00000000225d0000,0x00000000226d0000)]
  0x000000001e131800 JavaThread "Build operations Thread 4" [_thread_blocked, id=292, stack(0x0000000021dd0000,0x0000000021ed0000)]
  0x000000001e12f000 JavaThread "Build operations Thread 3" [_thread_blocked, id=12308, stack(0x00000000215d0000,0x00000000216d0000)]
  0x000000001e134800 JavaThread "Build operations Thread 2" [_thread_blocked, id=9496, stack(0x00000000214d0000,0x00000000215d0000)]
  0x000000001e133800 JavaThread "Build operations" [_thread_blocked, id=15904, stack(0x000000001fd80000,0x000000001fe80000)]
  0x000000001e130000 JavaThread "Cache worker for cache directory md-rule (C:\Users\Prince\.gradle\caches\6.5\md-rule)" [_thread_blocked, id=11104, stack(0x000000001fc80000,0x000000001fd80000)]
  0x000000001e127000 JavaThread "Cache worker for cache directory md-supplier (C:\Users\Prince\.gradle\caches\6.5\md-supplier)" [_thread_blocked, id=9588, stack(0x000000001d6e0000,0x000000001d7e0000)]
  0x000000001e12d800 JavaThread "Cache worker for checksums cache (C:\Users\Prince\AndroidStudioProjects\Artisan\.gradle\checksums)" [_thread_blocked, id=9716, stack(0x000000001d5e0000,0x000000001d6e0000)]
  0x000000001e12d000 JavaThread "Cache worker for file hash cache (C:\Users\Prince\AndroidStudioProjects\Artisan\.gradle\6.5\fileHashes)" [_thread_blocked, id=12184, stack(0x000000001d4e0000,0x000000001d5e0000)]
  0x000000001e12c000 JavaThread "Thread-542" [_thread_blocked, id=13608, stack(0x000000001d3e0000,0x000000001d4e0000)]
  0x000000001e12a000 JavaThread "Stdin handler" [_thread_blocked, id=11164, stack(0x000000001cde0000,0x000000001cee0000)]
  0x000000001e129000 JavaThread "Asynchronous log dispatcher for DefaultDaemonConnection: socket connection from /127.0.0.1:50833 to /127.0.0.1:58070" [_thread_blocked, id=10320, stack(0x000000001c9a0000,0x000000001caa0000)]
  0x000000001e126000 JavaThread "Daemon worker Thread 5" [_thread_blocked, id=6140, stack(0x000000001c8a0000,0x000000001c9a0000)]
  0x000000001e12b800 JavaThread "Cancel handler" [_thread_blocked, id=13648, stack(0x0000000001110000,0x0000000001210000)]
  0x000000001e128800 JavaThread "Handler for socket connection from /127.0.0.1:50833 to /127.0.0.1:58070" [_thread_in_native, id=12100, stack(0x0000000001010000,0x0000000001110000)]
  0x000000001e12a800 JavaThread "Daemon Thread 5" [_thread_blocked, id=12616, stack(0x0000000000f10000,0x0000000001010000)]
  0x000000001e127800 JavaThread "Cache worker for Java compile cache (C:\Users\Prince\.gradle\caches\6.5\javaCompile)" [_thread_blocked, id=12708, stack(0x000000002daa0000,0x000000002dba0000)]
  0x000000001c086800 JavaThread "Memory manager" [_thread_blocked, id=11412, stack(0x000000002aa60000,0x000000002ab60000)]
  0x000000001abca800 JavaThread "Cache worker for file content cache (C:\Users\Prince\.gradle\caches\6.5\fileContent)" [_thread_blocked, id=14180, stack(0x0000000021ed0000,0x0000000021fd0000)]
  0x000000001abd0800 JavaThread "Cache worker for execution history cache (C:\Users\Prince\.gradle\caches\6.5\executionHistory)" [_thread_blocked, id=4072, stack(0x00000000216d0000,0x00000000217d0000)]
  0x000000001b5b5800 JavaThread "Cache worker for file hash cache (C:\Users\Prince\.gradle\caches\6.5\fileHashes)" [_thread_blocked, id=16136, stack(0x000000001ebb0000,0x000000001ecb0000)]
  0x000000001b5b5000 JavaThread "File lock request listener" [_thread_in_native, id=11520, stack(0x000000001eab0000,0x000000001ebb0000)]
  0x000000001b5b7000 JavaThread "Cache worker for journal cache (C:\Users\Prince\.gradle\caches\journal-1)" [_thread_blocked, id=10244, stack(0x000000001d9e0000,0x000000001dae0000)]
  0x0000000019f6c000 JavaThread "Daemon periodic checks" [_thread_blocked, id=2448, stack(0x000000001cce0000,0x000000001cde0000)]
  0x000000001aac7000 JavaThread "Incoming local TCP Connector on port 50833" [_thread_in_native, id=2120, stack(0x000000001caa0000,0x000000001cba0000)]
  0x000000001b81c000 JavaThread "Daemon health stats" [_thread_blocked, id=5588, stack(0x000000001c460000,0x000000001c560000)]
  0x0000000019c41800 JavaThread "Service Thread" daemon [_thread_blocked, id=14368, stack(0x000000001a890000,0x000000001a990000)]
  0x0000000019bbe000 JavaThread "C1 CompilerThread3" daemon [_thread_blocked, id=16272, stack(0x000000001a790000,0x000000001a890000)]
  0x0000000019bb9000 JavaThread "C2 CompilerThread2" daemon [_thread_blocked, id=10552, stack(0x000000001a690000,0x000000001a790000)]
  0x0000000019bb4000 JavaThread "C2 CompilerThread1" daemon [_thread_blocked, id=13188, stack(0x000000001a590000,0x000000001a690000)]
=>0x0000000019bb1000 JavaThread "C2 CompilerThread0" daemon [_thread_in_native, id=11340, stack(0x000000001a490000,0x000000001a590000)]
  0x0000000019baf800 JavaThread "Attach Listener" daemon [_thread_blocked, id=6504, stack(0x000000001a390000,0x000000001a490000)]
  0x0000000019bae800 JavaThread "Signal Dispatcher" daemon [_thread_blocked, id=15864, stack(0x000000001a290000,0x000000001a390000)]
  0x0000000019ba1000 JavaThread "Finalizer" daemon [_thread_blocked, id=5540, stack(0x000000001a080000,0x000000001a180000)]
  0x0000000019ba0800 JavaThread "Reference Handler" daemon [_thread_blocked, id=4324, stack(0x0000000019f80000,0x000000001a080000)]
  0x000000000122e000 JavaThread "main" [_thread_blocked, id=13728, stack(0x0000000002b00000,0x0000000002c00000)]

Other Threads:
  0x0000000017d98000 VMThread [stack: 0x0000000019a80000,0x0000000019b80000] [id=13824]
  0x0000000019c42800 WatcherThread [stack: 0x000000001a990000,0x000000001aa90000] [id=3772]

VM state:not at safepoint (normal execution)

VM Mutex/Monitor currently owned by a thread: None

heap address: 0x0000000080000000, size: 2048 MB, Compressed Oops mode: 32-bit
Narrow klass base: 0x0000000000000000, Narrow klass shift: 3
Compressed class space size: 1073741824 Address: 0x0000000100000000

Heap:
 PSYoungGen      total 185856K, used 100449K [0x00000000d5580000, 0x00000000e3680000, 0x0000000100000000)
  eden space 152064K, 61% used [0x00000000d5580000,0x00000000db124388,0x00000000dea00000)
  from space 33792K, 19% used [0x00000000e0a00000,0x00000000e1074320,0x00000000e2b00000)
  to   space 32768K, 0% used [0x00000000dea00000,0x00000000dea00000,0x00000000e0a00000)
 ParOldGen       total 110592K, used 60053K [0x0000000080000000, 0x0000000086c00000, 0x00000000d5580000)
  object space 110592K, 54% used [0x0000000080000000,0x0000000083aa5530,0x0000000086c00000)
 Metaspace       used 91570K, capacity 96412K, committed 99112K, reserved 1134592K
  class space    used 12065K, capacity 12942K, committed 13616K, reserved 1048576K

Card table byte_map: [0x00000000120c0000,0x00000000124d0000] byte_map_base: 0x0000000011cc0000

Marking Bits: (ParMarkBitMap*) 0x000000006f00f030
 Begin Bits: [0x0000000012f80000, 0x0000000014f80000)
 End Bits:   [0x0000000014f80000, 0x0000000016f80000)

Polling page: 0x0000000001210000

CodeCache: size=245760Kb used=44182Kb max_used=44207Kb free=201577Kb
 bounds [0x0000000002d00000, 0x0000000005870000, 0x0000000011d00000]
 total_blobs=14542 nmethods=13671 adapters=782
 compilation: enabled

Compilation events (10 events):
Event: 1262.103 Thread 0x0000000019bbe000 16879       3       com.google.wireless.android.sdk.stats.GradleBuildProfileSpan$Builder::setVariant (23 bytes)
Event: 1262.103 Thread 0x0000000019bbe000 nmethod 16879 0x0000000003f3cb50 code [0x0000000003f3ccc0, 0x0000000003f3d048]
Event: 1262.117 Thread 0x0000000019bb9000 nmethod 16866 0x000000000585bad0 code [0x000000000585bdc0, 0x000000000585d8a0]
Event: 1262.118 Thread 0x0000000019bb9000 16869       4       net.rubygrapefruit.platform.internal.DefaultWindowsFiles::stat (7 bytes)
Event: 1262.119 Thread 0x0000000019bb9000 nmethod 16869 0x0000000003c8e250 code [0x0000000003c8e3c0, 0x0000000003c8e588]
Event: 1262.119 Thread 0x0000000019bb9000 16868   !   4       org.gradle.internal.nativeintegration.filesystem.services.NativePlatformBackedFileMetadataAccessor::stat (179 bytes)
Event: 1262.123 Thread 0x0000000019bb9000 nmethod 16868 0x000000000330bc10 code [0x000000000330bde0, 0x000000000330c268]
Event: 1262.123 Thread 0x0000000019bb9000 16867       4       org.gradle.internal.execution.history.changes.DefaultExecutionStateChangeDetector$InputFileChangesWrapper::accept (11 bytes)
Event: 1262.141 Thread 0x0000000019bb9000 nmethod 16867 0x0000000005841950 code [0x0000000005841c80, 0x0000000005843070]
Event: 1262.152 Thread 0x0000000019bb4000 nmethod 16850 0x0000000005864c90 code [0x0000000005865160, 0x00000000058685a8]

GC Heap History (10 events):
Event: 1084.999 GC heap before
{Heap before GC invocations=22 (full 3):
 PSYoungGen      total 174592K, used 169844K [0x00000000d5580000, 0x00000000e3500000, 0x0000000100000000)
  eden space 167424K, 99% used [0x00000000d5580000,0x00000000df8fd3a0,0x00000000df900000)
  from space 7168K, 33% used [0x00000000e2e00000,0x00000000e3060020,0x00000000e3500000)
  to   space 30720K, 0% used [0x00000000df900000,0x00000000df900000,0x00000000e1700000)
 ParOldGen       total 110592K, used 74312K [0x0000000080000000, 0x0000000086c00000, 0x00000000d5580000)
  object space 110592K, 67% used [0x0000000080000000,0x0000000084892290,0x0000000086c00000)
 Metaspace       used 75829K, capacity 79776K, committed 79912K, reserved 1118208K
  class space    used 9987K, capacity 10701K, committed 10800K, reserved 1048576K
Event: 1085.010 GC heap after
Heap after GC invocations=22 (full 3):
 PSYoungGen      total 173568K, used 11360K [0x00000000d5580000, 0x00000000e2e80000, 0x0000000100000000)
  eden space 161792K, 0% used [0x00000000d5580000,0x00000000d5580000,0x00000000df380000)
  from space 11776K, 96% used [0x00000000df900000,0x00000000e04180a0,0x00000000e0480000)
  to   space 28672K, 0% used [0x00000000e1280000,0x00000000e1280000,0x00000000e2e80000)
 ParOldGen       total 110592K, used 74320K [0x0000000080000000, 0x0000000086c00000, 0x00000000d5580000)
  object space 110592K, 67% used [0x0000000080000000,0x0000000084894290,0x0000000086c00000)
 Metaspace       used 75829K, capacity 79776K, committed 79912K, reserved 1118208K
  class space    used 9987K, capacity 10701K, committed 10800K, reserved 1048576K
}
Event: 1089.158 GC heap before
{Heap before GC invocations=23 (full 3):
 PSYoungGen      total 173568K, used 173152K [0x00000000d5580000, 0x00000000e2e80000, 0x0000000100000000)
  eden space 161792K, 100% used [0x00000000d5580000,0x00000000df380000,0x00000000df380000)
  from space 11776K, 96% used [0x00000000df900000,0x00000000e04180a0,0x00000000e0480000)
  to   space 28672K, 0% used [0x00000000e1280000,0x00000000e1280000,0x00000000e2e80000)
 ParOldGen       total 110592K, used 74320K [0x0000000080000000, 0x0000000086c00000, 0x00000000d5580000)
  object space 110592K, 67% used [0x0000000080000000,0x0000000084894290,0x0000000086c00000)
 Metaspace       used 87952K, capacity 93244K, committed 93480K, reserved 1130496K
  class space    used 11752K, capacity 12746K, committed 12848K, reserved 1048576K
Event: 1089.180 GC heap after
Heap after GC invocations=23 (full 3):
 PSYoungGen      total 184832K, used 28323K [0x00000000d5580000, 0x00000000e2f00000, 0x0000000100000000)
  eden space 156160K, 0% used [0x00000000d5580000,0x00000000d5580000,0x00000000dee00000)
  from space 28672K, 98% used [0x00000000e1280000,0x00000000e2e28c78,0x00000000e2e80000)
  to   space 33280K, 0% used [0x00000000dee00000,0x00000000dee00000,0x00000000e0e80000)
 ParOldGen       total 110592K, used 74328K [0x0000000080000000, 0x0000000086c00000, 0x00000000d5580000)
  object space 110592K, 67% used [0x0000000080000000,0x0000000084896290,0x0000000086c00000)
 Metaspace       used 87952K, capacity 93244K, committed 93480K, reserved 1130496K
  class space    used 11752K, capacity 12746K, committed 12848K, reserved 1048576K
}
Event: 1090.086 GC heap before
{Heap before GC invocations=24 (full 3):
 PSYoungGen      total 184832K, used 91754K [0x00000000d5580000, 0x00000000e2f00000, 0x0000000100000000)
  eden space 156160K, 40% used [0x00000000d5580000,0x00000000d9371c78,0x00000000dee00000)
  from space 28672K, 98% used [0x00000000e1280000,0x00000000e2e28c78,0x00000000e2e80000)
  to   space 33280K, 0% used [0x00000000dee00000,0x00000000dee00000,0x00000000e0e80000)
 ParOldGen       total 110592K, used 74328K [0x0000000080000000, 0x0000000086c00000, 0x00000000d5580000)
  object space 110592K, 67% used [0x0000000080000000,0x0000000084896290,0x0000000086c00000)
 Metaspace       used 92084K, capacity 98588K, committed 98600K, reserved 1134592K
  class space    used 12439K, capacity 13606K, committed 13616K, reserved 1048576K
Event: 1090.098 GC heap after
Heap after GC invocations=24 (full 3):
 PSYoungGen      total 169984K, used 18724K [0x00000000d5580000, 0x00000000e2b00000, 0x0000000100000000)
  eden space 151040K, 0% used [0x00000000d5580000,0x00000000d5580000,0x00000000de900000)
  from space 18944K, 98% used [0x00000000dee00000,0x00000000e00493a8,0x00000000e0080000)
  to   space 33792K, 0% used [0x00000000e0a00000,0x00000000e0a00000,0x00000000e2b00000)
 ParOldGen       total 110592K, used 74336K [0x0000000080000000, 0x0000000086c00000, 0x00000000d5580000)
  object space 110592K, 67% used [0x0000000080000000,0x0000000084898290,0x0000000086c00000)
 Metaspace       used 92084K, capacity 98588K, committed 98600K, reserved 1134592K
  class space    used 12439K, capacity 13606K, committed 13616K, reserved 1048576K
}
Event: 1090.098 GC heap before
{Heap before GC invocations=25 (full 4):
 PSYoungGen      total 169984K, used 18724K [0x00000000d5580000, 0x00000000e2b00000, 0x0000000100000000)
  eden space 151040K, 0% used [0x00000000d5580000,0x00000000d5580000,0x00000000de900000)
  from space 18944K, 98% used [0x00000000dee00000,0x00000000e00493a8,0x00000000e0080000)
  to   space 33792K, 0% used [0x00000000e0a00000,0x00000000e0a00000,0x00000000e2b00000)
 ParOldGen       total 110592K, used 74336K [0x0000000080000000, 0x0000000086c00000, 0x00000000d5580000)
  object space 110592K, 67% used [0x0000000080000000,0x0000000084898290,0x0000000086c00000)
 Metaspace       used 92084K, capacity 98588K, committed 98600K, reserved 1134592K
  class space    used 12439K, capacity 13606K, committed 13616K, reserved 1048576K
Event: 1090.232 GC heap after
Heap after GC invocations=25 (full 4):
 PSYoungGen      total 169984K, used 0K [0x00000000d5580000, 0x00000000e2b00000, 0x0000000100000000)
  eden space 151040K, 0% used [0x00000000d5580000,0x00000000d5580000,0x00000000de900000)
  from space 18944K, 0% used [0x00000000dee00000,0x00000000dee00000,0x00000000e0080000)
  to   space 33792K, 0% used [0x00000000e0a00000,0x00000000e0a00000,0x00000000e2b00000)
 ParOldGen       total 110592K, used 60045K [0x0000000080000000, 0x0000000086c00000, 0x00000000d5580000)
  object space 110592K, 54% used [0x0000000080000000,0x0000000083aa3530,0x0000000086c00000)
 Metaspace       used 90878K, capacity 95404K, committed 98600K, reserved 1134592K
  class space    used 12020K, capacity 12868K, committed 13616K, reserved 1048576K
}
Event: 1261.655 GC heap before
{Heap before GC invocations=26 (full 4):
 PSYoungGen      total 169984K, used 151040K [0x00000000d5580000, 0x00000000e2b00000, 0x0000000100000000)
  eden space 151040K, 100% used [0x00000000d5580000,0x00000000de900000,0x00000000de900000)
  from space 18944K, 0% used [0x00000000dee00000,0x00000000dee00000,0x00000000e0080000)
  to   space 33792K, 0% used [0x00000000e0a00000,0x00000000e0a00000,0x00000000e2b00000)
 ParOldGen       total 110592K, used 60045K [0x0000000080000000, 0x0000000086c00000, 0x00000000d5580000)
  object space 110592K, 54% used [0x0000000080000000,0x0000000083aa3530,0x0000000086c00000)
 Metaspace       used 91477K, capacity 96190K, committed 99112K, reserved 1134592K
  class space    used 12051K, capacity 12917K, committed 13616K, reserved 1048576K
Event: 1261.664 GC heap after
Heap after GC invocations=26 (full 4):
 PSYoungGen      total 185856K, used 6608K [0x00000000d5580000, 0x00000000e3680000, 0x0000000100000000)
  eden space 152064K, 0% used [0x00000000d5580000,0x00000000d5580000,0x00000000dea00000)
  from space 33792K, 19% used [0x00000000e0a00000,0x00000000e1074320,0x00000000e2b00000)
  to   space 32768K, 0% used [0x00000000dea00000,0x00000000dea00000,0x00000000e0a00000)
 ParOldGen       total 110592K, used 60053K [0x0000000080000000, 0x0000000086c00000, 0x00000000d5580000)
  object space 110592K, 54% used [0x0000000080000000,0x0000000083aa5530,0x0000000086c00000)
 Metaspace       used 91477K, capacity 96190K, committed 99112K, reserved 1134592K
  class space    used 12051K, capacity 12917K, committed 13616K, reserved 1048576K
}

Deoptimization events (10 events):
Event: 1261.556 Thread 0x000000001e126000 Uncommon trap: reason=class_check action=maybe_recompile pc=0x00000000055dfba0 method=java.util.Spliterators$ArraySpliterator.tryAdvance(Ljava/util/function/Consumer;)Z @ 49
Event: 1261.578 Thread 0x000000001e126000 Uncommon trap: reason=class_check action=maybe_recompile pc=0x00000000055dfba0 method=java.util.Spliterators$ArraySpliterator.tryAdvance(Ljava/util/function/Consumer;)Z @ 49
Event: 1261.794 Thread 0x000000001abd3800 Uncommon trap: reason=unstable_if action=reinterpret pc=0x0000000004e39728 method=com.android.ide.common.resources.ValueResourceParser2.getType(Lorg/w3c/dom/Node;Ljava/io/File;)Lcom/android/resources/ResourceType; @ 13
Event: 1261.794 Thread 0x000000001abd3800 Uncommon trap: reason=unstable_if action=reinterpret pc=0x00000000048c1cd0 method=com.sun.org.apache.xerces.internal.dom.NamedNodeMapImpl.findNamePoint(Ljava/lang/String;Ljava/lang/String;)I @ 4
Event: 1261.824 Thread 0x000000001abd3800 Uncommon trap: reason=bimorphic action=maybe_recompile pc=0x00000000046fc07c method=com.sun.org.apache.xerces.internal.dom.ElementImpl.getAttributes()Lorg/w3c/dom/NamedNodeMap; @ 8
Event: 1261.885 Thread 0x000000001abd3800 Uncommon trap: reason=bimorphic action=maybe_recompile pc=0x0000000004710fac method=com.sun.org.apache.xerces.internal.dom.CoreDocumentImpl.isKidOK(Lorg/w3c/dom/Node;Lorg/w3c/dom/Node;)Z @ 39
Event: 1261.893 Thread 0x000000001abd3800 Uncommon trap: reason=null_check action=make_not_entrant pc=0x0000000005822800 method=com.sun.org.apache.xerces.internal.dom.NamedNodeMapImpl.findNamePoint(Ljava/lang/String;Ljava/lang/String;)I @ 105
Event: 1261.901 Thread 0x000000001abd3800 Uncommon trap: reason=unstable_if action=reinterpret pc=0x000000000470f874 method=com.sun.org.apache.xerces.internal.dom.DeferredDocumentImpl.getNodeValueString(IZ)Ljava/lang/String; @ 177
Event: 1261.918 Thread 0x000000001abd3800 Uncommon trap: reason=class_check action=maybe_recompile pc=0x00000000049789a8 method=java.io.Writer.append(Ljava/lang/CharSequence;)Ljava/io/Writer; @ 20
Event: 1261.957 Thread 0x000000001e129000 Uncommon trap: reason=unstable_if action=reinterpret pc=0x00000000043b4458 method=com.esotericsoftware.kryo.io.Output.writeVarLong(JZ)I @ 55

Classes redefined (0 events):
No events

Internal exceptions (10 events):
Event: 1098.501 Thread 0x0000000020c27000 Exception <a 'sun/nio/fs/WindowsException'> (0x00000000dad9cbf8) thrown at [C:\src\AOSP-openjdk-git\hotspot\src\share\vm\prims\jni.cpp, line 710]
Event: 1098.502 Thread 0x0000000020c27000 Exception <a 'sun/nio/fs/WindowsException'> (0x00000000dad9f610) thrown at [C:\src\AOSP-openjdk-git\hotspot\src\share\vm\prims\jni.cpp, line 710]
Event: 1098.502 Thread 0x0000000020c27000 Exception <a 'sun/nio/fs/WindowsException'> (0x00000000dada0ec8) thrown at [C:\src\AOSP-openjdk-git\hotspot\src\share\vm\prims\jni.cpp, line 710]
Event: 1098.544 Thread 0x0000000020c27000 Exception <a 'sun/nio/fs/WindowsException'> (0x00000000db63f478) thrown at [C:\src\AOSP-openjdk-git\hotspot\src\share\vm\prims\jni.cpp, line 710]
Event: 1098.544 Thread 0x0000000020c27000 Exception <a 'sun/nio/fs/WindowsException'> (0x00000000db640d28) thrown at [C:\src\AOSP-openjdk-git\hotspot\src\share\vm\prims\jni.cpp, line 710]
Event: 1261.560 Thread 0x000000001e126000 Exception <a 'sun/nio/fs/WindowsException'> (0x00000000ddffe930) thrown at [C:\src\AOSP-openjdk-git\hotspot\src\share\vm\prims\jni.cpp, line 710]
Event: 1261.794 Thread 0x000000001abd3800 Implicit null exception at 0x00000000048c16bc to 0x00000000048c1cb5
Event: 1261.893 Thread 0x000000001abd3800 Implicit null exception at 0x0000000005821d90 to 0x00000000058227c5
Event: 1262.017 Thread 0x000000001abcd800 Exception <a 'sun/nio/fs/WindowsException'> (0x00000000d9fd8cb0) thrown at [C:\src\AOSP-openjdk-git\hotspot\src\share\vm\prims\jni.cpp, line 710]
Event: 1262.017 Thread 0x000000001abcd800 Exception <a 'sun/nio/fs/WindowsException'> (0x00000000d9fd99d0) thrown at [C:\src\AOSP-openjdk-git\hotspot\src\share\vm\prims\jni.cpp, line 710]

Events (10 events):
Event: 1261.957 Thread 0x000000001e129000 Uncommon trap: trap_request=0xffffff65 fr.pc=0x00000000043b4458
Event: 1261.957 Thread 0x000000001e129000 DEOPT PACKING pc=0x00000000043b4458 sp=0x000000001ca9f210
Event: 1261.957 Thread 0x000000001e129000 DEOPT UNPACKING pc=0x0000000002d4557b sp=0x000000001ca9f1d8 mode 2
Event: 1261.962 Thread 0x0000000019bbe000 flushing nmethod 0x00000000043c3e10
Event: 1261.963 Thread 0x0000000019bbe000 flushing nmethod 0x00000000044a9110
Event: 1261.963 Thread 0x0000000019bbe000 flushing nmethod 0x00000000044c1190
Event: 1261.965 Thread 0x0000000019bbe000 flushing nmethod 0x000000000479a750
Event: 1261.966 Thread 0x0000000019bbe000 flushing nmethod 0x00000000047fdb90
Event: 1261.967 Thread 0x0000000019bb4000 flushing nmethod 0x000000000496aa50
Event: 1261.977 Thread 0x0000000019bb9000 flushing nmethod 0x0000000004ef3d90


Dynamic libraries:
0x00007ff73e710000 - 0x00007ff73e741000 	F:\Android Studio\jre\bin\java.exe
0x00007fffa4140000 - 0x00007fffa4330000 	C:\Windows\SYSTEM32\ntdll.dll
0x00007fffa35f0000 - 0x00007fffa36a2000 	C:\Windows\System32\KERNEL32.DLL
0x00007fffa1b20000 - 0x00007fffa1dc5000 	C:\Windows\System32\KERNELBASE.dll
0x00007fffa3f70000 - 0x00007fffa4013000 	C:\Windows\System32\ADVAPI32.dll
0x00007fffa24f0000 - 0x00007fffa258e000 	C:\Windows\System32\msvcrt.dll
0x00007fffa3e20000 - 0x00007fffa3eb7000 	C:\Windows\System32\sechost.dll
0x00007fffa21f0000 - 0x00007fffa2310000 	C:\Windows\System32\RPCRT4.dll
0x00007fffa3810000 - 0x00007fffa39a4000 	C:\Windows\System32\USER32.dll
0x00007fffa1210000 - 0x00007fffa1231000 	C:\Windows\System32\win32u.dll
0x00007fffa3ec0000 - 0x00007fffa3ee6000 	C:\Windows\System32\GDI32.dll
0x00007fffa1fe0000 - 0x00007fffa2176000 	C:\Windows\System32\gdi32full.dll
0x00007fffa10c0000 - 0x00007fffa115e000 	C:\Windows\System32\msvcp_win.dll
0x00007fffa1dd0000 - 0x00007fffa1eca000 	C:\Windows\System32\ucrtbase.dll
0x00007fff8ad30000 - 0x00007fff8afb4000 	C:\Windows\WinSxS\amd64_microsoft.windows.common-controls_6595b64144ccf1df_6.0.18362.1198_none_9e820b57e45ad92f\COMCTL32.dll
0x00007fffa3290000 - 0x00007fffa35c5000 	C:\Windows\System32\combase.dll
0x00007fffa1190000 - 0x00007fffa1210000 	C:\Windows\System32\bcryptPrimitives.dll
0x00007fffa24c0000 - 0x00007fffa24ee000 	C:\Windows\System32\IMM32.DLL
0x000000006dc60000 - 0x000000006dd32000 	F:\Android Studio\jre\jre\bin\msvcr100.dll
0x000000006e840000 - 0x000000006f08b000 	F:\Android Studio\jre\jre\bin\server\jvm.dll
0x00007fffa2e60000 - 0x00007fffa2e68000 	C:\Windows\System32\PSAPI.DLL
0x00007fff945a0000 - 0x00007fff945aa000 	C:\Windows\SYSTEM32\VERSION.dll
0x00007fff99ff0000 - 0x00007fff99ff9000 	C:\Windows\SYSTEM32\WSOCK32.dll
0x00007fff9d640000 - 0x00007fff9d664000 	C:\Windows\SYSTEM32\WINMM.dll
0x00007fff9d610000 - 0x00007fff9d63d000 	C:\Windows\SYSTEM32\WINMMBASE.dll
0x00007fffa2180000 - 0x00007fffa21ca000 	C:\Windows\System32\cfgmgr32.dll
0x0000000001290000 - 0x00000000012ff000 	C:\Windows\System32\ws2_32.DLL
0x00007fff98fd0000 - 0x00007fff98fdf000 	F:\Android Studio\jre\jre\bin\verify.dll
0x00007fff91690000 - 0x00007fff916b9000 	F:\Android Studio\jre\jre\bin\java.dll
0x00007fff91f50000 - 0x00007fff91f66000 	F:\Android Studio\jre\jre\bin\zip.dll
0x00007fffa2610000 - 0x00007fffa2cf7000 	C:\Windows\System32\SHELL32.dll
0x00007fffa36b0000 - 0x00007fffa3759000 	C:\Windows\System32\shcore.dll
0x00007fffa1390000 - 0x00007fffa1b11000 	C:\Windows\System32\windows.storage.dll
0x00007fffa1090000 - 0x00007fffa10b3000 	C:\Windows\System32\profapi.dll
0x00007fffa1000000 - 0x00007fffa104a000 	C:\Windows\System32\powrprof.dll
0x00007fffa0ff0000 - 0x00007fffa1000000 	C:\Windows\System32\UMPDC.dll
0x00007fffa4020000 - 0x00007fffa4072000 	C:\Windows\System32\shlwapi.dll
0x00007fffa1050000 - 0x00007fffa1061000 	C:\Windows\System32\kernel.appcore.dll
0x00007fffa21d0000 - 0x00007fffa21e7000 	C:\Windows\System32\cryptsp.dll
0x00007fff91630000 - 0x00007fff9164a000 	F:\Android Studio\jre\jre\bin\net.dll
0x00007fffa0840000 - 0x00007fffa08a7000 	C:\Windows\system32\mswsock.dll
0x00007fff8f310000 - 0x00007fff8f323000 	F:\Android Studio\jre\jre\bin\nio.dll
0x00007fff99fb0000 - 0x00007fff99fd7000 	C:\Users\Prince\.gradle\native\f6784746aeab05261644944871eae4fe03e0ef1612fff0a4a95f87b438bc6780\windows-amd64\native-platform.dll
0x00007fff93840000 - 0x00007fff9384d000 	F:\Android Studio\jre\jre\bin\management.dll
0x00007fffa03b0000 - 0x00007fffa03e3000 	C:\Windows\system32\rsaenh.dll
0x00007fffa1160000 - 0x00007fffa1186000 	C:\Windows\System32\bcrypt.dll
0x00007fffa0ed0000 - 0x00007fffa0ef5000 	C:\Windows\SYSTEM32\USERENV.dll
0x00007fffa0a10000 - 0x00007fffa0a1c000 	C:\Windows\SYSTEM32\CRYPTBASE.dll
0x00007fffa0550000 - 0x00007fffa058a000 	C:\Windows\SYSTEM32\IPHLPAPI.DLL
0x00007fffa3f60000 - 0x00007fffa3f68000 	C:\Windows\System32\NSI.dll
0x00007fff9f8e0000 - 0x00007fff9f8f6000 	C:\Windows\SYSTEM32\dhcpcsvc6.DLL
0x00007fff9f8c0000 - 0x00007fff9f8dc000 	C:\Windows\SYSTEM32\dhcpcsvc.DLL
0x00007fffa05a0000 - 0x00007fffa066b000 	C:\Windows\SYSTEM32\DNSAPI.dll
0x00007fff9efb0000 - 0x00007fff9efbb000 	C:\Windows\SYSTEM32\WINNSI.DLL

VM Arguments:
jvm_args: -Xmx2048m -Dfile.encoding=UTF-8 -Duser.country=US -Duser.language=en -Duser.variant 
java_command: org.gradle.launcher.daemon.bootstrap.GradleDaemon 6.5
java_class_path (initial): C:\Users\Prince\.gradle\wrapper\dists\gradle-6.5-all\2oz4ud9k3tuxjg84bbf55q0tn\gradle-6.5\lib\gradle-launcher-6.5.jar
Launcher Type: SUN_STANDARD

Environment Variables:
PATH=C:\Program Files\Common Files\Oracle\Java\javapath;F:\bin;F:\VMware\bin\;C:\Program Files\NVIDIA GPU Computing Toolkit\CUDA\v11.0\bin;C:\Program Files\NVIDIA GPU Computing Toolkit\CUDA\v11.0\libnvvp;C:\Program Files (x86)\Common Files\Intel\Shared Libraries\redist\intel64_win\compiler;C:\ProgramData\Oracle\Java\javapath;C:\Windows\system32;C:\Windows;C:\Windows\System32\Wbem;C:\Windows\System32\WindowsPowerShell\v1.0\;C:\Windows\System32\OpenSSH\;C:\Program Files\NVIDIA Corporation\NVIDIA NvDLISR;C:\Program Files (x86)\NVIDIA Corporation\PhysX\Common;C:\Program Files\NVIDIA Corporation\Nsight Compute 2020.1.2\;C:\Program Files\Git\cmd;C:\Program Files\PuTTY\;C:\Program Files\Amazon\AWSCLIV2\;C:\Program Files\nodejs\;C:\Users\Prince\.amplify\bin;C:\Users\Prince\.amplify\bin;F:\Anaconda;F:\Anaconda\Library\mingw-w64\bin;F:\Anaconda\Library\usr\bin;F:\Anaconda\Library\bin;F:\Anaconda\Scripts;C:\Users\Prince\AppData\Local\Programs\Python\Python38-32\Scripts\;C:\Users\Prince\AppData\Local\Programs\Python\Python38-32\;C:\Users\Prince\AppData\Local\Microsoft\WindowsApps;F:\Pycharm\PyCharm Community Edition 2020.2.2\bin;;F:\Microsoft VS Code\bin;C:\Users\Prince\AppData\Roaming\npm
USERNAME=Prince
OS=Windows_NT
PROCESSOR_IDENTIFIER=Intel64 Family 6 Model 142 Stepping 10, GenuineIntel



---------------  S Y S T E M  ---------------

OS: Windows 10.0 , 64 bit Build 18362 (10.0.18362.1110)

CPU:total 8 (initial active 8) (4 cores per cpu, 2 threads per core) family 6 model 142 stepping 10, cmov, cx8, fxsr, mmx, sse, sse2, sse3, ssse3, sse4.1, sse4.2, popcnt, avx, avx2, aes, clmul, erms, 3dnowpref, lzcnt, ht, tsc, tscinvbit, bmi1, bmi2, adx

Memory: 4k page, physical 8301584k(553028k free), swap 12495888k(5132k free)

vm_info: OpenJDK 64-Bit Server VM (25.242-b01) for windows-amd64 JRE (1.8.0_242-release-1644-b01), built by "builder" with MS VC++ 10.0 (VS2010)

time: Thu Jul 29 10:20:54 2021
timezone: India Standard Time
elapsed time: 1262 seconds (0d 0h 21m 2s)

